

================================================================
== Vivado HLS Report for 'Conv1DMac_new398'
================================================================
* Date:           Sat May 13 19:59:17 2023

* Version:        2018.2 (Build 2258646 on Thu Jun 14 20:25:20 MDT 2018)
* Project:        S2
* Solution:       solution1
* Product family: zynq
* Target device:  xc7z045ffg900-2


================================================================
== Performance Estimates
================================================================
+ Timing (ns): 
    * Summary: 
    +--------+-------+----------+------------+
    |  Clock | Target| Estimated| Uncertainty|
    +--------+-------+----------+------------+
    |ap_clk  |  10.00|     8.198|        1.25|
    +--------+-------+----------+------------+

+ Latency (clock cycles): 
    * Summary: 
    +---------+---------+---------+---------+---------+
    |      Latency      |      Interval     | Pipeline|
    |   min   |   max   |   min   |   max   |   Type  |
    +---------+---------+---------+---------+---------+
    |  8388613|  8388613|  8388613|  8388613|   none  |
    +---------+---------+---------+---------+---------+

    + Detail: 
        * Instance: 
        N/A

        * Loop: 
        +-----------------------------------------------------+---------+---------+----------+-----------+-----------+---------+----------+
        |                                                     |      Latency      | Iteration|  Initiation Interval  |   Trip  |          |
        |                      Loop Name                      |   min   |   max   |  Latency |  achieved |   target  |  Count  | Pipelined|
        +-----------------------------------------------------+---------+---------+----------+-----------+-----------+---------+----------+
        |- loop_ofmChannels_loop_neuronFold_loop_synapseFold  |  8388611|  8388611|         5|          1|          1|  8388608|    yes   |
        +-----------------------------------------------------+---------+---------+----------+-----------+-----------+---------+----------+



================================================================
== Utilization Estimates
================================================================
* Summary: 
+-----------------+---------+-------+--------+--------+
|       Name      | BRAM_18K| DSP48E|   FF   |   LUT  |
+-----------------+---------+-------+--------+--------+
|DSP              |        -|      -|       -|       -|
|Expression       |        -|      0|       0|     590|
|FIFO             |        -|      -|       -|       -|
|Instance         |        -|      -|       0|     580|
|Memory           |        8|      -|       0|       0|
|Multiplexer      |        -|      -|       -|     147|
|Register         |        0|      -|     376|      96|
+-----------------+---------+-------+--------+--------+
|Total            |        8|      0|     376|    1413|
+-----------------+---------+-------+--------+--------+
|Available        |     1090|    900|  437200|  218600|
+-----------------+---------+-------+--------+--------+
|Utilization (%)  |    ~0   |      0|   ~0   |   ~0   |
+-----------------+---------+-------+--------+--------+

+ Detail: 
    * Instance: 
    +--------------------------+----------------------+---------+-------+---+-----+
    |         Instance         |        Module        | BRAM_18K| DSP48E| FF| LUT |
    +--------------------------+----------------------+---------+-------+---+-----+
    |computeS2_mux_325yd2_U43  |computeS2_mux_325yd2  |        0|      0|  0|  145|
    |computeS2_mux_325yd2_U44  |computeS2_mux_325yd2  |        0|      0|  0|  145|
    |computeS2_mux_325yd2_U45  |computeS2_mux_325yd2  |        0|      0|  0|  145|
    |computeS2_mux_325yd2_U46  |computeS2_mux_325yd2  |        0|      0|  0|  145|
    +--------------------------+----------------------+---------+-------+---+-----+
    |Total                     |                      |        0|      0|  0|  580|
    +--------------------------+----------------------+---------+-------+---+-----+

    * DSP48: 
    N/A

    * Memory: 
    +--------------------------+----------------------+---------+---+----+------+-----+------+-------------+
    |          Memory          |        Module        | BRAM_18K| FF| LUT| Words| Bits| Banks| W*Bits*Banks|
    +--------------------------+----------------------+---------+---+----+------+-----+------+-------------+
    |weights6_m_weights_V_U    |Conv1DMac_new398_udo  |        2|  0|   0|  4096|    6|     1|        24576|
    |weights6_m_weights_V_1_U  |Conv1DMac_new398_vdy  |        2|  0|   0|  4096|    7|     1|        28672|
    |weights6_m_weights_V_2_U  |Conv1DMac_new398_wdI  |        2|  0|   0|  4096|    7|     1|        28672|
    |weights6_m_weights_V_3_U  |Conv1DMac_new398_xdS  |        2|  0|   0|  4096|    7|     1|        28672|
    +--------------------------+----------------------+---------+---+----+------+-----+------+-------------+
    |Total                     |                      |        8|  0|   0| 16384|   27|     4|       110592|
    +--------------------------+----------------------+---------+---+----+------+-----+------+-------------+

    * FIFO: 
    N/A

    * Expression: 
    +----------------------------------+----------+-------+---+----+------------+------------+
    |           Variable Name          | Operation| DSP48E| FF| LUT| Bitwidth P0| Bitwidth P1|
    +----------------------------------+----------+-------+---+----+------------+------------+
    |p_Val2_1_fu_512_p2                |     *    |      0|  0|  41|           7|           8|
    |p_Val2_2_fu_582_p2                |     *    |      0|  0|  41|           7|           8|
    |p_Val2_3_fu_652_p2                |     *    |      0|  0|  41|           7|           8|
    |p_Val2_s_fu_442_p2                |     *    |      0|  0|  41|           6|           8|
    |indvar_flatten_next5_fu_277_p2    |     +    |      0|  0|  31|           1|          24|
    |indvar_flatten_op_fu_409_p2       |     +    |      0|  0|  21|          14|           1|
    |macRegisters_0_V_fu_747_p2        |     +    |      0|  0|   8|           8|           8|
    |macRegisters_1_V_fu_767_p2        |     +    |      0|  0|   8|           8|           8|
    |macRegisters_2_V_fu_786_p2        |     +    |      0|  0|   8|           8|           8|
    |macRegisters_3_V_fu_805_p2        |     +    |      0|  0|   8|           8|           8|
    |nm_1_fu_331_p2                    |     +    |      0|  0|  15|           1|           6|
    |p_Val2_20_1_fu_974_p2             |     +    |      0|  0|  15|           8|           8|
    |p_Val2_20_2_fu_1049_p2            |     +    |      0|  0|  15|           8|           8|
    |p_Val2_20_3_fu_1124_p2            |     +    |      0|  0|  15|           8|           8|
    |p_Val2_7_fu_899_p2                |     +    |      0|  0|  15|           8|           8|
    |sf_1_fu_403_p2                    |     +    |      0|  0|  15|           8|           1|
    |tmp1_fu_741_p2                    |     +    |      0|  0|   8|           8|           8|
    |tmp2_fu_761_p2                    |     +    |      0|  0|   8|           8|           8|
    |tmp3_fu_780_p2                    |     +    |      0|  0|   8|           8|           8|
    |tmp4_fu_799_p2                    |     +    |      0|  0|   8|           8|           8|
    |tmp_70_fu_391_p2                  |     +    |      0|  0|  19|          12|          12|
    |ap_block_state4_pp0_stage0_iter2  |    and   |      0|  0|   2|           1|           1|
    |ap_block_state6_pp0_stage0_iter4  |    and   |      0|  0|   2|           1|           1|
    |qb_assign_1_1_fu_753_p2           |    and   |      0|  0|   2|           1|           1|
    |qb_assign_1_2_fu_772_p2           |    and   |      0|  0|   2|           1|           1|
    |qb_assign_1_3_fu_791_p2           |    and   |      0|  0|   2|           1|           1|
    |qb_assign_1_fu_733_p2             |    and   |      0|  0|   2|           1|           1|
    |tmp_68_mid_fu_325_p2              |    and   |      0|  0|   2|           1|           1|
    |exitcond_flatten5_fu_271_p2       |   icmp   |      0|  0|  18|          24|          25|
    |exitcond_flatten_fu_283_p2        |   icmp   |      0|  0|  13|          14|          13|
    |tmp_203_1_fu_572_p2               |   icmp   |      0|  0|  11|           6|           1|
    |tmp_203_2_fu_642_p2               |   icmp   |      0|  0|  11|           6|           1|
    |tmp_203_3_fu_712_p2               |   icmp   |      0|  0|  11|           6|           1|
    |tmp_291_fu_319_p2                 |   icmp   |      0|  0|  13|           8|           9|
    |tmp_76_fu_502_p2                  |   icmp   |      0|  0|  11|           6|           1|
    |tmp_82_fu_397_p2                  |   icmp   |      0|  0|  11|           8|           7|
    |ap_block_pp0_stage0_01001         |    or    |      0|  0|   2|           1|           1|
    |ap_block_state1                   |    or    |      0|  0|   2|           1|           1|
    |tmp_272_fu_337_p2                 |    or    |      0|  0|   2|           1|           1|
    |tmp_73_fu_478_p2                  |    or    |      0|  0|   2|           1|           1|
    |tmp_79_fu_548_p2                  |    or    |      0|  0|   2|           1|           1|
    |tmp_84_fu_618_p2                  |    or    |      0|  0|   2|           1|           1|
    |tmp_88_fu_688_p2                  |    or    |      0|  0|   2|           1|           1|
    |indvar_flatten_next_fu_415_p3     |  select  |      0|  0|  14|           1|           1|
    |nm_mid2_fu_379_p3                 |  select  |      0|  0|   6|           1|           6|
    |nm_mid_fu_289_p3                  |  select  |      0|  0|   6|           1|           1|
    |nm_t_mid2_fu_371_p3               |  select  |      0|  0|   5|           1|           5|
    |nm_t_mid_fu_305_p3                |  select  |      0|  0|   5|           1|           1|
    |sf_mid2_fu_343_p3                 |  select  |      0|  0|   8|           1|           1|
    |tmp_67_mid2_fu_363_p3             |  select  |      0|  0|  12|           1|          12|
    |tmp_67_mid_fu_297_p3              |  select  |      0|  0|  12|           1|           1|
    |ap_enable_pp0                     |    xor   |      0|  0|   2|           1|           2|
    |ap_enable_reg_pp0_iter1           |    xor   |      0|  0|   2|           2|           1|
    |not_exitcond_flatten_fu_313_p2    |    xor   |      0|  0|   2|           1|           2|
    +----------------------------------+----------+-------+---+----+------------+------------+
    |Total                             |          |      0|  0| 590|         263|         277|
    +----------------------------------+----------+-------+---+----+------------+------------+

    * Multiplexer: 
    +---------------------------+----+-----------+-----+-----------+
    |            Name           | LUT| Input Size| Bits| Total Bits|
    +---------------------------+----+-----------+-----+-----------+
    |ap_NS_fsm                  |  21|          4|    1|          4|
    |ap_done                    |   9|          2|    1|          2|
    |ap_enable_reg_pp0_iter1    |   9|          2|    1|          2|
    |ap_enable_reg_pp0_iter4    |   9|          2|    1|          2|
    |in_V_V_blk_n               |   9|          2|    1|          2|
    |indvar_flatten5_reg_195    |   9|          2|   24|         48|
    |indvar_flatten_reg_206     |   9|          2|   14|         28|
    |macRegisters_0_V_3_fu_114  |   9|          2|    8|         16|
    |macRegisters_1_V_3_fu_118  |   9|          2|    8|         16|
    |macRegisters_2_V_3_fu_122  |   9|          2|    8|         16|
    |macRegisters_3_V_3_fu_126  |   9|          2|    8|         16|
    |nm_reg_217                 |   9|          2|    6|         12|
    |out_V_V_blk_n              |   9|          2|    1|          2|
    |real_start                 |   9|          2|    1|          2|
    |sf_reg_228                 |   9|          2|    8|         16|
    +---------------------------+----+-----------+-----+-----------+
    |Total                      | 147|         32|   91|        184|
    +---------------------------+----+-----------+-----+-----------+

    * Register: 
    +----------------------------+----+----+-----+-----------+
    |            Name            | FF | LUT| Bits| Const Bits|
    +----------------------------+----+----+-----+-----------+
    |ap_CS_fsm                   |   3|   0|    3|          0|
    |ap_done_reg                 |   1|   0|    1|          0|
    |ap_enable_reg_pp0_iter0     |   1|   0|    1|          0|
    |ap_enable_reg_pp0_iter1     |   1|   0|    1|          0|
    |ap_enable_reg_pp0_iter2     |   1|   0|    1|          0|
    |ap_enable_reg_pp0_iter3     |   1|   0|    1|          0|
    |ap_enable_reg_pp0_iter4     |   1|   0|    1|          0|
    |exitcond_flatten5_reg_1167  |   1|   0|    1|          0|
    |indvar_flatten5_reg_195     |  24|   0|   24|          0|
    |indvar_flatten_reg_206      |  14|   0|   14|          0|
    |macRegisters_0_V_3_fu_114   |   8|   0|    8|          0|
    |macRegisters_1_V_3_fu_118   |   8|   0|    8|          0|
    |macRegisters_2_V_3_fu_122   |   8|   0|    8|          0|
    |macRegisters_3_V_3_fu_126   |   8|   0|    8|          0|
    |nm_reg_217                  |   6|   0|    6|          0|
    |nm_t_mid2_reg_1176          |   5|   0|    5|          0|
    |p_Val2_20_1_reg_1293        |   8|   0|    8|          0|
    |p_Val2_20_2_reg_1298        |   8|   0|    8|          0|
    |p_Val2_20_3_reg_1303        |   8|   0|    8|          0|
    |p_Val2_7_reg_1288           |   8|   0|    8|          0|
    |sf_reg_228                  |   8|   0|    8|          0|
    |start_once_reg              |   1|   0|    1|          0|
    |tmp_203_1_reg_1253          |   1|   0|    1|          0|
    |tmp_203_2_reg_1268          |   1|   0|    1|          0|
    |tmp_203_3_reg_1283          |   1|   0|    1|          0|
    |tmp_340_reg_1233            |   1|   0|    1|          0|
    |tmp_343_reg_1248            |   1|   0|    1|          0|
    |tmp_346_reg_1263            |   1|   0|    1|          0|
    |tmp_349_reg_1278            |   1|   0|    1|          0|
    |tmp_70_reg_1189             |  12|   0|   12|          0|
    |tmp_76_reg_1238             |   1|   0|    1|          0|
    |tmp_82_reg_1194             |   1|   0|    1|          0|
    |tmp_92_reg_1243             |   8|   0|    8|          0|
    |tmp_93_reg_1258             |   8|   0|    8|          0|
    |tmp_94_reg_1273             |   8|   0|    8|          0|
    |tmp_s_reg_1228              |   7|   0|    7|          0|
    |exitcond_flatten5_reg_1167  |  64|  32|    1|          0|
    |nm_t_mid2_reg_1176          |  64|  32|    5|          0|
    |tmp_82_reg_1194             |  64|  32|    1|          0|
    +----------------------------+----+----+-----+-----------+
    |Total                       | 376|  96|  191|          0|
    +----------------------------+----+----+-----+-----------+



================================================================
== Interface
================================================================
* Summary: 
+----------------+-----+-----+------------+------------------+--------------+
|    RTL Ports   | Dir | Bits|  Protocol  |   Source Object  |    C Type    |
+----------------+-----+-----+------------+------------------+--------------+
|ap_clk          |  in |    1| ap_ctrl_hs | Conv1DMac_new398 | return value |
|ap_rst          |  in |    1| ap_ctrl_hs | Conv1DMac_new398 | return value |
|ap_start        |  in |    1| ap_ctrl_hs | Conv1DMac_new398 | return value |
|start_full_n    |  in |    1| ap_ctrl_hs | Conv1DMac_new398 | return value |
|ap_done         | out |    1| ap_ctrl_hs | Conv1DMac_new398 | return value |
|ap_continue     |  in |    1| ap_ctrl_hs | Conv1DMac_new398 | return value |
|ap_idle         | out |    1| ap_ctrl_hs | Conv1DMac_new398 | return value |
|ap_ready        | out |    1| ap_ctrl_hs | Conv1DMac_new398 | return value |
|start_out       | out |    1| ap_ctrl_hs | Conv1DMac_new398 | return value |
|start_write     | out |    1| ap_ctrl_hs | Conv1DMac_new398 | return value |
|in_V_V_dout     |  in |    8|   ap_fifo  |      in_V_V      |    pointer   |
|in_V_V_empty_n  |  in |    1|   ap_fifo  |      in_V_V      |    pointer   |
|in_V_V_read     | out |    1|   ap_fifo  |      in_V_V      |    pointer   |
|out_V_V_din     | out |   32|   ap_fifo  |      out_V_V     |    pointer   |
|out_V_V_full_n  |  in |    1|   ap_fifo  |      out_V_V     |    pointer   |
|out_V_V_write   | out |    1|   ap_fifo  |      out_V_V     |    pointer   |
+----------------+-----+-----+------------+------------------+--------------+

