

================================================================
== Vivado HLS Report for 'FCMac'
================================================================
* Date:           Mon May 15 18:27:41 2023

* Version:        2018.2 (Build 2258646 on Thu Jun 14 20:25:20 MDT 2018)
* Project:        FC1
* Solution:       solution1
* Product family: zynq
* Target device:  xc7z045ffg900-2


================================================================
== Performance Estimates
================================================================
+ Timing (ns): 
    * Summary: 
    +--------+-------+----------+------------+
    |  Clock | Target| Estimated| Uncertainty|
    +--------+-------+----------+------------+
    |ap_clk  |  10.00|     8.369|        1.25|
    +--------+-------+----------+------------+

+ Latency (clock cycles): 
    * Summary: 
    +-------+-------+-------+-------+---------+
    |    Latency    |    Interval   | Pipeline|
    |  min  |  max  |  min  |  max  |   Type  |
    +-------+-------+-------+-------+---------+
    |  31355|  31355|  31355|  31355|   none  |
    +-------+-------+-------+-------+---------+

    + Detail: 
        * Instance: 
        N/A

        * Loop: 
        +------------------+-------+-------+----------+-----------+-----------+------+----------+
        |                  |    Latency    | Iteration|  Initiation Interval  | Trip |          |
        |     Loop Name    |  min  |  max  |  Latency |  achieved |   target  | Count| Pipelined|
        +------------------+-------+-------+----------+-----------+-----------+------+----------+
        |- loop_init_ne    |     40|     40|         1|          -|          -|    40|    no    |
        |- loop_dim        |  31232|  31232|       122|          -|          -|   256|    no    |
        | + loop_ne        |    120|    120|         3|          -|          -|    40|    no    |
        |- loop_output_ne  |     80|     80|         2|          -|          -|    40|    no    |
        +------------------+-------+-------+----------+-----------+-----------+------+----------+



================================================================
== Utilization Estimates
================================================================
* Summary: 
+-----------------+---------+-------+--------+--------+
|       Name      | BRAM_18K| DSP48E|   FF   |   LUT  |
+-----------------+---------+-------+--------+--------+
|DSP              |        -|      -|       -|       -|
|Expression       |        -|      0|       0|     204|
|FIFO             |        -|      -|       -|       -|
|Instance         |        -|      -|       0|     273|
|Memory           |        6|      -|      16|       5|
|Multiplexer      |        -|      -|       -|     158|
|Register         |        -|      -|      95|       -|
+-----------------+---------+-------+--------+--------+
|Total            |        6|      0|     111|     640|
+-----------------+---------+-------+--------+--------+
|Available        |     1090|    900|  437200|  218600|
+-----------------+---------+-------+--------+--------+
|Utilization (%)  |    ~0   |      0|   ~0   |   ~0   |
+-----------------+---------+-------+--------+--------+

+ Detail: 
    * Instance: 
    +-----------------------+--------------------+---------+-------+---+-----+
    |        Instance       |       Module       | BRAM_18K| DSP48E| FF| LUT |
    +-----------------------+--------------------+---------+-------+---+-----+
    |FCL1_mux_646_8_1_1_U3  |FCL1_mux_646_8_1_1  |        0|      0|  0|  273|
    +-----------------------+--------------------+---------+-------+---+-----+
    |Total                  |                    |        0|      0|  0|  273|
    +-----------------------+--------------------+---------+-------+---+-----+

    * DSP48: 
    N/A

    * Memory: 
    +-------------------------+----------------------+---------+----+----+-------+-----+------+-------------+
    |          Memory         |        Module        | BRAM_18K| FF | LUT| Words | Bits| Banks| W*Bits*Banks|
    +-------------------------+----------------------+---------+----+----+-------+-----+------+-------------+
    |macRegisters_0_V_U       |FCMac_macRegistercud  |        0|  16|   5|     40|    8|     1|          320|
    |weights27_m_weights_s_U  |FCMac_weights27_mbkb  |        6|   0|   0|  10240|    6|     1|        61440|
    +-------------------------+----------------------+---------+----+----+-------+-----+------+-------------+
    |Total                    |                      |        6|  16|   5|  10280|   14|     2|        61760|
    +-------------------------+----------------------+---------+----+----+-------+-----+------+-------------+

    * FIFO: 
    N/A

    * Expression: 
    +-----------------------+----------+-------+---+----+------------+------------+
    |     Variable Name     | Operation| DSP48E| FF| LUT| Bitwidth P0| Bitwidth P1|
    +-----------------------+----------+-------+---+----+------------+------------+
    |p_Val2_s_fu_491_p2     |     *    |      0|  0|  41|           8|           6|
    |ne_1_fu_286_p2         |     +    |      0|  0|  15|           6|           1|
    |ne_2_fu_587_p2         |     +    |      0|  0|  15|           6|           1|
    |ne_3_fu_458_p2         |     +    |      0|  0|  15|           6|           1|
    |p_Val2_6_fu_574_p2     |     +    |      0|  0|   8|           8|           8|
    |sy_1_fu_442_p2         |     +    |      0|  0|  16|           9|           1|
    |tmp1_fu_568_p2         |     +    |      0|  0|   8|           8|           8|
    |tmp_6_fu_472_p2        |     +    |      0|  0|  21|          14|          14|
    |ap_block_state3        |    and   |      0|  0|   2|           1|           1|
    |qb_assign_1_fu_556_p2  |    and   |      0|  0|   2|           1|           1|
    |tmp_11_fu_550_p2       |   icmp   |      0|  0|  11|           6|           1|
    |tmp_1_fu_581_p2        |   icmp   |      0|  0|  11|           6|           6|
    |tmp_2_fu_452_p2        |   icmp   |      0|  0|  11|           6|           6|
    |tmp_fu_280_p2          |   icmp   |      0|  0|  11|           6|           6|
    |tmp_s_fu_436_p2        |   icmp   |      0|  0|  13|           9|          10|
    |ap_block_state1        |    or    |      0|  0|   2|           1|           1|
    |tmp_17_fu_526_p2       |    or    |      0|  0|   2|           1|           1|
    +-----------------------+----------+-------+---+----+------------+------------+
    |Total                  |          |      0|  0| 204|         102|          73|
    +-----------------------+----------+-------+---+----+------------+------------+

    * Multiplexer: 
    +---------------------------+----+-----------+-----+-----------+
    |            Name           | LUT| Input Size| Bits| Total Bits|
    +---------------------------+----+-----------+-----+-----------+
    |ap_NS_fsm                  |  44|          9|    1|          9|
    |ap_done                    |   9|          2|    1|          2|
    |in_V_V_blk_n               |   9|          2|    1|          2|
    |macRegisters_0_V_address0  |  27|          5|    6|         30|
    |macRegisters_0_V_d0        |  15|          3|    8|         24|
    |ne4_reg_257                |   9|          2|    6|         12|
    |ne6_reg_269                |   9|          2|    6|         12|
    |ne_reg_235                 |   9|          2|    6|         12|
    |out_V_V_blk_n              |   9|          2|    1|          2|
    |real_start                 |   9|          2|    1|          2|
    |sy_reg_246                 |   9|          2|    9|         18|
    +---------------------------+----+-----------+-----+-----------+
    |Total                      | 158|         33|   46|        125|
    +---------------------------+----+-----------+-----+-----------+

    * Register: 
    +-------------------------------+----+----+-----+-----------+
    |              Name             | FF | LUT| Bits| Const Bits|
    +-------------------------------+----+----+-----+-----------+
    |OP1_V_cast_cast_reg_619        |  14|   0|   14|          0|
    |ap_CS_fsm                      |   8|   0|    8|          0|
    |ap_done_reg                    |   1|   0|    1|          0|
    |macRegisters_0_V_ad_1_reg_637  |   6|   0|    6|          0|
    |ne4_reg_257                    |   6|   0|    6|          0|
    |ne6_reg_269                    |   6|   0|    6|          0|
    |ne_2_reg_655                   |   6|   0|    6|          0|
    |ne_3_reg_627                   |   6|   0|    6|          0|
    |ne_reg_235                     |   6|   0|    6|          0|
    |qb_assign_1_reg_647            |   1|   0|    1|          0|
    |start_once_reg                 |   1|   0|    1|          0|
    |sy_1_reg_614                   |   9|   0|    9|          0|
    |sy_cast_reg_606                |   9|   0|   14|          5|
    |sy_reg_246                     |   9|   0|    9|          0|
    |tmp_15_reg_642                 |   7|   0|    7|          0|
    +-------------------------------+----+----+-----+-----------+
    |Total                          |  95|   0|  100|          5|
    +-------------------------------+----+----+-----+-----------+



================================================================
== Interface
================================================================
* Summary: 
+----------------+-----+-----+------------+--------------+--------------+
|    RTL Ports   | Dir | Bits|  Protocol  | Source Object|    C Type    |
+----------------+-----+-----+------------+--------------+--------------+
|ap_clk          |  in |    1| ap_ctrl_hs |     FCMac    | return value |
|ap_rst          |  in |    1| ap_ctrl_hs |     FCMac    | return value |
|ap_start        |  in |    1| ap_ctrl_hs |     FCMac    | return value |
|start_full_n    |  in |    1| ap_ctrl_hs |     FCMac    | return value |
|ap_done         | out |    1| ap_ctrl_hs |     FCMac    | return value |
|ap_continue     |  in |    1| ap_ctrl_hs |     FCMac    | return value |
|ap_idle         | out |    1| ap_ctrl_hs |     FCMac    | return value |
|ap_ready        | out |    1| ap_ctrl_hs |     FCMac    | return value |
|start_out       | out |    1| ap_ctrl_hs |     FCMac    | return value |
|start_write     | out |    1| ap_ctrl_hs |     FCMac    | return value |
|in_V_V_dout     |  in |    8|   ap_fifo  |    in_V_V    |    pointer   |
|in_V_V_empty_n  |  in |    1|   ap_fifo  |    in_V_V    |    pointer   |
|in_V_V_read     | out |    1|   ap_fifo  |    in_V_V    |    pointer   |
|out_V_V_din     | out |    8|   ap_fifo  |    out_V_V   |    pointer   |
|out_V_V_full_n  |  in |    1|   ap_fifo  |    out_V_V   |    pointer   |
|out_V_V_write   | out |    1|   ap_fifo  |    out_V_V   |    pointer   |
+----------------+-----+-----+------------+--------------+--------------+

