

================================================================
== Vivado HLS Report for 'Conv1DBuffer_new415'
================================================================
* Date:           Wed May 10 08:52:01 2023

* Version:        2018.2 (Build 2258646 on Thu Jun 14 20:25:20 MDT 2018)
* Project:        S3
* Solution:       solution1
* Product family: zynq
* Target device:  xc7z045ffg900-2


================================================================
== Performance Estimates
================================================================
+ Timing (ns): 
    * Summary: 
    +--------+-------+----------+------------+
    |  Clock | Target| Estimated| Uncertainty|
    +--------+-------+----------+------------+
    |ap_clk  |  10.00|     7.254|        1.25|
    +--------+-------+----------+------------+

+ Latency (clock cycles): 
    * Summary: 
    +---------+---------+---------+---------+---------+
    |      Latency      |      Interval     | Pipeline|
    |   min   |   max   |   min   |   max   |   Type  |
    +---------+---------+---------+---------+---------+
    |  1048836|  1048836|  1048836|  1048836|   none  |
    +---------+---------+---------+---------+---------+

    + Detail: 
        * Instance: 
        N/A

        * Loop: 
        +----------+---------+---------+----------+-----------+-----------+---------+----------+
        |          |      Latency      | Iteration|  Initiation Interval  |   Trip  |          |
        | Loop Name|   min   |   max   |  Latency |  achieved |   target  |  Count  | Pipelined|
        +----------+---------+---------+----------+-----------+-----------+---------+----------+
        |- Loop 1  |      256|      256|         2|          1|          1|      256|    yes   |
        |- Loop 2  |  1048576|  1048576|         2|          1|          1|  1048576|    yes   |
        +----------+---------+---------+----------+-----------+-----------+---------+----------+



================================================================
== Utilization Estimates
================================================================
* Summary: 
+-----------------+---------+-------+--------+--------+
|       Name      | BRAM_18K| DSP48E|   FF   |   LUT  |
+-----------------+---------+-------+--------+--------+
|DSP              |        -|      -|       -|       -|
|Expression       |        -|      -|       0|     294|
|FIFO             |        -|      -|       -|       -|
|Instance         |        -|      -|       -|       -|
|Memory           |        1|      -|       0|       0|
|Multiplexer      |        -|      -|       -|     177|
|Register         |        -|      -|     100|       -|
+-----------------+---------+-------+--------+--------+
|Total            |        1|      0|     100|     471|
+-----------------+---------+-------+--------+--------+
|Available        |     1090|    900|  437200|  218600|
+-----------------+---------+-------+--------+--------+
|Utilization (%)  |    ~0   |      0|   ~0   |   ~0   |
+-----------------+---------+-------+--------+--------+

+ Detail: 
    * Instance: 
    N/A

    * DSP48: 
    N/A

    * Memory: 
    +----------------+----------------------+---------+---+----+------+-----+------+-------------+
    |     Memory     |        Module        | BRAM_18K| FF| LUT| Words| Bits| Banks| W*Bits*Banks|
    +----------------+----------------------+---------+---+----+------+-----+------+-------------+
    |inputBuf_0_V_U  |Conv1DBuffer_new3tde  |        1|  0|   0|   256|    8|     1|         2048|
    +----------------+----------------------+---------+---+----+------+-----+------+-------------+
    |Total           |                      |        1|  0|   0|   256|    8|     1|         2048|
    +----------------+----------------------+---------+---+----+------+-----+------+-------------+

    * FIFO: 
    N/A

    * Expression: 
    +----------------------------------+----------+-------+---+----+------------+------------+
    |           Variable Name          | Operation| DSP48E| FF| LUT| Bitwidth P0| Bitwidth P1|
    +----------------------------------+----------+-------+---+----+------------+------------+
    |indvar_flatten_next1_fu_219_p2    |     +    |      0|  0|  28|          21|           1|
    |indvar_flatten_op_fu_350_p2       |     +    |      0|  0|  23|          16|           1|
    |nm_3_fu_291_p2                    |     +    |      0|  0|  15|           7|           1|
    |ofm_iter_fu_225_p2                |     +    |      0|  0|  15|           7|           1|
    |ptr_simd_1_fu_184_p2              |     +    |      0|  0|  16|           9|           1|
    |ptr_simd_2_fu_344_p2              |     +    |      0|  0|  16|           9|           1|
    |ap_block_pp0_stage0_11001         |    and   |      0|  0|   2|           1|           1|
    |ap_block_pp1_stage0_01001         |    and   |      0|  0|   2|           1|           1|
    |ap_block_state3_pp0_stage0_iter1  |    and   |      0|  0|   2|           1|           1|
    |or_cond_fu_207_p2                 |    and   |      0|  0|   2|           1|           1|
    |or_cond_mid1_fu_317_p2            |    and   |      0|  0|   2|           1|           1|
    |or_cond_mid_fu_265_p2             |    and   |      0|  0|   2|           1|           1|
    |tmp_289_mid_fu_277_p2             |    and   |      0|  0|   2|           1|           1|
    |exitcond_flatten7_fu_231_p2       |   icmp   |      0|  0|  13|          16|          15|
    |exitcond_flatten_fu_213_p2        |   icmp   |      0|  0|  18|          21|          22|
    |tmp_264_fu_195_p2                 |   icmp   |      0|  0|  11|           7|           6|
    |tmp_265_fu_201_p2                 |   icmp   |      0|  0|  11|           7|           6|
    |tmp_286_mid1_fu_245_p2            |   icmp   |      0|  0|  11|           7|           6|
    |tmp_288_mid1_fu_311_p2            |   icmp   |      0|  0|  11|           7|           6|
    |tmp_891_fu_271_p2                 |   icmp   |      0|  0|  13|           9|          10|
    |tmp_fu_178_p2                     |   icmp   |      0|  0|  13|           9|          10|
    |ap_block_state1                   |    or    |      0|  0|   2|           1|           1|
    |ap_block_state6_pp1_stage0_iter1  |    or    |      0|  0|   2|           1|           1|
    |tmp_871_fu_297_p2                 |    or    |      0|  0|   2|           1|           1|
    |indvar_flatten_next_fu_356_p3     |  select  |      0|  0|  16|           1|           1|
    |nm_mid2_fu_331_p3                 |  select  |      0|  0|   7|           1|           7|
    |nm_mid_fu_237_p3                  |  select  |      0|  0|   7|           1|           1|
    |op1_assign_mid2_fu_283_p3         |  select  |      0|  0|   7|           1|           7|
    |or_cond_mid2_fu_323_p3            |  select  |      0|  0|   2|           1|           1|
    |ptr_simd4_mid2_fu_303_p3          |  select  |      0|  0|   9|           1|           1|
    |tmp_286_mid2_fu_251_p3            |  select  |      0|  0|   2|           1|           1|
    |ap_enable_pp0                     |    xor   |      0|  0|   2|           1|           2|
    |ap_enable_pp1                     |    xor   |      0|  0|   2|           1|           2|
    |ap_enable_reg_pp0_iter1           |    xor   |      0|  0|   2|           2|           1|
    |ap_enable_reg_pp1_iter1           |    xor   |      0|  0|   2|           2|           1|
    |not_exitcond_flatten_fu_259_p2    |    xor   |      0|  0|   2|           1|           2|
    +----------------------------------+----------+-------+---+----+------------+------------+
    |Total                             |          |      0|  0| 294|         176|         124|
    +----------------------------------+----------+-------+---+----+------------+------------+

    * Multiplexer: 
    +-----------------------------------+----+-----------+-----+-----------+
    |                Name               | LUT| Input Size| Bits| Total Bits|
    +-----------------------------------+----+-----------+-----+-----------+
    |ap_NS_fsm                          |  33|          6|    1|          6|
    |ap_done                            |   9|          2|    1|          2|
    |ap_enable_reg_pp0_iter1            |  15|          3|    1|          3|
    |ap_enable_reg_pp1_iter1            |  15|          3|    1|          3|
    |ap_phi_mux_ptr_simd_phi_fu_115_p4  |   9|          2|    9|         18|
    |in_V_V_blk_n                       |   9|          2|    1|          2|
    |indvar_flatten7_reg_123            |   9|          2|   21|         42|
    |indvar_flatten_reg_145             |   9|          2|   16|         32|
    |inputBuf_0_V_address0              |  15|          3|    8|         24|
    |nm_reg_156                         |   9|          2|    7|         14|
    |op1_assign_reg_134                 |   9|          2|    7|         14|
    |out_V_V_blk_n                      |   9|          2|    1|          2|
    |ptr_simd4_reg_167                  |   9|          2|    9|         18|
    |ptr_simd_reg_111                   |   9|          2|    9|         18|
    |real_start                         |   9|          2|    1|          2|
    +-----------------------------------+----+-----------+-----+-----------+
    |Total                              | 177|         37|   93|        200|
    +-----------------------------------+----+-----------+-----+-----------+

    * Register: 
    +-----------------------------+----+----+-----+-----------+
    |             Name            | FF | LUT| Bits| Const Bits|
    +-----------------------------+----+----+-----+-----------+
    |ap_CS_fsm                    |   5|   0|    5|          0|
    |ap_done_reg                  |   1|   0|    1|          0|
    |ap_enable_reg_pp0_iter0      |   1|   0|    1|          0|
    |ap_enable_reg_pp0_iter1      |   1|   0|    1|          0|
    |ap_enable_reg_pp1_iter0      |   1|   0|    1|          0|
    |ap_enable_reg_pp1_iter1      |   1|   0|    1|          0|
    |exitcond_flatten_reg_373     |   1|   0|    1|          0|
    |indvar_flatten7_reg_123      |  21|   0|   21|          0|
    |indvar_flatten_reg_145       |  16|   0|   16|          0|
    |inputBuf_0_V_addr_3_reg_396  |   8|   0|    8|          0|
    |nm_reg_156                   |   7|   0|    7|          0|
    |op1_assign_reg_134           |   7|   0|    7|          0|
    |or_cond_mid2_reg_387         |   1|   0|    1|          0|
    |ptr_simd4_reg_167            |   9|   0|    9|          0|
    |ptr_simd_1_reg_368           |   9|   0|    9|          0|
    |ptr_simd_reg_111             |   9|   0|    9|          0|
    |start_once_reg               |   1|   0|    1|          0|
    |tmp_reg_364                  |   1|   0|    1|          0|
    +-----------------------------+----+----+-----+-----------+
    |Total                        | 100|   0|  100|          0|
    +-----------------------------+----+----+-----+-----------+



================================================================
== Interface
================================================================
* Summary: 
+----------------+-----+-----+------------+---------------------+--------------+
|    RTL Ports   | Dir | Bits|  Protocol  |    Source Object    |    C Type    |
+----------------+-----+-----+------------+---------------------+--------------+
|ap_clk          |  in |    1| ap_ctrl_hs | Conv1DBuffer_new415 | return value |
|ap_rst          |  in |    1| ap_ctrl_hs | Conv1DBuffer_new415 | return value |
|ap_start        |  in |    1| ap_ctrl_hs | Conv1DBuffer_new415 | return value |
|start_full_n    |  in |    1| ap_ctrl_hs | Conv1DBuffer_new415 | return value |
|ap_done         | out |    1| ap_ctrl_hs | Conv1DBuffer_new415 | return value |
|ap_continue     |  in |    1| ap_ctrl_hs | Conv1DBuffer_new415 | return value |
|ap_idle         | out |    1| ap_ctrl_hs | Conv1DBuffer_new415 | return value |
|ap_ready        | out |    1| ap_ctrl_hs | Conv1DBuffer_new415 | return value |
|start_out       | out |    1| ap_ctrl_hs | Conv1DBuffer_new415 | return value |
|start_write     | out |    1| ap_ctrl_hs | Conv1DBuffer_new415 | return value |
|in_V_V_dout     |  in |    8|   ap_fifo  |        in_V_V       |    pointer   |
|in_V_V_empty_n  |  in |    1|   ap_fifo  |        in_V_V       |    pointer   |
|in_V_V_read     | out |    1|   ap_fifo  |        in_V_V       |    pointer   |
|out_V_V_din     | out |    8|   ap_fifo  |       out_V_V       |    pointer   |
|out_V_V_full_n  |  in |    1|   ap_fifo  |       out_V_V       |    pointer   |
|out_V_V_write   | out |    1|   ap_fifo  |       out_V_V       |    pointer   |
+----------------+-----+-----+------------+---------------------+--------------+

============================================================
+ Verbose Summary: Synthesis Manager
============================================================
InlineROM: 1
ExposeGlobal: 0
============================================================
+ Verbose Summary: CDFG Model
============================================================
IsTopModel: 0
ResetActiveHigh: 1
IsCombinational: 2
IsDatapathOnly: 0
HasWiredReturn: 1
HasMFsm: 0
HasVarLatency: 1
IsPipeline: 0
IsRtlPipelined: 0
IsInstanceOverlapped: 0
IsDontTouch: 0
HasImplIP: 0
IsGatedGlobalClock: 0

+ Individual pipeline summary: 
  * Pipeline-0: initiation interval (II) = 1, depth = 2
  * Pipeline-1: initiation interval (II) = 1, depth = 2


============================================================
+ Verbose Summary: Schedule
============================================================
* Number of FSM states : 7
* Pipeline : 2
  Pipeline-0 : II = 1, D = 2, States = { 2 3 }
  Pipeline-1 : II = 1, D = 2, States = { 5 6 }
* Dataflow Pipeline: 0

* FSM state transitions: 
1 --> 
	2  / true
2 --> 
	4  / (tmp)
	3  / (!tmp)
3 --> 
	2  / true
4 --> 
	5  / true
5 --> 
	7  / (exitcond_flatten)
	6  / (!exitcond_flatten)
6 --> 
	5  / true
7 --> 

* FSM state operations: 

State 1 <SV = 0> <Delay = 2.77>
ST_1 : Operation 8 [1/1] (0.00ns)   --->   "call void (...)* @_ssdm_op_SpecInterface(i8* %out_V_V, [8 x i8]* @ap_fifo_str, i32 0, i32 0, [1 x i8]* @p_str, i32 0, i32 0, [1 x i8]* @p_str, [1 x i8]* @p_str, [1 x i8]* @p_str, i32 2, i32 2, i32 16, i32 16, [1 x i8]* @p_str, [1 x i8]* @p_str)"   --->   Operation 8 'specinterface' <Predicate = true> <Delay = 0.00>
ST_1 : Operation 9 [1/1] (0.00ns)   --->   "call void (...)* @_ssdm_op_SpecInterface(i8* %in_V_V, [8 x i8]* @ap_fifo_str, i32 0, i32 0, [1 x i8]* @p_str, i32 0, i32 0, [1 x i8]* @p_str, [1 x i8]* @p_str, [1 x i8]* @p_str, i32 2, i32 2, i32 16, i32 16, [1 x i8]* @p_str, [1 x i8]* @p_str)"   --->   Operation 9 'specinterface' <Predicate = true> <Delay = 0.00>
ST_1 : Operation 10 [1/1] (2.77ns)   --->   "%inputBuf_0_V = alloca [256 x i8], align 1" [S3/conv1d.h:231]   --->   Operation 10 'alloca' 'inputBuf_0_V' <Predicate = true> <Delay = 2.77> <Core = "RAM">   --->   Core 37 'RAM' <Latency = 1> <II = 1> <Delay = 2.77> <Storage> <Opcode : 'load' 'store'> <Ports = 2> <Width = 8> <Depth = 256> <RAM>
ST_1 : Operation 11 [1/1] (1.30ns)   --->   "br label %.preheader89" [S3/conv1d.h:235]   --->   Operation 11 'br' <Predicate = true> <Delay = 1.30>

State 2 <SV = 1> <Delay = 1.70>
ST_2 : Operation 12 [1/1] (0.00ns)   --->   "%ptr_simd = phi i9 [ %ptr_simd_1, %0 ], [ 0, %.preheader90.preheader ]"   --->   Operation 12 'phi' 'ptr_simd' <Predicate = true> <Delay = 0.00>
ST_2 : Operation 13 [1/1] (1.36ns)   --->   "%tmp = icmp eq i9 %ptr_simd, -256" [S3/conv1d.h:235]   --->   Operation 13 'icmp' 'tmp' <Predicate = true> <Delay = 1.36> <Core = "Cmp">   --->   Core 25 'Cmp' <Latency = 0> <II = 1> <Delay = 1.44> <FuncUnit> <Opcode : 'icmp'> <InPorts = 2> <OutPorts = 1>
ST_2 : Operation 14 [1/1] (0.00ns)   --->   "%empty = call i32 (...)* @_ssdm_op_SpecLoopTripCount(i64 256, i64 256, i64 256)"   --->   Operation 14 'speclooptripcount' 'empty' <Predicate = true> <Delay = 0.00>
ST_2 : Operation 15 [1/1] (1.70ns)   --->   "%ptr_simd_1 = add i9 %ptr_simd, 1" [S3/conv1d.h:235]   --->   Operation 15 'add' 'ptr_simd_1' <Predicate = true> <Delay = 1.70> <Core = "AddSub">   --->   Core 14 'AddSub' <Latency = 0> <II = 1> <Delay = 1.70> <FuncUnit> <Opcode : 'add' 'sub'> <InPorts = 2> <OutPorts = 1>
ST_2 : Operation 16 [1/1] (0.00ns)   --->   "br i1 %tmp, label %.preheader86.preheader, label %0" [S3/conv1d.h:235]   --->   Operation 16 'br' <Predicate = true> <Delay = 0.00>

State 3 <SV = 2> <Delay = 6.17>
ST_3 : Operation 17 [1/1] (0.00ns)   --->   "%tmp_263 = call i32 (...)* @_ssdm_op_SpecRegionBegin([13 x i8]* @p_str2281)" [S3/conv1d.h:235]   --->   Operation 17 'specregionbegin' 'tmp_263' <Predicate = (!tmp)> <Delay = 0.00>
ST_3 : Operation 18 [1/1] (0.00ns)   --->   "call void (...)* @_ssdm_op_SpecPipeline(i32 1, i32 1, i32 1, i32 0, [1 x i8]* @p_str1) nounwind" [S3/conv1d.h:236]   --->   Operation 18 'specpipeline' <Predicate = (!tmp)> <Delay = 0.00>
ST_3 : Operation 19 [1/1] (0.00ns)   --->   "%tmp_s = zext i9 %ptr_simd to i64" [S3/conv1d.h:238]   --->   Operation 19 'zext' 'tmp_s' <Predicate = (!tmp)> <Delay = 0.00>
ST_3 : Operation 20 [1/1] (3.40ns)   --->   "%tmp_V = call i8 @_ssdm_op_Read.ap_fifo.volatile.i8P(i8* %in_V_V)" [S3/conv1d.h:238]   --->   Operation 20 'read' 'tmp_V' <Predicate = (!tmp)> <Delay = 3.40> <Core = "FIFO">   --->   Core 32 'FIFO' <Latency = 0> <II = 1> <Delay = 3.31> <Storage> <Opcode : 'read' 'write' 'nbread' 'nbwrite'> <Ports = 0> <Width = 32> <Depth = 256> <FIFO>
ST_3 : Operation 21 [1/1] (0.00ns)   --->   "%inputBuf_0_V_addr = getelementptr [256 x i8]* %inputBuf_0_V, i64 0, i64 %tmp_s" [S3/conv1d.h:238]   --->   Operation 21 'getelementptr' 'inputBuf_0_V_addr' <Predicate = (!tmp)> <Delay = 0.00>
ST_3 : Operation 22 [1/1] (2.77ns)   --->   "store i8 %tmp_V, i8* %inputBuf_0_V_addr, align 1" [S3/conv1d.h:238]   --->   Operation 22 'store' <Predicate = (!tmp)> <Delay = 2.77> <Core = "RAM">   --->   Core 37 'RAM' <Latency = 1> <II = 1> <Delay = 2.77> <Storage> <Opcode : 'load' 'store'> <Ports = 2> <Width = 8> <Depth = 256> <RAM>
ST_3 : Operation 23 [1/1] (0.00ns)   --->   "%empty_196 = call i32 (...)* @_ssdm_op_SpecRegionEnd([13 x i8]* @p_str2281, i32 %tmp_263)" [S3/conv1d.h:239]   --->   Operation 23 'specregionend' 'empty_196' <Predicate = (!tmp)> <Delay = 0.00>
ST_3 : Operation 24 [1/1] (0.00ns)   --->   "br label %.preheader89" [S3/conv1d.h:235]   --->   Operation 24 'br' <Predicate = (!tmp)> <Delay = 0.00>

State 4 <SV = 2> <Delay = 1.30>
ST_4 : Operation 25 [1/1] (1.30ns)   --->   "br label %.preheader86" [S3/conv1d.h:254]   --->   Operation 25 'br' <Predicate = true> <Delay = 1.30>

State 5 <SV = 3> <Delay = 7.25>
ST_5 : Operation 26 [1/1] (0.00ns)   --->   "%indvar_flatten7 = phi i21 [ %indvar_flatten_next1, %._crit_edge ], [ 0, %.preheader86.preheader ]"   --->   Operation 26 'phi' 'indvar_flatten7' <Predicate = true> <Delay = 0.00>
ST_5 : Operation 27 [1/1] (0.00ns)   --->   "%op1_assign = phi i7 [ %op1_assign_mid2, %._crit_edge ], [ 0, %.preheader86.preheader ]" [S3/conv1d.h:243]   --->   Operation 27 'phi' 'op1_assign' <Predicate = true> <Delay = 0.00>
ST_5 : Operation 28 [1/1] (0.00ns)   --->   "%indvar_flatten = phi i16 [ %indvar_flatten_next, %._crit_edge ], [ 0, %.preheader86.preheader ]"   --->   Operation 28 'phi' 'indvar_flatten' <Predicate = true> <Delay = 0.00>
ST_5 : Operation 29 [1/1] (0.00ns)   --->   "%nm = phi i7 [ %nm_mid2, %._crit_edge ], [ 0, %.preheader86.preheader ]" [S3/conv1d.h:245]   --->   Operation 29 'phi' 'nm' <Predicate = true> <Delay = 0.00>
ST_5 : Operation 30 [1/1] (0.00ns)   --->   "%ptr_simd4 = phi i9 [ %ptr_simd_2, %._crit_edge ], [ 0, %.preheader86.preheader ]"   --->   Operation 30 'phi' 'ptr_simd4' <Predicate = true> <Delay = 0.00>
ST_5 : Operation 31 [1/1] (1.23ns)   --->   "%tmp_264 = icmp ult i7 %op1_assign, 63" [S3/conv1d.h:254]   --->   Operation 31 'icmp' 'tmp_264' <Predicate = true> <Delay = 1.23> <Core = "Cmp">   --->   Core 25 'Cmp' <Latency = 0> <II = 1> <Delay = 1.44> <FuncUnit> <Opcode : 'icmp'> <InPorts = 2> <OutPorts = 1>
ST_5 : Operation 32 [1/1] (1.23ns)   --->   "%tmp_265 = icmp eq i7 %nm, 63" [S3/conv1d.h:254]   --->   Operation 32 'icmp' 'tmp_265' <Predicate = true> <Delay = 1.23> <Core = "Cmp">   --->   Core 25 'Cmp' <Latency = 0> <II = 1> <Delay = 1.44> <FuncUnit> <Opcode : 'icmp'> <InPorts = 2> <OutPorts = 1>
ST_5 : Operation 33 [1/1] (0.80ns)   --->   "%or_cond = and i1 %tmp_264, %tmp_265" [S3/conv1d.h:254]   --->   Operation 33 'and' 'or_cond' <Predicate = true> <Delay = 0.80> <Core = "LogicGate">   --->   Core 27 'LogicGate' <Latency = 0> <II = 1> <Delay = 0.80> <FuncUnit> <Opcode : 'and' 'or' 'xor'> <InPorts = 2> <OutPorts = 1>
ST_5 : Operation 34 [1/1] (1.99ns)   --->   "%exitcond_flatten = icmp eq i21 %indvar_flatten7, -1048576"   --->   Operation 34 'icmp' 'exitcond_flatten' <Predicate = true> <Delay = 1.99> <Core = "Cmp">   --->   Core 25 'Cmp' <Latency = 0> <II = 1> <Delay = 1.44> <FuncUnit> <Opcode : 'icmp'> <InPorts = 2> <OutPorts = 1>
ST_5 : Operation 35 [1/1] (1.88ns)   --->   "%indvar_flatten_next1 = add i21 %indvar_flatten7, 1"   --->   Operation 35 'add' 'indvar_flatten_next1' <Predicate = true> <Delay = 1.88> <Core = "AddSub">   --->   Core 14 'AddSub' <Latency = 0> <II = 1> <Delay = 1.70> <FuncUnit> <Opcode : 'add' 'sub'> <InPorts = 2> <OutPorts = 1>
ST_5 : Operation 36 [1/1] (0.00ns)   --->   "br i1 %exitcond_flatten, label %2, label %_ZcmILi2ELb0EE11ap_int_baseIXplT_Li32EELb0EXleplT_Li32ELi64EEEjRKS0_IXT_EXT0_EXleT_Li64EEE.exit"   --->   Operation 36 'br' <Predicate = true> <Delay = 0.00>
ST_5 : Operation 37 [1/1] (1.65ns)   --->   "%ofm_iter = add i7 %op1_assign, 1" [S3/conv1d.h:243]   --->   Operation 37 'add' 'ofm_iter' <Predicate = (!exitcond_flatten)> <Delay = 1.65> <Core = "AddSub">   --->   Core 14 'AddSub' <Latency = 0> <II = 1> <Delay = 1.70> <FuncUnit> <Opcode : 'add' 'sub'> <InPorts = 2> <OutPorts = 1>
ST_5 : Operation 38 [1/1] (1.93ns)   --->   "%exitcond_flatten7 = icmp eq i16 %indvar_flatten, 16384"   --->   Operation 38 'icmp' 'exitcond_flatten7' <Predicate = (!exitcond_flatten)> <Delay = 1.93> <Core = "Cmp">   --->   Core 25 'Cmp' <Latency = 0> <II = 1> <Delay = 1.44> <FuncUnit> <Opcode : 'icmp'> <InPorts = 2> <OutPorts = 1>
ST_5 : Operation 39 [1/1] (0.80ns)   --->   "%nm_mid = select i1 %exitcond_flatten7, i7 0, i7 %nm" [S3/conv1d.h:245]   --->   Operation 39 'select' 'nm_mid' <Predicate = (!exitcond_flatten)> <Delay = 0.80> <Core = "Sel">   --->   Core 26 'Sel' <Latency = 0> <II = 1> <Delay = 0.81> <FuncUnit> <Opcode : 'select'> <InPorts = 3> <OutPorts = 1>
ST_5 : Operation 40 [1/1] (1.23ns)   --->   "%tmp_286_mid1 = icmp ult i7 %ofm_iter, 63" [S3/conv1d.h:254]   --->   Operation 40 'icmp' 'tmp_286_mid1' <Predicate = (!exitcond_flatten)> <Delay = 1.23> <Core = "Cmp">   --->   Core 25 'Cmp' <Latency = 0> <II = 1> <Delay = 1.44> <FuncUnit> <Opcode : 'icmp'> <InPorts = 2> <OutPorts = 1>
ST_5 : Operation 41 [1/1] (0.00ns) (grouped into LUT with out node or_cond_mid1)   --->   "%tmp_286_mid2 = select i1 %exitcond_flatten7, i1 %tmp_286_mid1, i1 %tmp_264" [S3/conv1d.h:254]   --->   Operation 41 'select' 'tmp_286_mid2' <Predicate = (!exitcond_flatten)> <Delay = 0.00> <Core = "Sel">   --->   Core 26 'Sel' <Latency = 0> <II = 1> <Delay = 0.81> <FuncUnit> <Opcode : 'select'> <InPorts = 3> <OutPorts = 1>
ST_5 : Operation 42 [1/1] (0.80ns)   --->   "%not_exitcond_flatten = xor i1 %exitcond_flatten7, true" [S3/conv1d.h:254]   --->   Operation 42 'xor' 'not_exitcond_flatten' <Predicate = (!exitcond_flatten)> <Delay = 0.80> <Core = "LogicGate">   --->   Core 27 'LogicGate' <Latency = 0> <II = 1> <Delay = 0.80> <FuncUnit> <Opcode : 'and' 'or' 'xor'> <InPorts = 2> <OutPorts = 1>
ST_5 : Operation 43 [1/1] (0.00ns) (grouped into LUT with out node or_cond_mid2)   --->   "%or_cond_mid = and i1 %or_cond, %not_exitcond_flatten" [S3/conv1d.h:254]   --->   Operation 43 'and' 'or_cond_mid' <Predicate = (!exitcond_flatten)> <Delay = 0.00> <Core = "LogicGate">   --->   Core 27 'LogicGate' <Latency = 0> <II = 1> <Delay = 0.80> <FuncUnit> <Opcode : 'and' 'or' 'xor'> <InPorts = 2> <OutPorts = 1>
ST_5 : Operation 44 [1/1] (1.36ns)   --->   "%tmp_891 = icmp eq i9 %ptr_simd4, -256" [S3/conv1d.h:245]   --->   Operation 44 'icmp' 'tmp_891' <Predicate = (!exitcond_flatten)> <Delay = 1.36> <Core = "Cmp">   --->   Core 25 'Cmp' <Latency = 0> <II = 1> <Delay = 1.44> <FuncUnit> <Opcode : 'icmp'> <InPorts = 2> <OutPorts = 1>
ST_5 : Operation 45 [1/1] (0.80ns)   --->   "%tmp_289_mid = and i1 %tmp_891, %not_exitcond_flatten" [S3/conv1d.h:245]   --->   Operation 45 'and' 'tmp_289_mid' <Predicate = (!exitcond_flatten)> <Delay = 0.80> <Core = "LogicGate">   --->   Core 27 'LogicGate' <Latency = 0> <II = 1> <Delay = 0.80> <FuncUnit> <Opcode : 'and' 'or' 'xor'> <InPorts = 2> <OutPorts = 1>
ST_5 : Operation 46 [1/1] (0.80ns)   --->   "%op1_assign_mid2 = select i1 %exitcond_flatten7, i7 %ofm_iter, i7 %op1_assign" [S3/conv1d.h:243]   --->   Operation 46 'select' 'op1_assign_mid2' <Predicate = (!exitcond_flatten)> <Delay = 0.80> <Core = "Sel">   --->   Core 26 'Sel' <Latency = 0> <II = 1> <Delay = 0.81> <FuncUnit> <Opcode : 'select'> <InPorts = 3> <OutPorts = 1>
ST_5 : Operation 47 [1/1] (1.65ns)   --->   "%nm_3 = add i7 %nm_mid, 1" [S3/conv1d.h:244]   --->   Operation 47 'add' 'nm_3' <Predicate = (!exitcond_flatten)> <Delay = 1.65> <Core = "AddSub">   --->   Core 14 'AddSub' <Latency = 0> <II = 1> <Delay = 1.70> <FuncUnit> <Opcode : 'add' 'sub'> <InPorts = 2> <OutPorts = 1>
ST_5 : Operation 48 [1/1] (0.00ns) (grouped into LUT with out node ptr_simd4_mid2)   --->   "%tmp_871 = or i1 %tmp_289_mid, %exitcond_flatten7" [S3/conv1d.h:245]   --->   Operation 48 'or' 'tmp_871' <Predicate = (!exitcond_flatten)> <Delay = 0.00> <Core = "LogicGate">   --->   Core 27 'LogicGate' <Latency = 0> <II = 1> <Delay = 0.80> <FuncUnit> <Opcode : 'and' 'or' 'xor'> <InPorts = 2> <OutPorts = 1>
ST_5 : Operation 49 [1/1] (0.80ns) (out node of the LUT)   --->   "%ptr_simd4_mid2 = select i1 %tmp_871, i9 0, i9 %ptr_simd4" [S3/conv1d.h:245]   --->   Operation 49 'select' 'ptr_simd4_mid2' <Predicate = (!exitcond_flatten)> <Delay = 0.80> <Core = "Sel">   --->   Core 26 'Sel' <Latency = 0> <II = 1> <Delay = 0.81> <FuncUnit> <Opcode : 'select'> <InPorts = 3> <OutPorts = 1>
ST_5 : Operation 50 [1/1] (1.23ns)   --->   "%tmp_288_mid1 = icmp eq i7 %nm_3, 63" [S3/conv1d.h:254]   --->   Operation 50 'icmp' 'tmp_288_mid1' <Predicate = (!exitcond_flatten)> <Delay = 1.23> <Core = "Cmp">   --->   Core 25 'Cmp' <Latency = 0> <II = 1> <Delay = 1.44> <FuncUnit> <Opcode : 'icmp'> <InPorts = 2> <OutPorts = 1>
ST_5 : Operation 51 [1/1] (0.81ns) (out node of the LUT)   --->   "%or_cond_mid1 = and i1 %tmp_286_mid2, %tmp_288_mid1" [S3/conv1d.h:254]   --->   Operation 51 'and' 'or_cond_mid1' <Predicate = (!exitcond_flatten)> <Delay = 0.81> <Core = "LogicGate">   --->   Core 27 'LogicGate' <Latency = 0> <II = 1> <Delay = 0.80> <FuncUnit> <Opcode : 'and' 'or' 'xor'> <InPorts = 2> <OutPorts = 1>
ST_5 : Operation 52 [1/1] (0.81ns) (out node of the LUT)   --->   "%or_cond_mid2 = select i1 %tmp_289_mid, i1 %or_cond_mid1, i1 %or_cond_mid" [S3/conv1d.h:254]   --->   Operation 52 'select' 'or_cond_mid2' <Predicate = (!exitcond_flatten)> <Delay = 0.81> <Core = "Sel">   --->   Core 26 'Sel' <Latency = 0> <II = 1> <Delay = 0.81> <FuncUnit> <Opcode : 'select'> <InPorts = 3> <OutPorts = 1>
ST_5 : Operation 53 [1/1] (0.80ns)   --->   "%nm_mid2 = select i1 %tmp_289_mid, i7 %nm_3, i7 %nm_mid" [S3/conv1d.h:245]   --->   Operation 53 'select' 'nm_mid2' <Predicate = (!exitcond_flatten)> <Delay = 0.80> <Core = "Sel">   --->   Core 26 'Sel' <Latency = 0> <II = 1> <Delay = 0.81> <FuncUnit> <Opcode : 'select'> <InPorts = 3> <OutPorts = 1>
ST_5 : Operation 54 [1/1] (0.00ns)   --->   "%tmp_267 = zext i9 %ptr_simd4_mid2 to i64" [S3/conv1d.h:252]   --->   Operation 54 'zext' 'tmp_267' <Predicate = (!exitcond_flatten)> <Delay = 0.00>
ST_5 : Operation 55 [1/1] (0.00ns)   --->   "%inputBuf_0_V_addr_3 = getelementptr [256 x i8]* %inputBuf_0_V, i64 0, i64 %tmp_267" [S3/conv1d.h:252]   --->   Operation 55 'getelementptr' 'inputBuf_0_V_addr_3' <Predicate = (!exitcond_flatten)> <Delay = 0.00>
ST_5 : Operation 56 [2/2] (2.77ns)   --->   "%tmp_V_421 = load i8* %inputBuf_0_V_addr_3, align 1" [S3/conv1d.h:252]   --->   Operation 56 'load' 'tmp_V_421' <Predicate = (!exitcond_flatten)> <Delay = 2.77> <Core = "RAM">   --->   Core 37 'RAM' <Latency = 1> <II = 1> <Delay = 2.77> <Storage> <Opcode : 'load' 'store'> <Ports = 2> <Width = 8> <Depth = 256> <RAM>
ST_5 : Operation 57 [1/1] (0.00ns)   --->   "br i1 %or_cond_mid2, label %1, label %._crit_edge" [S3/conv1d.h:254]   --->   Operation 57 'br' <Predicate = (!exitcond_flatten)> <Delay = 0.00>
ST_5 : Operation 58 [1/1] (1.70ns)   --->   "%ptr_simd_2 = add i9 %ptr_simd4_mid2, 1" [S3/conv1d.h:245]   --->   Operation 58 'add' 'ptr_simd_2' <Predicate = (!exitcond_flatten)> <Delay = 1.70> <Core = "AddSub">   --->   Core 14 'AddSub' <Latency = 0> <II = 1> <Delay = 1.70> <FuncUnit> <Opcode : 'add' 'sub'> <InPorts = 2> <OutPorts = 1>
ST_5 : Operation 59 [1/1] (1.72ns)   --->   "%indvar_flatten_op = add i16 %indvar_flatten, 1"   --->   Operation 59 'add' 'indvar_flatten_op' <Predicate = (!exitcond_flatten)> <Delay = 1.72> <Core = "AddSub">   --->   Core 14 'AddSub' <Latency = 0> <II = 1> <Delay = 1.70> <FuncUnit> <Opcode : 'add' 'sub'> <InPorts = 2> <OutPorts = 1>
ST_5 : Operation 60 [1/1] (0.62ns)   --->   "%indvar_flatten_next = select i1 %exitcond_flatten7, i16 1, i16 %indvar_flatten_op"   --->   Operation 60 'select' 'indvar_flatten_next' <Predicate = (!exitcond_flatten)> <Delay = 0.62> <Core = "Sel">   --->   Core 26 'Sel' <Latency = 0> <II = 1> <Delay = 0.81> <FuncUnit> <Opcode : 'select'> <InPorts = 3> <OutPorts = 1>

State 6 <SV = 4> <Delay = 6.17>
ST_6 : Operation 61 [1/1] (0.00ns)   --->   "%tmp_268 = call i32 (...)* @_ssdm_op_SpecRegionBegin([13 x i8]* @p_str2282)" [S3/conv1d.h:246]   --->   Operation 61 'specregionbegin' 'tmp_268' <Predicate = (!exitcond_flatten)> <Delay = 0.00>
ST_6 : Operation 62 [1/1] (0.00ns)   --->   "call void (...)* @_ssdm_op_SpecPipeline(i32 1, i32 1, i32 1, i32 0, [1 x i8]* @p_str1) nounwind" [S3/conv1d.h:247]   --->   Operation 62 'specpipeline' <Predicate = (!exitcond_flatten)> <Delay = 0.00>
ST_6 : Operation 63 [1/2] (2.77ns)   --->   "%tmp_V_421 = load i8* %inputBuf_0_V_addr_3, align 1" [S3/conv1d.h:252]   --->   Operation 63 'load' 'tmp_V_421' <Predicate = (!exitcond_flatten)> <Delay = 2.77> <Core = "RAM">   --->   Core 37 'RAM' <Latency = 1> <II = 1> <Delay = 2.77> <Storage> <Opcode : 'load' 'store'> <Ports = 2> <Width = 8> <Depth = 256> <RAM>
ST_6 : Operation 64 [1/1] (3.40ns)   --->   "call void @_ssdm_op_Write.ap_fifo.volatile.i8P(i8* %out_V_V, i8 %tmp_V_421)" [S3/conv1d.h:252]   --->   Operation 64 'write' <Predicate = (!exitcond_flatten)> <Delay = 3.40> <Core = "FIFO">   --->   Core 32 'FIFO' <Latency = 0> <II = 1> <Delay = 3.31> <Storage> <Opcode : 'read' 'write' 'nbread' 'nbwrite'> <Ports = 0> <Width = 32> <Depth = 256> <FIFO>
ST_6 : Operation 65 [1/1] (3.40ns)   --->   "%tmp_V_422 = call i8 @_ssdm_op_Read.ap_fifo.volatile.i8P(i8* %in_V_V)" [S3/conv1d.h:257]   --->   Operation 65 'read' 'tmp_V_422' <Predicate = (or_cond_mid2)> <Delay = 3.40> <Core = "FIFO">   --->   Core 32 'FIFO' <Latency = 0> <II = 1> <Delay = 3.31> <Storage> <Opcode : 'read' 'write' 'nbread' 'nbwrite'> <Ports = 0> <Width = 32> <Depth = 256> <FIFO>
ST_6 : Operation 66 [1/1] (2.77ns)   --->   "store i8 %tmp_V_422, i8* %inputBuf_0_V_addr_3, align 1" [S3/conv1d.h:257]   --->   Operation 66 'store' <Predicate = (or_cond_mid2)> <Delay = 2.77> <Core = "RAM">   --->   Core 37 'RAM' <Latency = 1> <II = 1> <Delay = 2.77> <Storage> <Opcode : 'load' 'store'> <Ports = 2> <Width = 8> <Depth = 256> <RAM>
ST_6 : Operation 67 [1/1] (0.00ns)   --->   "br label %._crit_edge" [S3/conv1d.h:258]   --->   Operation 67 'br' <Predicate = (or_cond_mid2)> <Delay = 0.00>
ST_6 : Operation 68 [1/1] (0.00ns)   --->   "%empty_197 = call i32 (...)* @_ssdm_op_SpecRegionEnd([13 x i8]* @p_str2282, i32 %tmp_268)" [S3/conv1d.h:259]   --->   Operation 68 'specregionend' 'empty_197' <Predicate = (!exitcond_flatten)> <Delay = 0.00>
ST_6 : Operation 69 [1/1] (0.00ns)   --->   "br label %.preheader86" [S3/conv1d.h:245]   --->   Operation 69 'br' <Predicate = (!exitcond_flatten)> <Delay = 0.00>

State 7 <SV = 4> <Delay = 0.00>
ST_7 : Operation 70 [1/1] (0.00ns)   --->   "ret void" [S3/conv1d.h:263]   --->   Operation 70 'ret' <Predicate = true> <Delay = 0.00>


============================================================
+ Verbose Summary: Binding
============================================================
STG Binding: 
---------------- STG Properties BEGIN ----------------
- Is combinational: 0
- Is one-state seq: 0
- Is datapath-only: 0
- Is pipelined: 0
- Is top level: 0
Port [ Return ] is wired: 1; IO mode=ap_ctrl_hs:ce=0
Port [ in_V_V]:  wired=1; compound=1; hidden=0; nouse=0; global=0; static=0; extern=0; dir=0; type=3; pingpong=0; private_global=0; IO mode=ap_fifo:ce=0
Port [ out_V_V]:  wired=1; compound=1; hidden=0; nouse=0; global=0; static=0; extern=0; dir=1; type=3; pingpong=0; private_global=0; IO mode=ap_fifo:ce=0
---------------- STG Properties END ------------------

---------------- Datapath Model BEGIN ----------------

<LifeTime>
<method=bitvector/>
StgValue_8           (specinterface    ) [ 00000000]
StgValue_9           (specinterface    ) [ 00000000]
inputBuf_0_V         (alloca           ) [ 00111110]
StgValue_11          (br               ) [ 01110000]
ptr_simd             (phi              ) [ 00110000]
tmp                  (icmp             ) [ 00110000]
empty                (speclooptripcount) [ 00000000]
ptr_simd_1           (add              ) [ 01110000]
StgValue_16          (br               ) [ 00000000]
tmp_263              (specregionbegin  ) [ 00000000]
StgValue_18          (specpipeline     ) [ 00000000]
tmp_s                (zext             ) [ 00000000]
tmp_V                (read             ) [ 00000000]
inputBuf_0_V_addr    (getelementptr    ) [ 00000000]
StgValue_22          (store            ) [ 00000000]
empty_196            (specregionend    ) [ 00000000]
StgValue_24          (br               ) [ 01110000]
StgValue_25          (br               ) [ 00001110]
indvar_flatten7      (phi              ) [ 00000100]
op1_assign           (phi              ) [ 00000100]
indvar_flatten       (phi              ) [ 00000100]
nm                   (phi              ) [ 00000100]
ptr_simd4            (phi              ) [ 00000100]
tmp_264              (icmp             ) [ 00000000]
tmp_265              (icmp             ) [ 00000000]
or_cond              (and              ) [ 00000000]
exitcond_flatten     (icmp             ) [ 00000110]
indvar_flatten_next1 (add              ) [ 00001110]
StgValue_36          (br               ) [ 00000000]
ofm_iter             (add              ) [ 00000000]
exitcond_flatten7    (icmp             ) [ 00000000]
nm_mid               (select           ) [ 00000000]
tmp_286_mid1         (icmp             ) [ 00000000]
tmp_286_mid2         (select           ) [ 00000000]
not_exitcond_flatten (xor              ) [ 00000000]
or_cond_mid          (and              ) [ 00000000]
tmp_891              (icmp             ) [ 00000000]
tmp_289_mid          (and              ) [ 00000000]
op1_assign_mid2      (select           ) [ 00001110]
nm_3                 (add              ) [ 00000000]
tmp_871              (or               ) [ 00000000]
ptr_simd4_mid2       (select           ) [ 00000000]
tmp_288_mid1         (icmp             ) [ 00000000]
or_cond_mid1         (and              ) [ 00000000]
or_cond_mid2         (select           ) [ 00000110]
nm_mid2              (select           ) [ 00001110]
tmp_267              (zext             ) [ 00000000]
inputBuf_0_V_addr_3  (getelementptr    ) [ 00000110]
StgValue_57          (br               ) [ 00000000]
ptr_simd_2           (add              ) [ 00001110]
indvar_flatten_op    (add              ) [ 00000000]
indvar_flatten_next  (select           ) [ 00001110]
tmp_268              (specregionbegin  ) [ 00000000]
StgValue_62          (specpipeline     ) [ 00000000]
tmp_V_421            (load             ) [ 00000000]
StgValue_64          (write            ) [ 00000000]
tmp_V_422            (read             ) [ 00000000]
StgValue_66          (store            ) [ 00000000]
StgValue_67          (br               ) [ 00000000]
empty_197            (specregionend    ) [ 00000000]
StgValue_69          (br               ) [ 00001110]
StgValue_70          (ret              ) [ 00000000]
</LifeTime>

<model>

<comp_list>
<comp id="0" class="1000" name="in_V_V">
<pin_list>
<pin id="1" dir="1" index="0" bw="1" slack="0"/>
</pin_list>
<bind>
<StgValue><ssdm name="in_V_V"/></StgValue>
</bind>
</comp>

<comp id="2" class="1000" name="out_V_V">
<pin_list>
<pin id="3" dir="1" index="0" bw="1" slack="0"/>
</pin_list>
<bind>
<StgValue><ssdm name="out_V_V"/></StgValue>
</bind>
</comp>

<comp id="4" class="1001" name="const_4">
<pin_list>
<pin id="5" dir="1" index="0" bw="1" slack="2147483647"/>
</pin_list>
<bind>
<StgValue><ssdm name="_ssdm_op_SpecInterface"/></StgValue>
</bind>
</comp>

<comp id="6" class="1001" name="const_6">
<pin_list>
<pin id="7" dir="1" index="0" bw="1" slack="2147483647"/>
</pin_list>
<bind>
<StgValue><ssdm name="ap_fifo_str"/></StgValue>
</bind>
</comp>

<comp id="8" class="1001" name="const_8">
<pin_list>
<pin id="9" dir="1" index="0" bw="1" slack="2147483647"/>
</pin_list>
<bind>
<StgValue><ssdm name=""/></StgValue>
</bind>
</comp>

<comp id="10" class="1001" name="const_10">
<pin_list>
<pin id="11" dir="1" index="0" bw="1" slack="2147483647"/>
</pin_list>
<bind>
<StgValue><ssdm name="p_str"/></StgValue>
</bind>
</comp>

<comp id="12" class="1001" name="const_12">
<pin_list>
<pin id="13" dir="1" index="0" bw="1" slack="2147483647"/>
</pin_list>
<bind>
<StgValue><ssdm name=""/></StgValue>
</bind>
</comp>

<comp id="14" class="1001" name="const_14">
<pin_list>
<pin id="15" dir="1" index="0" bw="1" slack="2147483647"/>
</pin_list>
<bind>
<StgValue><ssdm name=""/></StgValue>
</bind>
</comp>

<comp id="16" class="1001" name="const_16">
<pin_list>
<pin id="17" dir="1" index="0" bw="1" slack="0"/>
</pin_list>
<bind>
<StgValue><ssdm name=""/></StgValue>
</bind>
</comp>

<comp id="18" class="1001" name="const_18">
<pin_list>
<pin id="19" dir="1" index="0" bw="1" slack="0"/>
</pin_list>
<bind>
<StgValue><ssdm name=""/></StgValue>
</bind>
</comp>

<comp id="20" class="1001" name="const_20">
<pin_list>
<pin id="21" dir="1" index="0" bw="1" slack="0"/>
</pin_list>
<bind>
<StgValue><ssdm name=""/></StgValue>
</bind>
</comp>

<comp id="22" class="1001" name="const_22">
<pin_list>
<pin id="23" dir="1" index="0" bw="1" slack="2147483647"/>
</pin_list>
<bind>
<StgValue><ssdm name="_ssdm_op_SpecLoopTripCount"/></StgValue>
</bind>
</comp>

<comp id="24" class="1001" name="const_24">
<pin_list>
<pin id="25" dir="1" index="0" bw="1" slack="2147483647"/>
</pin_list>
<bind>
<StgValue><ssdm name=""/></StgValue>
</bind>
</comp>

<comp id="26" class="1001" name="const_26">
<pin_list>
<pin id="27" dir="1" index="0" bw="1" slack="0"/>
</pin_list>
<bind>
<StgValue><ssdm name=""/></StgValue>
</bind>
</comp>

<comp id="28" class="1001" name="const_28">
<pin_list>
<pin id="29" dir="1" index="0" bw="1" slack="2147483647"/>
</pin_list>
<bind>
<StgValue><ssdm name="_ssdm_op_SpecRegionBegin"/></StgValue>
</bind>
</comp>

<comp id="30" class="1001" name="const_30">
<pin_list>
<pin id="31" dir="1" index="0" bw="1" slack="2147483647"/>
</pin_list>
<bind>
<StgValue><ssdm name="p_str2281"/></StgValue>
</bind>
</comp>

<comp id="32" class="1001" name="const_32">
<pin_list>
<pin id="33" dir="1" index="0" bw="1" slack="2147483647"/>
</pin_list>
<bind>
<StgValue><ssdm name="_ssdm_op_SpecPipeline"/></StgValue>
</bind>
</comp>

<comp id="34" class="1001" name="const_34">
<pin_list>
<pin id="35" dir="1" index="0" bw="1" slack="2147483647"/>
</pin_list>
<bind>
<StgValue><ssdm name=""/></StgValue>
</bind>
</comp>

<comp id="36" class="1001" name="const_36">
<pin_list>
<pin id="37" dir="1" index="0" bw="1" slack="2147483647"/>
</pin_list>
<bind>
<StgValue><ssdm name="p_str1"/></StgValue>
</bind>
</comp>

<comp id="38" class="1001" name="const_38">
<pin_list>
<pin id="39" dir="1" index="0" bw="1" slack="0"/>
</pin_list>
<bind>
<StgValue><ssdm name="_ssdm_op_Read.ap_fifo.volatile.i8P"/></StgValue>
</bind>
</comp>

<comp id="40" class="1001" name="const_40">
<pin_list>
<pin id="41" dir="1" index="0" bw="1" slack="0"/>
</pin_list>
<bind>
<StgValue><ssdm name=""/></StgValue>
</bind>
</comp>

<comp id="42" class="1001" name="const_42">
<pin_list>
<pin id="43" dir="1" index="0" bw="1" slack="2147483647"/>
</pin_list>
<bind>
<StgValue><ssdm name="_ssdm_op_SpecRegionEnd"/></StgValue>
</bind>
</comp>

<comp id="44" class="1001" name="const_44">
<pin_list>
<pin id="45" dir="1" index="0" bw="1" slack="1"/>
</pin_list>
<bind>
<StgValue><ssdm name=""/></StgValue>
</bind>
</comp>

<comp id="46" class="1001" name="const_46">
<pin_list>
<pin id="47" dir="1" index="0" bw="1" slack="0"/>
</pin_list>
<bind>
<StgValue><ssdm name=""/></StgValue>
</bind>
</comp>

<comp id="48" class="1001" name="const_48">
<pin_list>
<pin id="49" dir="1" index="0" bw="1" slack="1"/>
</pin_list>
<bind>
<StgValue><ssdm name=""/></StgValue>
</bind>
</comp>

<comp id="50" class="1001" name="const_50">
<pin_list>
<pin id="51" dir="1" index="0" bw="1" slack="0"/>
</pin_list>
<bind>
<StgValue><ssdm name=""/></StgValue>
</bind>
</comp>

<comp id="52" class="1001" name="const_52">
<pin_list>
<pin id="53" dir="1" index="0" bw="1" slack="0"/>
</pin_list>
<bind>
<StgValue><ssdm name=""/></StgValue>
</bind>
</comp>

<comp id="54" class="1001" name="const_54">
<pin_list>
<pin id="55" dir="1" index="0" bw="1" slack="0"/>
</pin_list>
<bind>
<StgValue><ssdm name=""/></StgValue>
</bind>
</comp>

<comp id="56" class="1001" name="const_56">
<pin_list>
<pin id="57" dir="1" index="0" bw="1" slack="0"/>
</pin_list>
<bind>
<StgValue><ssdm name=""/></StgValue>
</bind>
</comp>

<comp id="58" class="1001" name="const_58">
<pin_list>
<pin id="59" dir="1" index="0" bw="1" slack="0"/>
</pin_list>
<bind>
<StgValue><ssdm name=""/></StgValue>
</bind>
</comp>

<comp id="60" class="1001" name="const_60">
<pin_list>
<pin id="61" dir="1" index="0" bw="1" slack="0"/>
</pin_list>
<bind>
<StgValue><ssdm name=""/></StgValue>
</bind>
</comp>

<comp id="62" class="1001" name="const_62">
<pin_list>
<pin id="63" dir="1" index="0" bw="1" slack="0"/>
</pin_list>
<bind>
<StgValue><ssdm name=""/></StgValue>
</bind>
</comp>

<comp id="64" class="1001" name="const_64">
<pin_list>
<pin id="65" dir="1" index="0" bw="1" slack="2147483647"/>
</pin_list>
<bind>
<StgValue><ssdm name="p_str2282"/></StgValue>
</bind>
</comp>

<comp id="66" class="1001" name="const_66">
<pin_list>
<pin id="67" dir="1" index="0" bw="1" slack="0"/>
</pin_list>
<bind>
<StgValue><ssdm name="_ssdm_op_Write.ap_fifo.volatile.i8P"/></StgValue>
</bind>
</comp>

<comp id="68" class="1004" name="inputBuf_0_V_alloca_fu_68">
<pin_list>
<pin id="69" dir="0" index="0" bw="1" slack="0"/>
<pin id="70" dir="1" index="1" bw="8" slack="2147483647"/>
</pin_list>
<bind>
<opcode="alloca(26) " fcode="alloca"/>
<opset="inputBuf_0_V/1 "/>
</bind>
</comp>

<comp id="72" class="1004" name="grp_read_fu_72">
<pin_list>
<pin id="73" dir="0" index="0" bw="8" slack="0"/>
<pin id="74" dir="0" index="1" bw="8" slack="0"/>
<pin id="75" dir="1" index="2" bw="8" slack="0"/>
</pin_list>
<bind>
<opcode="read(1150) " fcode="read"/>
<opset="tmp_V/3 tmp_V_422/6 "/>
</bind>
</comp>

<comp id="78" class="1004" name="StgValue_64_write_fu_78">
<pin_list>
<pin id="79" dir="0" index="0" bw="0" slack="0"/>
<pin id="80" dir="0" index="1" bw="8" slack="0"/>
<pin id="81" dir="0" index="2" bw="8" slack="0"/>
<pin id="82" dir="1" index="3" bw="0" slack="2147483647"/>
</pin_list>
<bind>
<opcode="write(1151) " fcode="write"/>
<opset="StgValue_64/6 "/>
</bind>
</comp>

<comp id="85" class="1004" name="inputBuf_0_V_addr_gep_fu_85">
<pin_list>
<pin id="86" dir="0" index="0" bw="8" slack="2147483647"/>
<pin id="87" dir="0" index="1" bw="1" slack="0"/>
<pin id="88" dir="0" index="2" bw="9" slack="0"/>
<pin id="89" dir="1" index="3" bw="8" slack="0"/>
</pin_list>
<bind>
<opcode="getelementptr(29) " fcode="getelementptr"/>
<opset="inputBuf_0_V_addr/3 "/>
</bind>
</comp>

<comp id="91" class="1004" name="grp_access_fu_91">
<pin_list>
<pin id="92" dir="0" index="0" bw="8" slack="0"/>
<pin id="93" dir="0" index="1" bw="8" slack="0"/>
<pin id="94" dir="0" index="2" bw="0" slack="1"/>
<pin id="106" dir="0" index="4" bw="8" slack="0"/>
<pin id="107" dir="0" index="5" bw="8" slack="2147483647"/>
<pin id="108" dir="0" index="6" bw="0" slack="2147483647"/>
<pin id="95" dir="1" index="3" bw="8" slack="0"/>
<pin id="109" dir="1" index="7" bw="8" slack="2147483647"/>
</pin_list>
<bind>
<opcode="load(27) store(28) " fcode="store"/>
<opset="StgValue_22/3 tmp_V_421/5 StgValue_66/6 "/>
</bind>
</comp>

<comp id="98" class="1004" name="inputBuf_0_V_addr_3_gep_fu_98">
<pin_list>
<pin id="99" dir="0" index="0" bw="8" slack="2147483647"/>
<pin id="100" dir="0" index="1" bw="1" slack="0"/>
<pin id="101" dir="0" index="2" bw="9" slack="0"/>
<pin id="102" dir="1" index="3" bw="8" slack="0"/>
</pin_list>
<bind>
<opcode="getelementptr(29) " fcode="getelementptr"/>
<opset="inputBuf_0_V_addr_3/5 "/>
</bind>
</comp>

<comp id="111" class="1005" name="ptr_simd_reg_111">
<pin_list>
<pin id="112" dir="0" index="0" bw="9" slack="1"/>
<pin id="113" dir="1" index="1" bw="9" slack="1"/>
</pin_list>
<bind>
<opset="ptr_simd (phireg) "/>
</bind>
</comp>

<comp id="115" class="1004" name="ptr_simd_phi_fu_115">
<pin_list>
<pin id="116" dir="0" index="0" bw="9" slack="0"/>
<pin id="117" dir="0" index="1" bw="0" slack="2147483647"/>
<pin id="118" dir="0" index="2" bw="1" slack="1"/>
<pin id="119" dir="0" index="3" bw="0" slack="2147483647"/>
<pin id="120" dir="1" index="4" bw="9" slack="0"/>
</pin_list>
<bind>
<opcode="phi(47) " fcode="phi"/>
<opset="ptr_simd/2 "/>
</bind>
</comp>

<comp id="123" class="1005" name="indvar_flatten7_reg_123">
<pin_list>
<pin id="124" dir="0" index="0" bw="21" slack="1"/>
<pin id="125" dir="1" index="1" bw="21" slack="1"/>
</pin_list>
<bind>
<opset="indvar_flatten7 (phireg) "/>
</bind>
</comp>

<comp id="127" class="1004" name="indvar_flatten7_phi_fu_127">
<pin_list>
<pin id="128" dir="0" index="0" bw="21" slack="0"/>
<pin id="129" dir="0" index="1" bw="0" slack="2147483647"/>
<pin id="130" dir="0" index="2" bw="1" slack="1"/>
<pin id="131" dir="0" index="3" bw="0" slack="2147483647"/>
<pin id="132" dir="1" index="4" bw="21" slack="0"/>
</pin_list>
<bind>
<opcode="phi(47) " fcode="phi"/>
<opset="indvar_flatten7/5 "/>
</bind>
</comp>

<comp id="134" class="1005" name="op1_assign_reg_134">
<pin_list>
<pin id="135" dir="0" index="0" bw="7" slack="1"/>
<pin id="136" dir="1" index="1" bw="7" slack="1"/>
</pin_list>
<bind>
<opset="op1_assign (phireg) "/>
</bind>
</comp>

<comp id="138" class="1004" name="op1_assign_phi_fu_138">
<pin_list>
<pin id="139" dir="0" index="0" bw="7" slack="0"/>
<pin id="140" dir="0" index="1" bw="0" slack="2147483647"/>
<pin id="141" dir="0" index="2" bw="1" slack="1"/>
<pin id="142" dir="0" index="3" bw="0" slack="2147483647"/>
<pin id="143" dir="1" index="4" bw="7" slack="0"/>
</pin_list>
<bind>
<opcode="phi(47) " fcode="phi"/>
<opset="op1_assign/5 "/>
</bind>
</comp>

<comp id="145" class="1005" name="indvar_flatten_reg_145">
<pin_list>
<pin id="146" dir="0" index="0" bw="16" slack="1"/>
<pin id="147" dir="1" index="1" bw="16" slack="1"/>
</pin_list>
<bind>
<opset="indvar_flatten (phireg) "/>
</bind>
</comp>

<comp id="149" class="1004" name="indvar_flatten_phi_fu_149">
<pin_list>
<pin id="150" dir="0" index="0" bw="16" slack="0"/>
<pin id="151" dir="0" index="1" bw="0" slack="2147483647"/>
<pin id="152" dir="0" index="2" bw="1" slack="1"/>
<pin id="153" dir="0" index="3" bw="0" slack="2147483647"/>
<pin id="154" dir="1" index="4" bw="16" slack="0"/>
</pin_list>
<bind>
<opcode="phi(47) " fcode="phi"/>
<opset="indvar_flatten/5 "/>
</bind>
</comp>

<comp id="156" class="1005" name="nm_reg_156">
<pin_list>
<pin id="157" dir="0" index="0" bw="7" slack="1"/>
<pin id="158" dir="1" index="1" bw="7" slack="1"/>
</pin_list>
<bind>
<opset="nm (phireg) "/>
</bind>
</comp>

<comp id="160" class="1004" name="nm_phi_fu_160">
<pin_list>
<pin id="161" dir="0" index="0" bw="7" slack="0"/>
<pin id="162" dir="0" index="1" bw="0" slack="2147483647"/>
<pin id="163" dir="0" index="2" bw="1" slack="1"/>
<pin id="164" dir="0" index="3" bw="0" slack="2147483647"/>
<pin id="165" dir="1" index="4" bw="7" slack="0"/>
</pin_list>
<bind>
<opcode="phi(47) " fcode="phi"/>
<opset="nm/5 "/>
</bind>
</comp>

<comp id="167" class="1005" name="ptr_simd4_reg_167">
<pin_list>
<pin id="168" dir="0" index="0" bw="9" slack="1"/>
<pin id="169" dir="1" index="1" bw="9" slack="1"/>
</pin_list>
<bind>
<opset="ptr_simd4 (phireg) "/>
</bind>
</comp>

<comp id="171" class="1004" name="ptr_simd4_phi_fu_171">
<pin_list>
<pin id="172" dir="0" index="0" bw="9" slack="0"/>
<pin id="173" dir="0" index="1" bw="0" slack="2147483647"/>
<pin id="174" dir="0" index="2" bw="1" slack="1"/>
<pin id="175" dir="0" index="3" bw="0" slack="2147483647"/>
<pin id="176" dir="1" index="4" bw="9" slack="0"/>
</pin_list>
<bind>
<opcode="phi(47) " fcode="phi"/>
<opset="ptr_simd4/5 "/>
</bind>
</comp>

<comp id="178" class="1004" name="tmp_fu_178">
<pin_list>
<pin id="179" dir="0" index="0" bw="9" slack="0"/>
<pin id="180" dir="0" index="1" bw="9" slack="0"/>
<pin id="181" dir="1" index="2" bw="1" slack="1"/>
</pin_list>
<bind>
<opcode="icmp(45) " fcode="icmp"/>
<opset="tmp/2 "/>
</bind>
</comp>

<comp id="184" class="1004" name="ptr_simd_1_fu_184">
<pin_list>
<pin id="185" dir="0" index="0" bw="9" slack="0"/>
<pin id="186" dir="0" index="1" bw="1" slack="0"/>
<pin id="187" dir="1" index="2" bw="9" slack="0"/>
</pin_list>
<bind>
<opcode="add(8) " fcode="add"/>
<opset="ptr_simd_1/2 "/>
</bind>
</comp>

<comp id="190" class="1004" name="tmp_s_fu_190">
<pin_list>
<pin id="191" dir="0" index="0" bw="9" slack="1"/>
<pin id="192" dir="1" index="1" bw="64" slack="0"/>
</pin_list>
<bind>
<opcode="zext(34) " fcode="zext"/>
<opset="tmp_s/3 "/>
</bind>
</comp>

<comp id="195" class="1004" name="tmp_264_fu_195">
<pin_list>
<pin id="196" dir="0" index="0" bw="7" slack="0"/>
<pin id="197" dir="0" index="1" bw="7" slack="0"/>
<pin id="198" dir="1" index="2" bw="1" slack="0"/>
</pin_list>
<bind>
<opcode="icmp(45) " fcode="icmp"/>
<opset="tmp_264/5 "/>
</bind>
</comp>

<comp id="201" class="1004" name="tmp_265_fu_201">
<pin_list>
<pin id="202" dir="0" index="0" bw="7" slack="0"/>
<pin id="203" dir="0" index="1" bw="7" slack="0"/>
<pin id="204" dir="1" index="2" bw="1" slack="0"/>
</pin_list>
<bind>
<opcode="icmp(45) " fcode="icmp"/>
<opset="tmp_265/5 "/>
</bind>
</comp>

<comp id="207" class="1004" name="or_cond_fu_207">
<pin_list>
<pin id="208" dir="0" index="0" bw="1" slack="0"/>
<pin id="209" dir="0" index="1" bw="1" slack="0"/>
<pin id="210" dir="1" index="2" bw="1" slack="0"/>
</pin_list>
<bind>
<opcode="and(23) " fcode="and"/>
<opset="or_cond/5 "/>
</bind>
</comp>

<comp id="213" class="1004" name="exitcond_flatten_fu_213">
<pin_list>
<pin id="214" dir="0" index="0" bw="21" slack="0"/>
<pin id="215" dir="0" index="1" bw="21" slack="0"/>
<pin id="216" dir="1" index="2" bw="1" slack="1"/>
</pin_list>
<bind>
<opcode="icmp(45) " fcode="icmp"/>
<opset="exitcond_flatten/5 "/>
</bind>
</comp>

<comp id="219" class="1004" name="indvar_flatten_next1_fu_219">
<pin_list>
<pin id="220" dir="0" index="0" bw="21" slack="0"/>
<pin id="221" dir="0" index="1" bw="1" slack="0"/>
<pin id="222" dir="1" index="2" bw="21" slack="0"/>
</pin_list>
<bind>
<opcode="add(8) " fcode="add"/>
<opset="indvar_flatten_next1/5 "/>
</bind>
</comp>

<comp id="225" class="1004" name="ofm_iter_fu_225">
<pin_list>
<pin id="226" dir="0" index="0" bw="7" slack="0"/>
<pin id="227" dir="0" index="1" bw="1" slack="0"/>
<pin id="228" dir="1" index="2" bw="7" slack="0"/>
</pin_list>
<bind>
<opcode="add(8) " fcode="add"/>
<opset="ofm_iter/5 "/>
</bind>
</comp>

<comp id="231" class="1004" name="exitcond_flatten7_fu_231">
<pin_list>
<pin id="232" dir="0" index="0" bw="16" slack="0"/>
<pin id="233" dir="0" index="1" bw="16" slack="0"/>
<pin id="234" dir="1" index="2" bw="1" slack="0"/>
</pin_list>
<bind>
<opcode="icmp(45) " fcode="icmp"/>
<opset="exitcond_flatten7/5 "/>
</bind>
</comp>

<comp id="237" class="1004" name="nm_mid_fu_237">
<pin_list>
<pin id="238" dir="0" index="0" bw="1" slack="0"/>
<pin id="239" dir="0" index="1" bw="7" slack="0"/>
<pin id="240" dir="0" index="2" bw="7" slack="0"/>
<pin id="241" dir="1" index="3" bw="7" slack="0"/>
</pin_list>
<bind>
<opcode="select(49) " fcode="select"/>
<opset="nm_mid/5 "/>
</bind>
</comp>

<comp id="245" class="1004" name="tmp_286_mid1_fu_245">
<pin_list>
<pin id="246" dir="0" index="0" bw="7" slack="0"/>
<pin id="247" dir="0" index="1" bw="7" slack="0"/>
<pin id="248" dir="1" index="2" bw="1" slack="0"/>
</pin_list>
<bind>
<opcode="icmp(45) " fcode="icmp"/>
<opset="tmp_286_mid1/5 "/>
</bind>
</comp>

<comp id="251" class="1004" name="tmp_286_mid2_fu_251">
<pin_list>
<pin id="252" dir="0" index="0" bw="1" slack="0"/>
<pin id="253" dir="0" index="1" bw="1" slack="0"/>
<pin id="254" dir="0" index="2" bw="1" slack="0"/>
<pin id="255" dir="1" index="3" bw="1" slack="0"/>
</pin_list>
<bind>
<opcode="select(49) " fcode="select"/>
<opset="tmp_286_mid2/5 "/>
</bind>
</comp>

<comp id="259" class="1004" name="not_exitcond_flatten_fu_259">
<pin_list>
<pin id="260" dir="0" index="0" bw="1" slack="0"/>
<pin id="261" dir="0" index="1" bw="1" slack="0"/>
<pin id="262" dir="1" index="2" bw="1" slack="0"/>
</pin_list>
<bind>
<opcode="xor(25) " fcode="xor"/>
<opset="not_exitcond_flatten/5 "/>
</bind>
</comp>

<comp id="265" class="1004" name="or_cond_mid_fu_265">
<pin_list>
<pin id="266" dir="0" index="0" bw="1" slack="0"/>
<pin id="267" dir="0" index="1" bw="1" slack="0"/>
<pin id="268" dir="1" index="2" bw="1" slack="0"/>
</pin_list>
<bind>
<opcode="and(23) " fcode="and"/>
<opset="or_cond_mid/5 "/>
</bind>
</comp>

<comp id="271" class="1004" name="tmp_891_fu_271">
<pin_list>
<pin id="272" dir="0" index="0" bw="9" slack="0"/>
<pin id="273" dir="0" index="1" bw="9" slack="0"/>
<pin id="274" dir="1" index="2" bw="1" slack="0"/>
</pin_list>
<bind>
<opcode="icmp(45) " fcode="icmp"/>
<opset="tmp_891/5 "/>
</bind>
</comp>

<comp id="277" class="1004" name="tmp_289_mid_fu_277">
<pin_list>
<pin id="278" dir="0" index="0" bw="1" slack="0"/>
<pin id="279" dir="0" index="1" bw="1" slack="0"/>
<pin id="280" dir="1" index="2" bw="1" slack="0"/>
</pin_list>
<bind>
<opcode="and(23) " fcode="and"/>
<opset="tmp_289_mid/5 "/>
</bind>
</comp>

<comp id="283" class="1004" name="op1_assign_mid2_fu_283">
<pin_list>
<pin id="284" dir="0" index="0" bw="1" slack="0"/>
<pin id="285" dir="0" index="1" bw="7" slack="0"/>
<pin id="286" dir="0" index="2" bw="7" slack="0"/>
<pin id="287" dir="1" index="3" bw="7" slack="0"/>
</pin_list>
<bind>
<opcode="select(49) " fcode="select"/>
<opset="op1_assign_mid2/5 "/>
</bind>
</comp>

<comp id="291" class="1004" name="nm_3_fu_291">
<pin_list>
<pin id="292" dir="0" index="0" bw="7" slack="0"/>
<pin id="293" dir="0" index="1" bw="1" slack="0"/>
<pin id="294" dir="1" index="2" bw="7" slack="0"/>
</pin_list>
<bind>
<opcode="add(8) " fcode="add"/>
<opset="nm_3/5 "/>
</bind>
</comp>

<comp id="297" class="1004" name="tmp_871_fu_297">
<pin_list>
<pin id="298" dir="0" index="0" bw="1" slack="0"/>
<pin id="299" dir="0" index="1" bw="1" slack="0"/>
<pin id="300" dir="1" index="2" bw="1" slack="0"/>
</pin_list>
<bind>
<opcode="or(24) " fcode="or"/>
<opset="tmp_871/5 "/>
</bind>
</comp>

<comp id="303" class="1004" name="ptr_simd4_mid2_fu_303">
<pin_list>
<pin id="304" dir="0" index="0" bw="1" slack="0"/>
<pin id="305" dir="0" index="1" bw="9" slack="0"/>
<pin id="306" dir="0" index="2" bw="9" slack="0"/>
<pin id="307" dir="1" index="3" bw="9" slack="0"/>
</pin_list>
<bind>
<opcode="select(49) " fcode="select"/>
<opset="ptr_simd4_mid2/5 "/>
</bind>
</comp>

<comp id="311" class="1004" name="tmp_288_mid1_fu_311">
<pin_list>
<pin id="312" dir="0" index="0" bw="7" slack="0"/>
<pin id="313" dir="0" index="1" bw="7" slack="0"/>
<pin id="314" dir="1" index="2" bw="1" slack="0"/>
</pin_list>
<bind>
<opcode="icmp(45) " fcode="icmp"/>
<opset="tmp_288_mid1/5 "/>
</bind>
</comp>

<comp id="317" class="1004" name="or_cond_mid1_fu_317">
<pin_list>
<pin id="318" dir="0" index="0" bw="1" slack="0"/>
<pin id="319" dir="0" index="1" bw="1" slack="0"/>
<pin id="320" dir="1" index="2" bw="1" slack="0"/>
</pin_list>
<bind>
<opcode="and(23) " fcode="and"/>
<opset="or_cond_mid1/5 "/>
</bind>
</comp>

<comp id="323" class="1004" name="or_cond_mid2_fu_323">
<pin_list>
<pin id="324" dir="0" index="0" bw="1" slack="0"/>
<pin id="325" dir="0" index="1" bw="1" slack="0"/>
<pin id="326" dir="0" index="2" bw="1" slack="0"/>
<pin id="327" dir="1" index="3" bw="1" slack="1"/>
</pin_list>
<bind>
<opcode="select(49) " fcode="select"/>
<opset="or_cond_mid2/5 "/>
</bind>
</comp>

<comp id="331" class="1004" name="nm_mid2_fu_331">
<pin_list>
<pin id="332" dir="0" index="0" bw="1" slack="0"/>
<pin id="333" dir="0" index="1" bw="7" slack="0"/>
<pin id="334" dir="0" index="2" bw="7" slack="0"/>
<pin id="335" dir="1" index="3" bw="7" slack="0"/>
</pin_list>
<bind>
<opcode="select(49) " fcode="select"/>
<opset="nm_mid2/5 "/>
</bind>
</comp>

<comp id="339" class="1004" name="tmp_267_fu_339">
<pin_list>
<pin id="340" dir="0" index="0" bw="9" slack="0"/>
<pin id="341" dir="1" index="1" bw="64" slack="0"/>
</pin_list>
<bind>
<opcode="zext(34) " fcode="zext"/>
<opset="tmp_267/5 "/>
</bind>
</comp>

<comp id="344" class="1004" name="ptr_simd_2_fu_344">
<pin_list>
<pin id="345" dir="0" index="0" bw="9" slack="0"/>
<pin id="346" dir="0" index="1" bw="1" slack="0"/>
<pin id="347" dir="1" index="2" bw="9" slack="0"/>
</pin_list>
<bind>
<opcode="add(8) " fcode="add"/>
<opset="ptr_simd_2/5 "/>
</bind>
</comp>

<comp id="350" class="1004" name="indvar_flatten_op_fu_350">
<pin_list>
<pin id="351" dir="0" index="0" bw="16" slack="0"/>
<pin id="352" dir="0" index="1" bw="1" slack="0"/>
<pin id="353" dir="1" index="2" bw="16" slack="0"/>
</pin_list>
<bind>
<opcode="add(8) " fcode="add"/>
<opset="indvar_flatten_op/5 "/>
</bind>
</comp>

<comp id="356" class="1004" name="indvar_flatten_next_fu_356">
<pin_list>
<pin id="357" dir="0" index="0" bw="1" slack="0"/>
<pin id="358" dir="0" index="1" bw="16" slack="0"/>
<pin id="359" dir="0" index="2" bw="16" slack="0"/>
<pin id="360" dir="1" index="3" bw="16" slack="0"/>
</pin_list>
<bind>
<opcode="select(49) " fcode="select"/>
<opset="indvar_flatten_next/5 "/>
</bind>
</comp>

<comp id="364" class="1005" name="tmp_reg_364">
<pin_list>
<pin id="365" dir="0" index="0" bw="1" slack="1"/>
<pin id="366" dir="1" index="1" bw="1" slack="2147483647"/>
</pin_list>
<bind>
<opset="tmp "/>
</bind>
</comp>

<comp id="368" class="1005" name="ptr_simd_1_reg_368">
<pin_list>
<pin id="369" dir="0" index="0" bw="9" slack="0"/>
<pin id="370" dir="1" index="1" bw="9" slack="0"/>
</pin_list>
<bind>
<opset="ptr_simd_1 "/>
</bind>
</comp>

<comp id="373" class="1005" name="exitcond_flatten_reg_373">
<pin_list>
<pin id="374" dir="0" index="0" bw="1" slack="1"/>
<pin id="375" dir="1" index="1" bw="1" slack="2147483647"/>
</pin_list>
<bind>
<opset="exitcond_flatten "/>
</bind>
</comp>

<comp id="377" class="1005" name="indvar_flatten_next1_reg_377">
<pin_list>
<pin id="378" dir="0" index="0" bw="21" slack="0"/>
<pin id="379" dir="1" index="1" bw="21" slack="0"/>
</pin_list>
<bind>
<opset="indvar_flatten_next1 "/>
</bind>
</comp>

<comp id="382" class="1005" name="op1_assign_mid2_reg_382">
<pin_list>
<pin id="383" dir="0" index="0" bw="7" slack="0"/>
<pin id="384" dir="1" index="1" bw="7" slack="0"/>
</pin_list>
<bind>
<opset="op1_assign_mid2 "/>
</bind>
</comp>

<comp id="387" class="1005" name="or_cond_mid2_reg_387">
<pin_list>
<pin id="388" dir="0" index="0" bw="1" slack="1"/>
<pin id="389" dir="1" index="1" bw="1" slack="2147483647"/>
</pin_list>
<bind>
<opset="or_cond_mid2 "/>
</bind>
</comp>

<comp id="391" class="1005" name="nm_mid2_reg_391">
<pin_list>
<pin id="392" dir="0" index="0" bw="7" slack="0"/>
<pin id="393" dir="1" index="1" bw="7" slack="0"/>
</pin_list>
<bind>
<opset="nm_mid2 "/>
</bind>
</comp>

<comp id="396" class="1005" name="inputBuf_0_V_addr_3_reg_396">
<pin_list>
<pin id="397" dir="0" index="0" bw="8" slack="1"/>
<pin id="398" dir="1" index="1" bw="8" slack="1"/>
</pin_list>
<bind>
<opset="inputBuf_0_V_addr_3 "/>
</bind>
</comp>

<comp id="402" class="1005" name="ptr_simd_2_reg_402">
<pin_list>
<pin id="403" dir="0" index="0" bw="9" slack="0"/>
<pin id="404" dir="1" index="1" bw="9" slack="0"/>
</pin_list>
<bind>
<opset="ptr_simd_2 "/>
</bind>
</comp>

<comp id="407" class="1005" name="indvar_flatten_next_reg_407">
<pin_list>
<pin id="408" dir="0" index="0" bw="16" slack="0"/>
<pin id="409" dir="1" index="1" bw="16" slack="0"/>
</pin_list>
<bind>
<opset="indvar_flatten_next "/>
</bind>
</comp>

</comp_list>

<net_list>
<net id="71"><net_src comp="16" pin="0"/><net_sink comp="68" pin=0"/></net>

<net id="76"><net_src comp="38" pin="0"/><net_sink comp="72" pin=0"/></net>

<net id="77"><net_src comp="0" pin="0"/><net_sink comp="72" pin=1"/></net>

<net id="83"><net_src comp="66" pin="0"/><net_sink comp="78" pin=0"/></net>

<net id="84"><net_src comp="2" pin="0"/><net_sink comp="78" pin=1"/></net>

<net id="90"><net_src comp="40" pin="0"/><net_sink comp="85" pin=1"/></net>

<net id="96"><net_src comp="72" pin="2"/><net_sink comp="91" pin=1"/></net>

<net id="97"><net_src comp="85" pin="3"/><net_sink comp="91" pin=0"/></net>

<net id="103"><net_src comp="40" pin="0"/><net_sink comp="98" pin=1"/></net>

<net id="104"><net_src comp="91" pin="3"/><net_sink comp="78" pin=2"/></net>

<net id="105"><net_src comp="98" pin="3"/><net_sink comp="91" pin=0"/></net>

<net id="110"><net_src comp="72" pin="2"/><net_sink comp="91" pin=4"/></net>

<net id="114"><net_src comp="18" pin="0"/><net_sink comp="111" pin=0"/></net>

<net id="121"><net_src comp="111" pin="1"/><net_sink comp="115" pin=2"/></net>

<net id="122"><net_src comp="115" pin="4"/><net_sink comp="111" pin=0"/></net>

<net id="126"><net_src comp="44" pin="0"/><net_sink comp="123" pin=0"/></net>

<net id="133"><net_src comp="123" pin="1"/><net_sink comp="127" pin=2"/></net>

<net id="137"><net_src comp="46" pin="0"/><net_sink comp="134" pin=0"/></net>

<net id="144"><net_src comp="134" pin="1"/><net_sink comp="138" pin=2"/></net>

<net id="148"><net_src comp="48" pin="0"/><net_sink comp="145" pin=0"/></net>

<net id="155"><net_src comp="145" pin="1"/><net_sink comp="149" pin=2"/></net>

<net id="159"><net_src comp="46" pin="0"/><net_sink comp="156" pin=0"/></net>

<net id="166"><net_src comp="156" pin="1"/><net_sink comp="160" pin=2"/></net>

<net id="170"><net_src comp="18" pin="0"/><net_sink comp="167" pin=0"/></net>

<net id="177"><net_src comp="167" pin="1"/><net_sink comp="171" pin=2"/></net>

<net id="182"><net_src comp="115" pin="4"/><net_sink comp="178" pin=0"/></net>

<net id="183"><net_src comp="20" pin="0"/><net_sink comp="178" pin=1"/></net>

<net id="188"><net_src comp="115" pin="4"/><net_sink comp="184" pin=0"/></net>

<net id="189"><net_src comp="26" pin="0"/><net_sink comp="184" pin=1"/></net>

<net id="193"><net_src comp="111" pin="1"/><net_sink comp="190" pin=0"/></net>

<net id="194"><net_src comp="190" pin="1"/><net_sink comp="85" pin=2"/></net>

<net id="199"><net_src comp="138" pin="4"/><net_sink comp="195" pin=0"/></net>

<net id="200"><net_src comp="50" pin="0"/><net_sink comp="195" pin=1"/></net>

<net id="205"><net_src comp="160" pin="4"/><net_sink comp="201" pin=0"/></net>

<net id="206"><net_src comp="50" pin="0"/><net_sink comp="201" pin=1"/></net>

<net id="211"><net_src comp="195" pin="2"/><net_sink comp="207" pin=0"/></net>

<net id="212"><net_src comp="201" pin="2"/><net_sink comp="207" pin=1"/></net>

<net id="217"><net_src comp="127" pin="4"/><net_sink comp="213" pin=0"/></net>

<net id="218"><net_src comp="52" pin="0"/><net_sink comp="213" pin=1"/></net>

<net id="223"><net_src comp="127" pin="4"/><net_sink comp="219" pin=0"/></net>

<net id="224"><net_src comp="54" pin="0"/><net_sink comp="219" pin=1"/></net>

<net id="229"><net_src comp="138" pin="4"/><net_sink comp="225" pin=0"/></net>

<net id="230"><net_src comp="56" pin="0"/><net_sink comp="225" pin=1"/></net>

<net id="235"><net_src comp="149" pin="4"/><net_sink comp="231" pin=0"/></net>

<net id="236"><net_src comp="58" pin="0"/><net_sink comp="231" pin=1"/></net>

<net id="242"><net_src comp="231" pin="2"/><net_sink comp="237" pin=0"/></net>

<net id="243"><net_src comp="46" pin="0"/><net_sink comp="237" pin=1"/></net>

<net id="244"><net_src comp="160" pin="4"/><net_sink comp="237" pin=2"/></net>

<net id="249"><net_src comp="225" pin="2"/><net_sink comp="245" pin=0"/></net>

<net id="250"><net_src comp="50" pin="0"/><net_sink comp="245" pin=1"/></net>

<net id="256"><net_src comp="231" pin="2"/><net_sink comp="251" pin=0"/></net>

<net id="257"><net_src comp="245" pin="2"/><net_sink comp="251" pin=1"/></net>

<net id="258"><net_src comp="195" pin="2"/><net_sink comp="251" pin=2"/></net>

<net id="263"><net_src comp="231" pin="2"/><net_sink comp="259" pin=0"/></net>

<net id="264"><net_src comp="60" pin="0"/><net_sink comp="259" pin=1"/></net>

<net id="269"><net_src comp="207" pin="2"/><net_sink comp="265" pin=0"/></net>

<net id="270"><net_src comp="259" pin="2"/><net_sink comp="265" pin=1"/></net>

<net id="275"><net_src comp="171" pin="4"/><net_sink comp="271" pin=0"/></net>

<net id="276"><net_src comp="20" pin="0"/><net_sink comp="271" pin=1"/></net>

<net id="281"><net_src comp="271" pin="2"/><net_sink comp="277" pin=0"/></net>

<net id="282"><net_src comp="259" pin="2"/><net_sink comp="277" pin=1"/></net>

<net id="288"><net_src comp="231" pin="2"/><net_sink comp="283" pin=0"/></net>

<net id="289"><net_src comp="225" pin="2"/><net_sink comp="283" pin=1"/></net>

<net id="290"><net_src comp="138" pin="4"/><net_sink comp="283" pin=2"/></net>

<net id="295"><net_src comp="237" pin="3"/><net_sink comp="291" pin=0"/></net>

<net id="296"><net_src comp="56" pin="0"/><net_sink comp="291" pin=1"/></net>

<net id="301"><net_src comp="277" pin="2"/><net_sink comp="297" pin=0"/></net>

<net id="302"><net_src comp="231" pin="2"/><net_sink comp="297" pin=1"/></net>

<net id="308"><net_src comp="297" pin="2"/><net_sink comp="303" pin=0"/></net>

<net id="309"><net_src comp="18" pin="0"/><net_sink comp="303" pin=1"/></net>

<net id="310"><net_src comp="171" pin="4"/><net_sink comp="303" pin=2"/></net>

<net id="315"><net_src comp="291" pin="2"/><net_sink comp="311" pin=0"/></net>

<net id="316"><net_src comp="50" pin="0"/><net_sink comp="311" pin=1"/></net>

<net id="321"><net_src comp="251" pin="3"/><net_sink comp="317" pin=0"/></net>

<net id="322"><net_src comp="311" pin="2"/><net_sink comp="317" pin=1"/></net>

<net id="328"><net_src comp="277" pin="2"/><net_sink comp="323" pin=0"/></net>

<net id="329"><net_src comp="317" pin="2"/><net_sink comp="323" pin=1"/></net>

<net id="330"><net_src comp="265" pin="2"/><net_sink comp="323" pin=2"/></net>

<net id="336"><net_src comp="277" pin="2"/><net_sink comp="331" pin=0"/></net>

<net id="337"><net_src comp="291" pin="2"/><net_sink comp="331" pin=1"/></net>

<net id="338"><net_src comp="237" pin="3"/><net_sink comp="331" pin=2"/></net>

<net id="342"><net_src comp="303" pin="3"/><net_sink comp="339" pin=0"/></net>

<net id="343"><net_src comp="339" pin="1"/><net_sink comp="98" pin=2"/></net>

<net id="348"><net_src comp="303" pin="3"/><net_sink comp="344" pin=0"/></net>

<net id="349"><net_src comp="26" pin="0"/><net_sink comp="344" pin=1"/></net>

<net id="354"><net_src comp="149" pin="4"/><net_sink comp="350" pin=0"/></net>

<net id="355"><net_src comp="62" pin="0"/><net_sink comp="350" pin=1"/></net>

<net id="361"><net_src comp="231" pin="2"/><net_sink comp="356" pin=0"/></net>

<net id="362"><net_src comp="62" pin="0"/><net_sink comp="356" pin=1"/></net>

<net id="363"><net_src comp="350" pin="2"/><net_sink comp="356" pin=2"/></net>

<net id="367"><net_src comp="178" pin="2"/><net_sink comp="364" pin=0"/></net>

<net id="371"><net_src comp="184" pin="2"/><net_sink comp="368" pin=0"/></net>

<net id="372"><net_src comp="368" pin="1"/><net_sink comp="115" pin=0"/></net>

<net id="376"><net_src comp="213" pin="2"/><net_sink comp="373" pin=0"/></net>

<net id="380"><net_src comp="219" pin="2"/><net_sink comp="377" pin=0"/></net>

<net id="381"><net_src comp="377" pin="1"/><net_sink comp="127" pin=0"/></net>

<net id="385"><net_src comp="283" pin="3"/><net_sink comp="382" pin=0"/></net>

<net id="386"><net_src comp="382" pin="1"/><net_sink comp="138" pin=0"/></net>

<net id="390"><net_src comp="323" pin="3"/><net_sink comp="387" pin=0"/></net>

<net id="394"><net_src comp="331" pin="3"/><net_sink comp="391" pin=0"/></net>

<net id="395"><net_src comp="391" pin="1"/><net_sink comp="160" pin=0"/></net>

<net id="399"><net_src comp="98" pin="3"/><net_sink comp="396" pin=0"/></net>

<net id="400"><net_src comp="396" pin="1"/><net_sink comp="91" pin=0"/></net>

<net id="401"><net_src comp="396" pin="1"/><net_sink comp="91" pin=2"/></net>

<net id="405"><net_src comp="344" pin="2"/><net_sink comp="402" pin=0"/></net>

<net id="406"><net_src comp="402" pin="1"/><net_sink comp="171" pin=0"/></net>

<net id="410"><net_src comp="356" pin="3"/><net_sink comp="407" pin=0"/></net>

<net id="411"><net_src comp="407" pin="1"/><net_sink comp="149" pin=0"/></net>

</net_list>

</model> 
---------------- Datapath Model END ------------------

* FSMD analyzer results:
  - Output states:
	Port: out_V_V | {6 }
 - Input state : 
	Port: Conv1DBuffer_new415 : in_V_V | {3 6 }
  - Chain level:
	State 1
	State 2
		tmp : 1
		ptr_simd_1 : 1
		StgValue_16 : 2
	State 3
		inputBuf_0_V_addr : 1
		StgValue_22 : 2
		empty_196 : 1
	State 4
	State 5
		tmp_264 : 1
		tmp_265 : 1
		or_cond : 2
		exitcond_flatten : 1
		indvar_flatten_next1 : 1
		StgValue_36 : 2
		ofm_iter : 1
		exitcond_flatten7 : 1
		nm_mid : 2
		tmp_286_mid1 : 2
		tmp_286_mid2 : 3
		not_exitcond_flatten : 2
		or_cond_mid : 2
		tmp_891 : 1
		tmp_289_mid : 2
		op1_assign_mid2 : 2
		nm_3 : 3
		tmp_871 : 2
		ptr_simd4_mid2 : 2
		tmp_288_mid1 : 4
		or_cond_mid1 : 5
		or_cond_mid2 : 5
		nm_mid2 : 2
		tmp_267 : 3
		inputBuf_0_V_addr_3 : 4
		tmp_V_421 : 5
		StgValue_57 : 6
		ptr_simd_2 : 3
		indvar_flatten_op : 1
		indvar_flatten_next : 2
	State 6
		StgValue_64 : 1
		empty_197 : 1
	State 7


============================================================
+ Verbose Summary: Datapath Resource usage 
============================================================

* Functional unit list:
|----------|-----------------------------|---------|---------|
| Operation|       Functional Unit       |    FF   |   LUT   |
|----------|-----------------------------|---------|---------|
|          |      ptr_simd_1_fu_184      |    0    |    16   |
|          | indvar_flatten_next1_fu_219 |    0    |    28   |
|    add   |       ofm_iter_fu_225       |    0    |    15   |
|          |         nm_3_fu_291         |    0    |    15   |
|          |      ptr_simd_2_fu_344      |    0    |    16   |
|          |   indvar_flatten_op_fu_350  |    0    |    23   |
|----------|-----------------------------|---------|---------|
|          |          tmp_fu_178         |    0    |    13   |
|          |        tmp_264_fu_195       |    0    |    11   |
|          |        tmp_265_fu_201       |    0    |    11   |
|   icmp   |   exitcond_flatten_fu_213   |    0    |    18   |
|          |   exitcond_flatten7_fu_231  |    0    |    13   |
|          |     tmp_286_mid1_fu_245     |    0    |    11   |
|          |        tmp_891_fu_271       |    0    |    13   |
|          |     tmp_288_mid1_fu_311     |    0    |    11   |
|----------|-----------------------------|---------|---------|
|          |        nm_mid_fu_237        |    0    |    7    |
|          |     tmp_286_mid2_fu_251     |    0    |    2    |
|          |    op1_assign_mid2_fu_283   |    0    |    7    |
|  select  |    ptr_simd4_mid2_fu_303    |    0    |    9    |
|          |     or_cond_mid2_fu_323     |    0    |    2    |
|          |        nm_mid2_fu_331       |    0    |    7    |
|          |  indvar_flatten_next_fu_356 |    0    |    16   |
|----------|-----------------------------|---------|---------|
|          |        or_cond_fu_207       |    0    |    2    |
|    and   |      or_cond_mid_fu_265     |    0    |    2    |
|          |      tmp_289_mid_fu_277     |    0    |    2    |
|          |     or_cond_mid1_fu_317     |    0    |    2    |
|----------|-----------------------------|---------|---------|
|    xor   | not_exitcond_flatten_fu_259 |    0    |    2    |
|----------|-----------------------------|---------|---------|
|    or    |        tmp_871_fu_297       |    0    |    2    |
|----------|-----------------------------|---------|---------|
|   read   |        grp_read_fu_72       |    0    |    0    |
|----------|-----------------------------|---------|---------|
|   write  |   StgValue_64_write_fu_78   |    0    |    0    |
|----------|-----------------------------|---------|---------|
|   zext   |         tmp_s_fu_190        |    0    |    0    |
|          |        tmp_267_fu_339       |    0    |    0    |
|----------|-----------------------------|---------|---------|
|   Total  |                             |    0    |   276   |
|----------|-----------------------------|---------|---------|

Memories:
+------------+--------+--------+--------+
|            |  BRAM  |   FF   |   LUT  |
+------------+--------+--------+--------+
|inputBuf_0_V|    1   |    0   |    0   |
+------------+--------+--------+--------+
|    Total   |    1   |    0   |    0   |
+------------+--------+--------+--------+

* Register list:
+----------------------------+--------+
|                            |   FF   |
+----------------------------+--------+
|  exitcond_flatten_reg_373  |    1   |
|   indvar_flatten7_reg_123  |   21   |
|indvar_flatten_next1_reg_377|   21   |
| indvar_flatten_next_reg_407|   16   |
|   indvar_flatten_reg_145   |   16   |
| inputBuf_0_V_addr_3_reg_396|    8   |
|       nm_mid2_reg_391      |    7   |
|         nm_reg_156         |    7   |
|   op1_assign_mid2_reg_382  |    7   |
|     op1_assign_reg_134     |    7   |
|    or_cond_mid2_reg_387    |    1   |
|      ptr_simd4_reg_167     |    9   |
|     ptr_simd_1_reg_368     |    9   |
|     ptr_simd_2_reg_402     |    9   |
|      ptr_simd_reg_111      |    9   |
|         tmp_reg_364        |    1   |
+----------------------------+--------+
|            Total           |   149  |
+----------------------------+--------+

* Multiplexer (MUX) list: 
|------------------|------|------|------|--------||---------||---------|
|       Comp       |  Pin | Size |  BW  | S x BW ||  Delay  ||   LUT   |
|------------------|------|------|------|--------||---------||---------|
| grp_access_fu_91 |  p0  |   3  |   8  |   24   ||    15   |
| ptr_simd_reg_111 |  p0  |   2  |   9  |   18   ||    9    |
|------------------|------|------|------|--------||---------||---------|
|       Total      |      |      |      |   42   || 2.70325 ||    24   |
|------------------|------|------|------|--------||---------||---------|



* Summary:
+-----------+--------+--------+--------+--------+
|           |  BRAM  |  Delay |   FF   |   LUT  |
+-----------+--------+--------+--------+--------+
|  Function |    -   |    -   |    0   |   276  |
|   Memory  |    1   |    -   |    0   |    0   |
|Multiplexer|    -   |    2   |    -   |   24   |
|  Register |    -   |    -   |   149  |    -   |
+-----------+--------+--------+--------+--------+
|   Total   |    1   |    2   |   149  |   300  |
+-----------+--------+--------+--------+--------+
