

================================================================
== Vivado HLS Report for 'Relu1D417'
================================================================
* Date:           Wed May 10 08:49:53 2023

* Version:        2018.2 (Build 2258646 on Thu Jun 14 20:25:20 MDT 2018)
* Project:        S3
* Solution:       solution1
* Product family: zynq
* Target device:  xc7z045ffg900-2


================================================================
== Performance Estimates
================================================================
+ Timing (ns): 
    * Summary: 
    +--------+-------+----------+------------+
    |  Clock | Target| Estimated| Uncertainty|
    +--------+-------+----------+------------+
    |ap_clk  |  10.00|     7.518|        1.25|
    +--------+-------+----------+------------+

+ Latency (clock cycles): 
    * Summary: 
    +------+------+------+------+---------+
    |   Latency   |   Interval  | Pipeline|
    |  min |  max |  min |  max |   Type  |
    +------+------+------+------+---------+
    |  4098|  4098|  4098|  4098|   none  |
    +------+------+------+------+---------+

    + Detail: 
        * Instance: 
        N/A

        * Loop: 
        +------------+------+------+----------+-----------+-----------+------+----------+
        |            |   Latency   | Iteration|  Initiation Interval  | Trip |          |
        |  Loop Name |  min |  max |  Latency |  achieved |   target  | Count| Pipelined|
        +------------+------+------+----------+-----------+-----------+------+----------+
        |- loop_dim  |  4096|  4096|         2|          1|          1|  4096|    yes   |
        +------------+------+------+----------+-----------+-----------+------+----------+

============================================================
+ Verbose Summary: Synthesis Manager
============================================================
InlineROM: 1
ExposeGlobal: 0
============================================================
+ Verbose Summary: CDFG Model
============================================================
IsTopModel: 0
ResetActiveHigh: 1
IsCombinational: 2
IsDatapathOnly: 0
HasWiredReturn: 1
HasMFsm: 0
HasVarLatency: 1
IsPipeline: 0
IsRtlPipelined: 0
IsInstanceOverlapped: 0
IsDontTouch: 0
HasImplIP: 0
IsGatedGlobalClock: 0

+ Individual pipeline summary: 
  * Pipeline-0: initiation interval (II) = 1, depth = 2


============================================================
+ Verbose Summary: Schedule
============================================================
* Number of FSM states : 4
* Pipeline : 1
  Pipeline-0 : II = 1, D = 2, States = { 2 3 }
* Dataflow Pipeline: 0

* FSM state transitions: 
1 --> 
	2  / true
2 --> 
	4  / (tmp)
	3  / (!tmp)
3 --> 
	2  / true
4 --> 

* FSM state operations: 

State 1 <SV = 0> <Delay = 1.30>
ST_1 : Operation 5 [1/1] (0.00ns)   --->   "call void (...)* @_ssdm_op_SpecInterface(i32* %out_V_V, [8 x i8]* @ap_fifo_str, i32 0, i32 0, [1 x i8]* @p_str, i32 0, i32 0, [1 x i8]* @p_str, [1 x i8]* @p_str, [1 x i8]* @p_str, i32 2, i32 2, i32 16, i32 16, [1 x i8]* @p_str, [1 x i8]* @p_str)"   --->   Operation 5 'specinterface' <Predicate = true> <Delay = 0.00>
ST_1 : Operation 6 [1/1] (0.00ns)   --->   "call void (...)* @_ssdm_op_SpecInterface(i32* %in_V_V, [8 x i8]* @ap_fifo_str, i32 0, i32 0, [1 x i8]* @p_str, i32 0, i32 0, [1 x i8]* @p_str, [1 x i8]* @p_str, [1 x i8]* @p_str, i32 2, i32 2, i32 16, i32 16, [1 x i8]* @p_str, [1 x i8]* @p_str)"   --->   Operation 6 'specinterface' <Predicate = true> <Delay = 0.00>
ST_1 : Operation 7 [1/1] (1.30ns)   --->   "br label %1" [S3/conv1d.h:1123]   --->   Operation 7 'br' <Predicate = true> <Delay = 1.30>

State 2 <SV = 1> <Delay = 1.71>
ST_2 : Operation 8 [1/1] (0.00ns)   --->   "%i = phi i13 [ 0, %0 ], [ %i_4, %._crit_edge ]"   --->   Operation 8 'phi' 'i' <Predicate = true> <Delay = 0.00>
ST_2 : Operation 9 [1/1] (1.68ns)   --->   "%tmp = icmp eq i13 %i, -4096" [S3/conv1d.h:1123]   --->   Operation 9 'icmp' 'tmp' <Predicate = true> <Delay = 1.68> <Core = "Cmp">   --->   Core 25 'Cmp' <Latency = 0> <II = 1> <Delay = 1.68> <FuncUnit> <Opcode : 'icmp'> <InPorts = 2> <OutPorts = 1>
ST_2 : Operation 10 [1/1] (0.00ns)   --->   "%empty = call i32 (...)* @_ssdm_op_SpecLoopTripCount(i64 4096, i64 4096, i64 4096)"   --->   Operation 10 'speclooptripcount' 'empty' <Predicate = true> <Delay = 0.00>
ST_2 : Operation 11 [1/1] (1.71ns)   --->   "%i_4 = add i13 %i, 1" [S3/conv1d.h:1123]   --->   Operation 11 'add' 'i_4' <Predicate = true> <Delay = 1.71> <Core = "AddSub">   --->   Core 14 'AddSub' <Latency = 0> <II = 1> <Delay = 1.71> <FuncUnit> <Opcode : 'add' 'sub'> <InPorts = 2> <OutPorts = 1>
ST_2 : Operation 12 [1/1] (0.00ns)   --->   "br i1 %tmp, label %2, label %._crit_edge" [S3/conv1d.h:1123]   --->   Operation 12 'br' <Predicate = true> <Delay = 0.00>

State 3 <SV = 2> <Delay = 7.51>
ST_3 : Operation 13 [1/1] (0.00ns)   --->   "call void (...)* @_ssdm_op_SpecLoopName([9 x i8]* @p_str2272) nounwind" [S3/conv1d.h:1124]   --->   Operation 13 'specloopname' <Predicate = (!tmp)> <Delay = 0.00>
ST_3 : Operation 14 [1/1] (0.00ns)   --->   "%tmp_60 = call i32 (...)* @_ssdm_op_SpecRegionBegin([9 x i8]* @p_str2272)" [S3/conv1d.h:1124]   --->   Operation 14 'specregionbegin' 'tmp_60' <Predicate = (!tmp)> <Delay = 0.00>
ST_3 : Operation 15 [1/1] (0.00ns)   --->   "call void (...)* @_ssdm_op_SpecPipeline(i32 1, i32 1, i32 1, i32 0, [1 x i8]* @p_str1) nounwind" [S3/conv1d.h:1125]   --->   Operation 15 'specpipeline' <Predicate = (!tmp)> <Delay = 0.00>
ST_3 : Operation 16 [1/1] (3.40ns)   --->   "%tmp_V = call i32 @_ssdm_op_Read.ap_fifo.volatile.i32P(i32* %in_V_V)" [S3/conv1d.h:1127]   --->   Operation 16 'read' 'tmp_V' <Predicate = (!tmp)> <Delay = 3.40> <Core = "FIFO">   --->   Core 32 'FIFO' <Latency = 0> <II = 1> <Delay = 3.40> <Storage> <Opcode : 'read' 'write' 'nbread' 'nbwrite'> <Ports = 0> <Width = 32> <Depth = 2> <FIFO>
ST_3 : Operation 17 [1/1] (0.00ns)   --->   "%tmp_896 = trunc i32 %tmp_V to i31" [S3/conv1d.h:1140]   --->   Operation 17 'trunc' 'tmp_896' <Predicate = (!tmp)> <Delay = 0.00>
ST_3 : Operation 18 [1/1] (0.00ns)   --->   "%tmp_897 = call i1 @_ssdm_op_BitSelect.i1.i32.i32(i32 %tmp_V, i32 31)" [S3/conv1d.h:1140]   --->   Operation 18 'bitselect' 'tmp_897' <Predicate = (!tmp)> <Delay = 0.00>
ST_3 : Operation 19 [1/1] (0.71ns)   --->   "%tmp_V_401 = select i1 %tmp_897, i31 0, i31 %tmp_896" [S3/conv1d.h:1140]   --->   Operation 19 'select' 'tmp_V_401' <Predicate = (!tmp)> <Delay = 0.71> <Core = "Sel">   --->   Core 26 'Sel' <Latency = 0> <II = 1> <Delay = 0.71> <FuncUnit> <Opcode : 'select'> <InPorts = 3> <OutPorts = 1>
ST_3 : Operation 20 [1/1] (0.00ns)   --->   "%tmp_V_3 = zext i31 %tmp_V_401 to i32" [S3/conv1d.h:1140]   --->   Operation 20 'zext' 'tmp_V_3' <Predicate = (!tmp)> <Delay = 0.00>
ST_3 : Operation 21 [1/1] (3.40ns)   --->   "call void @_ssdm_op_Write.ap_fifo.volatile.i32P(i32* %out_V_V, i32 %tmp_V_3)" [S3/conv1d.h:1153]   --->   Operation 21 'write' <Predicate = (!tmp)> <Delay = 3.40> <Core = "FIFO">   --->   Core 32 'FIFO' <Latency = 0> <II = 1> <Delay = 3.40> <Storage> <Opcode : 'read' 'write' 'nbread' 'nbwrite'> <Ports = 0> <Width = 32> <Depth = 2> <FIFO>
ST_3 : Operation 22 [1/1] (0.00ns)   --->   "%empty_180 = call i32 (...)* @_ssdm_op_SpecRegionEnd([9 x i8]* @p_str2272, i32 %tmp_60)" [S3/conv1d.h:1154]   --->   Operation 22 'specregionend' 'empty_180' <Predicate = (!tmp)> <Delay = 0.00>
ST_3 : Operation 23 [1/1] (0.00ns)   --->   "br label %1" [S3/conv1d.h:1123]   --->   Operation 23 'br' <Predicate = (!tmp)> <Delay = 0.00>

State 4 <SV = 2> <Delay = 0.00>
ST_4 : Operation 24 [1/1] (0.00ns)   --->   "ret void" [S3/conv1d.h:1155]   --->   Operation 24 'ret' <Predicate = true> <Delay = 0.00>


============================================================
+ Verbose Summary: Binding
============================================================
STG Binding: 
---------------- STG Properties BEGIN ----------------
- Is combinational: 0
- Is one-state seq: 0
- Is datapath-only: 0
- Is pipelined: 0
- Is top level: 0
Port [ Return ] is wired: 1; IO mode=ap_ctrl_hs:ce=0
Port [ in_V_V]:  wired=1; compound=1; hidden=0; nouse=0; global=0; static=0; extern=0; dir=0; type=3; pingpong=0; private_global=0; IO mode=ap_fifo:ce=0
Port [ out_V_V]:  wired=1; compound=1; hidden=0; nouse=0; global=0; static=0; extern=0; dir=1; type=3; pingpong=0; private_global=0; IO mode=ap_fifo:ce=0
---------------- STG Properties END ------------------

---------------- Datapath Model BEGIN ----------------

<LifeTime>
<method=bitvector/>
StgValue_5  (specinterface    ) [ 00000]
StgValue_6  (specinterface    ) [ 00000]
StgValue_7  (br               ) [ 01110]
i           (phi              ) [ 00100]
tmp         (icmp             ) [ 00110]
empty       (speclooptripcount) [ 00000]
i_4         (add              ) [ 01110]
StgValue_12 (br               ) [ 00000]
StgValue_13 (specloopname     ) [ 00000]
tmp_60      (specregionbegin  ) [ 00000]
StgValue_15 (specpipeline     ) [ 00000]
tmp_V       (read             ) [ 00000]
tmp_896     (trunc            ) [ 00000]
tmp_897     (bitselect        ) [ 00000]
tmp_V_401   (select           ) [ 00000]
tmp_V_3     (zext             ) [ 00000]
StgValue_21 (write            ) [ 00000]
empty_180   (specregionend    ) [ 00000]
StgValue_23 (br               ) [ 01110]
StgValue_24 (ret              ) [ 00000]
</LifeTime>

<model>

<comp_list>
<comp id="0" class="1000" name="in_V_V">
<pin_list>
<pin id="1" dir="1" index="0" bw="1" slack="0"/>
</pin_list>
<bind>
<StgValue><ssdm name="in_V_V"/></StgValue>
</bind>
</comp>

<comp id="2" class="1000" name="out_V_V">
<pin_list>
<pin id="3" dir="1" index="0" bw="1" slack="0"/>
</pin_list>
<bind>
<StgValue><ssdm name="out_V_V"/></StgValue>
</bind>
</comp>

<comp id="4" class="1001" name="const_4">
<pin_list>
<pin id="5" dir="1" index="0" bw="1" slack="2147483647"/>
</pin_list>
<bind>
<StgValue><ssdm name="_ssdm_op_SpecInterface"/></StgValue>
</bind>
</comp>

<comp id="6" class="1001" name="const_6">
<pin_list>
<pin id="7" dir="1" index="0" bw="1" slack="2147483647"/>
</pin_list>
<bind>
<StgValue><ssdm name="ap_fifo_str"/></StgValue>
</bind>
</comp>

<comp id="8" class="1001" name="const_8">
<pin_list>
<pin id="9" dir="1" index="0" bw="1" slack="2147483647"/>
</pin_list>
<bind>
<StgValue><ssdm name=""/></StgValue>
</bind>
</comp>

<comp id="10" class="1001" name="const_10">
<pin_list>
<pin id="11" dir="1" index="0" bw="1" slack="2147483647"/>
</pin_list>
<bind>
<StgValue><ssdm name="p_str"/></StgValue>
</bind>
</comp>

<comp id="12" class="1001" name="const_12">
<pin_list>
<pin id="13" dir="1" index="0" bw="1" slack="2147483647"/>
</pin_list>
<bind>
<StgValue><ssdm name=""/></StgValue>
</bind>
</comp>

<comp id="14" class="1001" name="const_14">
<pin_list>
<pin id="15" dir="1" index="0" bw="1" slack="2147483647"/>
</pin_list>
<bind>
<StgValue><ssdm name=""/></StgValue>
</bind>
</comp>

<comp id="16" class="1001" name="const_16">
<pin_list>
<pin id="17" dir="1" index="0" bw="1" slack="1"/>
</pin_list>
<bind>
<StgValue><ssdm name=""/></StgValue>
</bind>
</comp>

<comp id="18" class="1001" name="const_18">
<pin_list>
<pin id="19" dir="1" index="0" bw="1" slack="0"/>
</pin_list>
<bind>
<StgValue><ssdm name=""/></StgValue>
</bind>
</comp>

<comp id="20" class="1001" name="const_20">
<pin_list>
<pin id="21" dir="1" index="0" bw="1" slack="2147483647"/>
</pin_list>
<bind>
<StgValue><ssdm name="_ssdm_op_SpecLoopTripCount"/></StgValue>
</bind>
</comp>

<comp id="22" class="1001" name="const_22">
<pin_list>
<pin id="23" dir="1" index="0" bw="1" slack="2147483647"/>
</pin_list>
<bind>
<StgValue><ssdm name=""/></StgValue>
</bind>
</comp>

<comp id="24" class="1001" name="const_24">
<pin_list>
<pin id="25" dir="1" index="0" bw="1" slack="0"/>
</pin_list>
<bind>
<StgValue><ssdm name=""/></StgValue>
</bind>
</comp>

<comp id="26" class="1001" name="const_26">
<pin_list>
<pin id="27" dir="1" index="0" bw="1" slack="2147483647"/>
</pin_list>
<bind>
<StgValue><ssdm name="_ssdm_op_SpecLoopName"/></StgValue>
</bind>
</comp>

<comp id="28" class="1001" name="const_28">
<pin_list>
<pin id="29" dir="1" index="0" bw="1" slack="2147483647"/>
</pin_list>
<bind>
<StgValue><ssdm name="p_str2272"/></StgValue>
</bind>
</comp>

<comp id="30" class="1001" name="const_30">
<pin_list>
<pin id="31" dir="1" index="0" bw="1" slack="2147483647"/>
</pin_list>
<bind>
<StgValue><ssdm name="_ssdm_op_SpecRegionBegin"/></StgValue>
</bind>
</comp>

<comp id="32" class="1001" name="const_32">
<pin_list>
<pin id="33" dir="1" index="0" bw="1" slack="2147483647"/>
</pin_list>
<bind>
<StgValue><ssdm name="_ssdm_op_SpecPipeline"/></StgValue>
</bind>
</comp>

<comp id="34" class="1001" name="const_34">
<pin_list>
<pin id="35" dir="1" index="0" bw="1" slack="2147483647"/>
</pin_list>
<bind>
<StgValue><ssdm name=""/></StgValue>
</bind>
</comp>

<comp id="36" class="1001" name="const_36">
<pin_list>
<pin id="37" dir="1" index="0" bw="1" slack="2147483647"/>
</pin_list>
<bind>
<StgValue><ssdm name="p_str1"/></StgValue>
</bind>
</comp>

<comp id="38" class="1001" name="const_38">
<pin_list>
<pin id="39" dir="1" index="0" bw="1" slack="0"/>
</pin_list>
<bind>
<StgValue><ssdm name="_ssdm_op_Read.ap_fifo.volatile.i32P"/></StgValue>
</bind>
</comp>

<comp id="40" class="1001" name="const_40">
<pin_list>
<pin id="41" dir="1" index="0" bw="1" slack="0"/>
</pin_list>
<bind>
<StgValue><ssdm name="_ssdm_op_BitSelect.i1.i32.i32"/></StgValue>
</bind>
</comp>

<comp id="42" class="1001" name="const_42">
<pin_list>
<pin id="43" dir="1" index="0" bw="1" slack="0"/>
</pin_list>
<bind>
<StgValue><ssdm name=""/></StgValue>
</bind>
</comp>

<comp id="44" class="1001" name="const_44">
<pin_list>
<pin id="45" dir="1" index="0" bw="1" slack="0"/>
</pin_list>
<bind>
<StgValue><ssdm name=""/></StgValue>
</bind>
</comp>

<comp id="46" class="1001" name="const_46">
<pin_list>
<pin id="47" dir="1" index="0" bw="1" slack="0"/>
</pin_list>
<bind>
<StgValue><ssdm name="_ssdm_op_Write.ap_fifo.volatile.i32P"/></StgValue>
</bind>
</comp>

<comp id="48" class="1001" name="const_48">
<pin_list>
<pin id="49" dir="1" index="0" bw="1" slack="2147483647"/>
</pin_list>
<bind>
<StgValue><ssdm name="_ssdm_op_SpecRegionEnd"/></StgValue>
</bind>
</comp>

<comp id="50" class="1004" name="tmp_V_read_fu_50">
<pin_list>
<pin id="51" dir="0" index="0" bw="32" slack="0"/>
<pin id="52" dir="0" index="1" bw="32" slack="0"/>
<pin id="53" dir="1" index="2" bw="32" slack="0"/>
</pin_list>
<bind>
<opcode="read(1150) " fcode="read"/>
<opset="tmp_V/3 "/>
</bind>
</comp>

<comp id="56" class="1004" name="StgValue_21_write_fu_56">
<pin_list>
<pin id="57" dir="0" index="0" bw="0" slack="0"/>
<pin id="58" dir="0" index="1" bw="32" slack="0"/>
<pin id="59" dir="0" index="2" bw="31" slack="0"/>
<pin id="60" dir="1" index="3" bw="0" slack="2147483647"/>
</pin_list>
<bind>
<opcode="write(1151) " fcode="write"/>
<opset="StgValue_21/3 "/>
</bind>
</comp>

<comp id="63" class="1005" name="i_reg_63">
<pin_list>
<pin id="64" dir="0" index="0" bw="13" slack="1"/>
<pin id="65" dir="1" index="1" bw="13" slack="1"/>
</pin_list>
<bind>
<opset="i (phireg) "/>
</bind>
</comp>

<comp id="67" class="1004" name="i_phi_fu_67">
<pin_list>
<pin id="68" dir="0" index="0" bw="1" slack="1"/>
<pin id="69" dir="0" index="1" bw="0" slack="2147483647"/>
<pin id="70" dir="0" index="2" bw="13" slack="0"/>
<pin id="71" dir="0" index="3" bw="0" slack="2147483647"/>
<pin id="72" dir="1" index="4" bw="13" slack="0"/>
</pin_list>
<bind>
<opcode="phi(47) " fcode="phi"/>
<opset="i/2 "/>
</bind>
</comp>

<comp id="74" class="1004" name="tmp_fu_74">
<pin_list>
<pin id="75" dir="0" index="0" bw="13" slack="0"/>
<pin id="76" dir="0" index="1" bw="13" slack="0"/>
<pin id="77" dir="1" index="2" bw="1" slack="1"/>
</pin_list>
<bind>
<opcode="icmp(45) " fcode="icmp"/>
<opset="tmp/2 "/>
</bind>
</comp>

<comp id="80" class="1004" name="i_4_fu_80">
<pin_list>
<pin id="81" dir="0" index="0" bw="13" slack="0"/>
<pin id="82" dir="0" index="1" bw="1" slack="0"/>
<pin id="83" dir="1" index="2" bw="13" slack="0"/>
</pin_list>
<bind>
<opcode="add(8) " fcode="add"/>
<opset="i_4/2 "/>
</bind>
</comp>

<comp id="86" class="1004" name="tmp_896_fu_86">
<pin_list>
<pin id="87" dir="0" index="0" bw="32" slack="0"/>
<pin id="88" dir="1" index="1" bw="31" slack="0"/>
</pin_list>
<bind>
<opcode="trunc(33) " fcode="trunc"/>
<opset="tmp_896/3 "/>
</bind>
</comp>

<comp id="90" class="1004" name="tmp_897_fu_90">
<pin_list>
<pin id="91" dir="0" index="0" bw="1" slack="0"/>
<pin id="92" dir="0" index="1" bw="32" slack="0"/>
<pin id="93" dir="0" index="2" bw="6" slack="0"/>
<pin id="94" dir="1" index="3" bw="1" slack="0"/>
</pin_list>
<bind>
<opcode="bitselect(1000) " fcode="bitselect"/>
<opset="tmp_897/3 "/>
</bind>
</comp>

<comp id="98" class="1004" name="tmp_V_401_fu_98">
<pin_list>
<pin id="99" dir="0" index="0" bw="1" slack="0"/>
<pin id="100" dir="0" index="1" bw="1" slack="0"/>
<pin id="101" dir="0" index="2" bw="31" slack="0"/>
<pin id="102" dir="1" index="3" bw="31" slack="0"/>
</pin_list>
<bind>
<opcode="select(49) " fcode="select"/>
<opset="tmp_V_401/3 "/>
</bind>
</comp>

<comp id="106" class="1004" name="tmp_V_3_fu_106">
<pin_list>
<pin id="107" dir="0" index="0" bw="31" slack="0"/>
<pin id="108" dir="1" index="1" bw="32" slack="0"/>
</pin_list>
<bind>
<opcode="zext(34) " fcode="zext"/>
<opset="tmp_V_3/3 "/>
</bind>
</comp>

<comp id="111" class="1005" name="tmp_reg_111">
<pin_list>
<pin id="112" dir="0" index="0" bw="1" slack="1"/>
<pin id="113" dir="1" index="1" bw="1" slack="2147483647"/>
</pin_list>
<bind>
<opset="tmp "/>
</bind>
</comp>

<comp id="115" class="1005" name="i_4_reg_115">
<pin_list>
<pin id="116" dir="0" index="0" bw="13" slack="0"/>
<pin id="117" dir="1" index="1" bw="13" slack="0"/>
</pin_list>
<bind>
<opset="i_4 "/>
</bind>
</comp>

</comp_list>

<net_list>
<net id="54"><net_src comp="38" pin="0"/><net_sink comp="50" pin=0"/></net>

<net id="55"><net_src comp="0" pin="0"/><net_sink comp="50" pin=1"/></net>

<net id="61"><net_src comp="46" pin="0"/><net_sink comp="56" pin=0"/></net>

<net id="62"><net_src comp="2" pin="0"/><net_sink comp="56" pin=1"/></net>

<net id="66"><net_src comp="16" pin="0"/><net_sink comp="63" pin=0"/></net>

<net id="73"><net_src comp="63" pin="1"/><net_sink comp="67" pin=0"/></net>

<net id="78"><net_src comp="67" pin="4"/><net_sink comp="74" pin=0"/></net>

<net id="79"><net_src comp="18" pin="0"/><net_sink comp="74" pin=1"/></net>

<net id="84"><net_src comp="67" pin="4"/><net_sink comp="80" pin=0"/></net>

<net id="85"><net_src comp="24" pin="0"/><net_sink comp="80" pin=1"/></net>

<net id="89"><net_src comp="50" pin="2"/><net_sink comp="86" pin=0"/></net>

<net id="95"><net_src comp="40" pin="0"/><net_sink comp="90" pin=0"/></net>

<net id="96"><net_src comp="50" pin="2"/><net_sink comp="90" pin=1"/></net>

<net id="97"><net_src comp="42" pin="0"/><net_sink comp="90" pin=2"/></net>

<net id="103"><net_src comp="90" pin="3"/><net_sink comp="98" pin=0"/></net>

<net id="104"><net_src comp="44" pin="0"/><net_sink comp="98" pin=1"/></net>

<net id="105"><net_src comp="86" pin="1"/><net_sink comp="98" pin=2"/></net>

<net id="109"><net_src comp="98" pin="3"/><net_sink comp="106" pin=0"/></net>

<net id="110"><net_src comp="106" pin="1"/><net_sink comp="56" pin=2"/></net>

<net id="114"><net_src comp="74" pin="2"/><net_sink comp="111" pin=0"/></net>

<net id="118"><net_src comp="80" pin="2"/><net_sink comp="115" pin=0"/></net>

<net id="119"><net_src comp="115" pin="1"/><net_sink comp="67" pin=2"/></net>

</net_list>

</model> 
---------------- Datapath Model END ------------------

* FSMD analyzer results:
  - Output states:
	Port: out_V_V | {3 }
 - Input state : 
	Port: Relu1D417 : in_V_V | {3 }
  - Chain level:
	State 1
	State 2
		tmp : 1
		i_4 : 1
		StgValue_12 : 2
	State 3
		tmp_V_401 : 1
		tmp_V_3 : 2
		StgValue_21 : 3
		empty_180 : 1
	State 4


============================================================
+ Verbose Summary: Datapath Resource usage 
============================================================

* Functional unit list:
|----------|-------------------------|---------|---------|
| Operation|     Functional Unit     |    FF   |   LUT   |
|----------|-------------------------|---------|---------|
|  select  |     tmp_V_401_fu_98     |    0    |    31   |
|----------|-------------------------|---------|---------|
|    add   |        i_4_fu_80        |    0    |    20   |
|----------|-------------------------|---------|---------|
|   icmp   |        tmp_fu_74        |    0    |    13   |
|----------|-------------------------|---------|---------|
|   read   |     tmp_V_read_fu_50    |    0    |    0    |
|----------|-------------------------|---------|---------|
|   write  | StgValue_21_write_fu_56 |    0    |    0    |
|----------|-------------------------|---------|---------|
|   trunc  |      tmp_896_fu_86      |    0    |    0    |
|----------|-------------------------|---------|---------|
| bitselect|      tmp_897_fu_90      |    0    |    0    |
|----------|-------------------------|---------|---------|
|   zext   |      tmp_V_3_fu_106     |    0    |    0    |
|----------|-------------------------|---------|---------|
|   Total  |                         |    0    |    64   |
|----------|-------------------------|---------|---------|

Memories:
N/A

* Register list:
+-----------+--------+
|           |   FF   |
+-----------+--------+
|i_4_reg_115|   13   |
|  i_reg_63 |   13   |
|tmp_reg_111|    1   |
+-----------+--------+
|   Total   |   27   |
+-----------+--------+

* Multiplexer (MUX) list: 
|--------|------|------|------|--------|
|  Comp  |  Pin | Size |  BW  | S x BW |
|--------|------|------|------|--------|
|  Total |      |      |      |    0   |
|--------|------|------|------|--------|



* Summary:
+-----------+--------+--------+
|           |   FF   |   LUT  |
+-----------+--------+--------+
|  Function |    0   |   64   |
|   Memory  |    -   |    -   |
|Multiplexer|    -   |    -   |
|  Register |   27   |    -   |
+-----------+--------+--------+
|   Total   |   27   |   64   |
+-----------+--------+--------+
