

================================================================
== Vivado HLS Report for 'Conv1DMac_new327'
================================================================
* Date:           Tue May  9 01:02:04 2023

* Version:        2018.3 (Build 2405991 on Thu Dec 06 23:56:15 MST 2018)
* Project:        3_3_3
* Solution:       solution1
* Product family: zynq
* Target device:  xc7z045ffg900-2


================================================================
== Performance Estimates
================================================================
+ Timing (ns): 
    * Summary: 
    +--------+-------+----------+------------+
    |  Clock | Target| Estimated| Uncertainty|
    +--------+-------+----------+------------+
    |ap_clk  |  10.00|     8.255|        1.25|
    +--------+-------+----------+------------+

+ Latency (clock cycles): 
    * Summary: 
    +--------+--------+--------+--------+---------+
    |     Latency     |     Interval    | Pipeline|
    |   min  |   max  |   min  |   max  |   Type  |
    +--------+--------+--------+--------+---------+
    |  262148|  262148|  262148|  262148|   none  |
    +--------+--------+--------+--------+---------+

    + Detail: 
        * Instance: 
        N/A

        * Loop: 
        +-----------------------------------------------------+--------+--------+----------+-----------+-----------+--------+----------+
        |                                                     |     Latency     | Iteration|  Initiation Interval  |  Trip  |          |
        |                      Loop Name                      |   min  |   max  |  Latency |  achieved |   target  |  Count | Pipelined|
        +-----------------------------------------------------+--------+--------+----------+-----------+-----------+--------+----------+
        |- loop_ofmChannels_loop_neuronFold_loop_synapseFold  |  262146|  262146|         4|          1|          1|  262144|    yes   |
        +-----------------------------------------------------+--------+--------+----------+-----------+-----------+--------+----------+



================================================================
== Utilization Estimates
================================================================
* Summary: 
+-----------------+---------+-------+--------+--------+
|       Name      | BRAM_18K| DSP48E|   FF   |   LUT  |
+-----------------+---------+-------+--------+--------+
|DSP              |        -|      -|       -|       -|
|Expression       |        -|      0|       0|     424|
|FIFO             |        -|      -|       -|       -|
|Instance         |        -|      -|       0|     260|
|Memory           |        4|      -|       0|       0|
|Multiplexer      |        -|      -|       -|      45|
|Register         |        0|      -|     336|      96|
+-----------------+---------+-------+--------+--------+
|Total            |        4|      0|     336|     825|
+-----------------+---------+-------+--------+--------+
|Available        |     1090|    900|  437200|  218600|
+-----------------+---------+-------+--------+--------+
|Utilization (%)  |    ~0   |      0|   ~0   |   ~0   |
+-----------------+---------+-------+--------+--------+

+ Detail: 
    * Instance: 
    +---------------------------------+----------------------------+---------+-------+---+----+
    |             Instance            |           Module           | BRAM_18K| DSP48E| FF| LUT|
    +---------------------------------+----------------------------+---------+-------+---+----+
    |computeS1_mux_164DeQ_x_x_x_U104  |computeS1_mux_164DeQ_x_x_x  |        0|      0|  0|  65|
    |computeS1_mux_164DeQ_x_x_x_U105  |computeS1_mux_164DeQ_x_x_x  |        0|      0|  0|  65|
    |computeS1_mux_164DeQ_x_x_x_U106  |computeS1_mux_164DeQ_x_x_x  |        0|      0|  0|  65|
    |computeS1_mux_164DeQ_x_x_x_U107  |computeS1_mux_164DeQ_x_x_x  |        0|      0|  0|  65|
    +---------------------------------+----------------------------+---------+-------+---+----+
    |Total                            |                            |        0|      0|  0| 260|
    +---------------------------------+----------------------------+---------+-------+---+----+

    * DSP48: 
    N/A

    * Memory: 
    +--------------------------+----------------------+---------+---+----+------+-----+------+-------------+
    |          Memory          |        Module        | BRAM_18K| FF| LUT| Words| Bits| Banks| W*Bits*Banks|
    +--------------------------+----------------------+---------+---+----+------+-----+------+-------------+
    |weights4_m_weights_V_U    |Conv1DMac_new327_QgW  |        1|  0|   0|  1024|    8|     1|         8192|
    |weights4_m_weights_V_1_U  |Conv1DMac_new327_Rg6  |        1|  0|   0|  1024|    8|     1|         8192|
    |weights4_m_weights_V_2_U  |Conv1DMac_new327_Shg  |        1|  0|   0|  1024|    8|     1|         8192|
    |weights4_m_weights_V_3_U  |Conv1DMac_new327_Thq  |        1|  0|   0|  1024|    8|     1|         8192|
    +--------------------------+----------------------+---------+---+----+------+-----+------+-------------+
    |Total                     |                      |        4|  0|   0|  4096|   32|     4|        32768|
    +--------------------------+----------------------+---------+---+----+------+-----+------+-------------+

    * FIFO: 
    N/A

    * Expression: 
    +----------------------------------+----------+-------+---+----+------------+------------+
    |           Variable Name          | Operation| DSP48E| FF| LUT| Bitwidth P0| Bitwidth P1|
    +----------------------------------+----------+-------+---+----+------------+------------+
    |tmp_162_1_fu_573_p2               |     *    |      0|  0|  41|           8|           8|
    |tmp_162_2_fu_631_p2               |     *    |      0|  0|  41|           8|           8|
    |tmp_162_3_fu_689_p2               |     *    |      0|  0|  41|           8|           8|
    |tmp_45_fu_515_p2                  |     *    |      0|  0|  41|           8|           8|
    |indvar_flatten_next3_fu_355_p2    |     +    |      0|  0|  19|           1|          19|
    |indvar_flatten_op_fu_487_p2       |     +    |      0|  0|  12|          12|           1|
    |macRegisters_0_V_fu_763_p2        |     +    |      0|  0|   8|           8|           8|
    |macRegisters_1_V_fu_777_p2        |     +    |      0|  0|   8|           8|           8|
    |macRegisters_2_V_fu_791_p2        |     +    |      0|  0|   8|           8|           8|
    |macRegisters_3_V_fu_805_p2        |     +    |      0|  0|   8|           8|           8|
    |nm_1_fu_409_p2                    |     +    |      0|  0|   7|           1|           5|
    |result_V_1_fu_911_p2              |     +    |      0|  0|   8|           8|           8|
    |result_V_2_fu_954_p2              |     +    |      0|  0|   8|           8|           8|
    |result_V_3_fu_997_p2              |     +    |      0|  0|   8|           8|           8|
    |result_V_fu_868_p2                |     +    |      0|  0|   8|           8|           8|
    |sf_1_fu_481_p2                    |     +    |      0|  0|   7|           7|           1|
    |tmp1_fu_758_p2                    |     +    |      0|  0|   8|           8|           8|
    |tmp2_fu_772_p2                    |     +    |      0|  0|   8|           8|           8|
    |tmp3_fu_786_p2                    |     +    |      0|  0|   8|           8|           8|
    |tmp4_fu_800_p2                    |     +    |      0|  0|   8|           8|           8|
    |tmp_42_fu_469_p2                  |     +    |      0|  0|  10|          10|          10|
    |ap_block_state3_pp0_stage0_iter1  |    and   |      0|  0|   1|           1|           1|
    |ap_block_state5_pp0_stage0_iter3  |    and   |      0|  0|   1|           1|           1|
    |tmp_169_1_fu_621_p2               |    and   |      0|  0|   1|           1|           1|
    |tmp_169_2_fu_679_p2               |    and   |      0|  0|   1|           1|           1|
    |tmp_169_3_fu_737_p2               |    and   |      0|  0|   1|           1|           1|
    |tmp_48_fu_563_p2                  |    and   |      0|  0|   1|           1|           1|
    |tmp_91_mid_fu_403_p2              |    and   |      0|  0|   1|           1|           1|
    |exitcond_flatten3_fu_349_p2       |   icmp   |      0|  0|   8|          19|          20|
    |exitcond_flatten_fu_361_p2        |   icmp   |      0|  0|   5|          12|          11|
    |p_1_fu_601_p2                     |   icmp   |      0|  0|   3|           6|           1|
    |p_2_fu_659_p2                     |   icmp   |      0|  0|   3|           6|           1|
    |p_3_fu_717_p2                     |   icmp   |      0|  0|   3|           6|           1|
    |p_s_fu_543_p2                     |   icmp   |      0|  0|   3|           6|           1|
    |tmp_353_fu_397_p2                 |   icmp   |      0|  0|   4|           7|           8|
    |tmp_49_fu_475_p2                  |   icmp   |      0|  0|   3|           7|           6|
    |ap_block_pp0_stage0_01001         |    or    |      0|  0|   1|           1|           1|
    |ap_block_state1                   |    or    |      0|  0|   1|           1|           1|
    |tmp_165_1_fu_607_p2               |    or    |      0|  0|   1|           1|           1|
    |tmp_165_2_fu_665_p2               |    or    |      0|  0|   1|           1|           1|
    |tmp_165_3_fu_723_p2               |    or    |      0|  0|   1|           1|           1|
    |tmp_354_fu_415_p2                 |    or    |      0|  0|   1|           1|           1|
    |tmp_47_fu_549_p2                  |    or    |      0|  0|   1|           1|           1|
    |indvar_flatten_next_fu_493_p3     |  select  |      0|  0|  12|           1|           1|
    |nm_mid2_fu_457_p3                 |  select  |      0|  0|   5|           1|           5|
    |nm_mid_fu_367_p3                  |  select  |      0|  0|   5|           1|           1|
    |nm_t_mid2_fu_449_p3               |  select  |      0|  0|   4|           1|           4|
    |nm_t_mid_fu_383_p3                |  select  |      0|  0|   4|           1|           1|
    |sf_mid2_fu_421_p3                 |  select  |      0|  0|   7|           1|           1|
    |tmp_90_mid2_fu_441_p3             |  select  |      0|  0|  10|           1|          10|
    |tmp_90_mid_fu_375_p3              |  select  |      0|  0|  10|           1|           1|
    |ap_enable_pp0                     |    xor   |      0|  0|   2|           1|           2|
    |ap_enable_reg_pp0_iter1           |    xor   |      0|  0|   2|           2|           1|
    |not_exitcond_flatten_fu_391_p2    |    xor   |      0|  0|   2|           1|           2|
    +----------------------------------+----------+-------+---+----+------------+------------+
    |Total                             |          |      0|  0| 424|         254|         256|
    +----------------------------------+----------+-------+---+----+------------+------------+

    * Multiplexer: 
    +---------------------------+----+-----------+-----+-----------+
    |            Name           | LUT| Input Size| Bits| Total Bits|
    +---------------------------+----+-----------+-----+-----------+
    |ap_NS_fsm                  |   3|          4|    1|          4|
    |ap_done                    |   3|          2|    1|          2|
    |ap_enable_reg_pp0_iter1    |   3|          2|    1|          2|
    |ap_enable_reg_pp0_iter3    |   3|          2|    1|          2|
    |in_V_V_blk_n               |   3|          2|    1|          2|
    |indvar_flatten3_reg_273    |   3|          2|   19|         38|
    |indvar_flatten_reg_284     |   3|          2|   12|         24|
    |macRegisters_0_V_1_fu_192  |   3|          2|    8|         16|
    |macRegisters_1_V_1_fu_196  |   3|          2|    8|         16|
    |macRegisters_2_V_1_fu_200  |   3|          2|    8|         16|
    |macRegisters_3_V_1_fu_204  |   3|          2|    8|         16|
    |nm_reg_295                 |   3|          2|    5|         10|
    |out_V_V_blk_n              |   3|          2|    1|          2|
    |real_start                 |   3|          2|    1|          2|
    |sf_reg_306                 |   3|          2|    7|         14|
    +---------------------------+----+-----------+-----+-----------+
    |Total                      |  45|         32|   82|        166|
    +---------------------------+----+-----------+-----+-----------+

    * Register: 
    +----------------------------+----+----+-----+-----------+
    |            Name            | FF | LUT| Bits| Const Bits|
    +----------------------------+----+----+-----+-----------+
    |ap_CS_fsm                   |   3|   0|    3|          0|
    |ap_done_reg                 |   1|   0|    1|          0|
    |ap_enable_reg_pp0_iter0     |   1|   0|    1|          0|
    |ap_enable_reg_pp0_iter1     |   1|   0|    1|          0|
    |ap_enable_reg_pp0_iter2     |   1|   0|    1|          0|
    |ap_enable_reg_pp0_iter3     |   1|   0|    1|          0|
    |exitcond_flatten3_reg_1044  |   1|   0|    1|          0|
    |indvar_flatten3_reg_273     |  19|   0|   19|          0|
    |indvar_flatten_reg_284      |  12|   0|   12|          0|
    |macRegisters_0_V_1_fu_192   |   8|   0|    8|          0|
    |macRegisters_1_V_1_fu_196   |   8|   0|    8|          0|
    |macRegisters_2_V_1_fu_200   |   8|   0|    8|          0|
    |macRegisters_3_V_1_fu_204   |   8|   0|    8|          0|
    |nm_reg_295                  |   5|   0|    5|          0|
    |nm_t_mid2_reg_1053          |   4|   0|    4|          0|
    |sf_reg_306                  |   7|   0|    7|          0|
    |start_once_reg              |   1|   0|    1|          0|
    |tmp_164_1_reg_1120          |   8|   0|    8|          0|
    |tmp_164_2_reg_1130          |   8|   0|    8|          0|
    |tmp_164_3_reg_1140          |   8|   0|    8|          0|
    |tmp_169_1_reg_1125          |   1|   0|    1|          0|
    |tmp_169_2_reg_1135          |   1|   0|    1|          0|
    |tmp_169_3_reg_1145          |   1|   0|    1|          0|
    |tmp_42_reg_1066             |  10|   0|   10|          0|
    |tmp_46_reg_1110             |   8|   0|    8|          0|
    |tmp_48_reg_1115             |   1|   0|    1|          0|
    |tmp_49_reg_1071             |   1|   0|    1|          0|
    |tmp_V_48_reg_1085           |   8|   0|    8|          0|
    |exitcond_flatten3_reg_1044  |  64|  32|    1|          0|
    |nm_t_mid2_reg_1053          |  64|  32|    4|          0|
    |tmp_49_reg_1071             |  64|  32|    1|          0|
    +----------------------------+----+----+-----+-----------+
    |Total                       | 336|  96|  150|          0|
    +----------------------------+----+----+-----+-----------+



================================================================
== Interface
================================================================
* Summary: 
+----------------+-----+-----+------------+------------------+--------------+
|    RTL Ports   | Dir | Bits|  Protocol  |   Source Object  |    C Type    |
+----------------+-----+-----+------------+------------------+--------------+
|ap_clk          |  in |    1| ap_ctrl_hs | Conv1DMac_new327 | return value |
|ap_rst          |  in |    1| ap_ctrl_hs | Conv1DMac_new327 | return value |
|ap_start        |  in |    1| ap_ctrl_hs | Conv1DMac_new327 | return value |
|start_full_n    |  in |    1| ap_ctrl_hs | Conv1DMac_new327 | return value |
|ap_done         | out |    1| ap_ctrl_hs | Conv1DMac_new327 | return value |
|ap_continue     |  in |    1| ap_ctrl_hs | Conv1DMac_new327 | return value |
|ap_idle         | out |    1| ap_ctrl_hs | Conv1DMac_new327 | return value |
|ap_ready        | out |    1| ap_ctrl_hs | Conv1DMac_new327 | return value |
|start_out       | out |    1| ap_ctrl_hs | Conv1DMac_new327 | return value |
|start_write     | out |    1| ap_ctrl_hs | Conv1DMac_new327 | return value |
|in_V_V_dout     |  in |    8|   ap_fifo  |      in_V_V      |    pointer   |
|in_V_V_empty_n  |  in |    1|   ap_fifo  |      in_V_V      |    pointer   |
|in_V_V_read     | out |    1|   ap_fifo  |      in_V_V      |    pointer   |
|out_V_V_din     | out |   32|   ap_fifo  |      out_V_V     |    pointer   |
|out_V_V_full_n  |  in |    1|   ap_fifo  |      out_V_V     |    pointer   |
|out_V_V_write   | out |    1|   ap_fifo  |      out_V_V     |    pointer   |
+----------------+-----+-----+------------+------------------+--------------+

