INFO: [HLS 200-0] Workspace /net/user/r1/unix/amur/Desktop/LocalGrp_CSIM/solution1 opened at Wed Sep 07 14:31:28 CEST 2022
Execute     config_clock -quiet -name default -period 10 -default=false 
INFO: [SYN 201-201] Setting up clock 'default' with a period of 10ns.
Command     config_clock returned 0; 0 sec.
Execute     open_platform DefaultPlatform 
Command     open_platform returned 0; 0 sec.
Execute     import_lib /software/Xilinx/Vivado/2017.4/common/technology/xilinx/zynq/zynq 
Execute       source /software/Xilinx/Vivado/2017.4/common/technology/xilinx/common/xilinx.lib 
Execute         source /software/Xilinx/Vivado/2017.4/common/technology/xilinx/interface/xilinx_interface.lib 
Execute           source /software/Xilinx/Vivado/2017.4/common/technology/xilinx/interface/plb46.lib 
Command           ap_source returned 0; 0 sec.
Execute           source /software/Xilinx/Vivado/2017.4/common/technology/xilinx/interface/fsl.lib 
Command           ap_source returned 0; 0 sec.
Execute           source /software/Xilinx/Vivado/2017.4/common/technology/xilinx/interface/axi4.lib 
Command           ap_source returned 0; 0 sec.
Execute           source /software/Xilinx/Vivado/2017.4/common/technology/xilinx/interface/maxi.lib 
Command           ap_source returned 0; 0 sec.
Execute           source /software/Xilinx/Vivado/2017.4/common/technology/xilinx/interface/saxilite.lib 
Command           ap_source returned 0; 0 sec.
Command         ap_source returned 0; 0.01 sec.
Execute         source /software/Xilinx/Vivado/2017.4/common/technology/xilinx/common/dsp48.lib 
Command         ap_source returned 0; 0 sec.
Execute         source /software/Xilinx/Vivado/2017.4/common/technology/xilinx/ip/dds_compiler.lib 
Command         ap_source returned 0; 0 sec.
Execute         source /software/Xilinx/Vivado/2017.4/common/technology/xilinx/ip/xfft.lib 
Command         ap_source returned 0; 0 sec.
Execute         source /software/Xilinx/Vivado/2017.4/common/technology/xilinx/ip/xfir.lib 
Command         ap_source returned 0; 0 sec.
Command       ap_source returned 0; 0.02 sec.
Execute       source /software/Xilinx/Vivado/2017.4/common/technology/xilinx/common/xilinx_old.lib 
Command       ap_source returned 0; 0 sec.
Execute       source /software/Xilinx/Vivado/2017.4/common/technology/xilinx/common/xilinx_vivado.lib 
Command       ap_source returned 0; 0.01 sec.
Execute       source /software/Xilinx/Vivado/2017.4/common/technology/xilinx/common/xilinx.hlp 
Execute         source /software/Xilinx/Vivado/2017.4/common/technology/xilinx/common/target_info.tcl 
Command         ap_source returned 0; 0 sec.
Execute         source /software/Xilinx/Vivado/2017.4/common/technology/xilinx/interface/xilinx_interface.hlp 
Execute           source /software/Xilinx/Vivado/2017.4/common/technology/xilinx/interface/maxi.hlp 
Command           ap_source returned 0; 0.01 sec.
Execute           source /software/Xilinx/Vivado/2017.4/common/technology/xilinx/interface/saxilite.hlp 
Command           ap_source returned 0; 0 sec.
Command         ap_source returned 0; 0.01 sec.
Execute         source /software/Xilinx/Vivado/2017.4/common/technology/xilinx/common/dsp48.hlp 
Command         ap_source returned 0; 0 sec.
Command       ap_source returned 0; 0.01 sec.
Execute       source /software/Xilinx/Vivado/2017.4/common/technology/xilinx/zynq/dsp48e1.hlp 
Command       ap_source returned 0; 0 sec.
Execute       get_default_platform 
Command       get_default_platform returned 0; 0 sec.
Execute       config_chip_info -quiet -resource  {SLICE 13300}  {LUT 53200}     {FF 106400} {DSP48E 220}   {BRAM 280}  
Command       config_chip_info returned 0; 0 sec.
Execute       config_chip_info -quiet -speed medium 
Command       config_chip_info returned 0; 0 sec.
Execute       source /software/Xilinx/Vivado/2017.4/common/technology/xilinx/common/xilinx.hlp 
Execute         source /software/Xilinx/Vivado/2017.4/common/technology/xilinx/common/target_info.tcl 
Command         ap_source returned 0; 0 sec.
Execute         source /software/Xilinx/Vivado/2017.4/common/technology/xilinx/interface/xilinx_interface.hlp 
Execute           source /software/Xilinx/Vivado/2017.4/common/technology/xilinx/interface/maxi.hlp 
Command           ap_source returned 0; 0 sec.
Execute           source /software/Xilinx/Vivado/2017.4/common/technology/xilinx/interface/saxilite.hlp 
Command           ap_source returned 0; 0 sec.
Command         ap_source returned 0; 0 sec.
Execute         source /software/Xilinx/Vivado/2017.4/common/technology/xilinx/common/dsp48.hlp 
Command         ap_source returned 0; 0 sec.
Command       ap_source returned 0; 0.01 sec.
Command     import_lib returned 0; 0.05 sec.
Execute     source /software/Xilinx/Vivado/2017.4/common/technology/xilinx/zynq/zynq.gen 
Execute       source /software/Xilinx/Vivado/2017.4/common/technology/xilinx/common/virtex.gen 
Execute         source /software/Xilinx/Vivado/2017.4/common/technology/xilinx/common/xilinx.gen 
Execute           source /software/Xilinx/Vivado/2017.4/common/technology/xilinx/interface/plb46.gen 
Command           ap_source returned 0; 0 sec.
Execute           source /software/Xilinx/Vivado/2017.4/common/technology/xilinx/interface/fsl.gen 
Command           ap_source returned 0; 0 sec.
Execute           source /software/Xilinx/Vivado/2017.4/common/technology/xilinx/interface/axi4.gen 
Command           ap_source returned 0; 0.01 sec.
Execute           source /software/Xilinx/Vivado/2017.4/common/technology/xilinx/interface/nativeAXI4.gen 
Execute             source /software/Xilinx/Vivado/2017.4/common/technology/xilinx/interface/saxilite.gen 
Command             ap_source returned 0; 0 sec.
Execute             source /software/Xilinx/Vivado/2017.4/common/technology/xilinx/interface/maxi.gen 
Command             ap_source returned 0; 0.02 sec.
Command           ap_source returned 0; 0.02 sec.
Execute           source /software/Xilinx/Vivado/2017.4/common/technology/xilinx/scripts/xilinxcoregen.gen 
Command           ap_source returned 0; 0.01 sec.
Execute           source /software/Xilinx/Vivado/2017.4/common/technology/xilinx/interface/XilEDKCoreGen.gen 
Command           ap_source returned 0; 0.01 sec.
Execute           source /software/Xilinx/Vivado/2017.4/common/technology/xilinx/ip/dds_compiler.gen 
Command           ap_source returned 0; 0 sec.
Execute           source /software/Xilinx/Vivado/2017.4/common/technology/xilinx/ip/util.gen 
Command           ap_source returned 0; 0 sec.
Execute           source /software/Xilinx/Vivado/2017.4/common/technology/xilinx/ip/xfft.gen 
Command           ap_source returned 0; 0.09 sec.
Execute           source /software/Xilinx/Vivado/2017.4/common/technology/xilinx/ip/xfir.gen 
Command           ap_source returned 0; 0 sec.
Command         ap_source returned 0; 0.14 sec.
Execute         source /software/Xilinx/Vivado/2017.4/common/technology/xilinx/common/dsp48.gen 
Command         ap_source returned 0; 0 sec.
Command       ap_source returned 0; 0.15 sec.
Command     ap_source returned 0; 0.15 sec.
Execute     open_platform DefaultPlatform 
Command     open_platform returned 0; 0 sec.
Execute     import_lib /software/Xilinx/Vivado/2017.4/common/technology/xilinx/zynq/zynq_fpv6 
Execute       source /software/Xilinx/Vivado/2017.4/common/technology/xilinx/common/xilinx_fpv7.lib 
Execute         source /software/Xilinx/Vivado/2017.4/common/technology/xilinx/common/xilinx_hp.lib 
Command         ap_source returned 0; 0.01 sec.
Command       ap_source returned 0; 0.01 sec.
Execute       source /software/Xilinx/Vivado/2017.4/common/technology/xilinx/common/xilinx_fpv.hlp 
Execute         source /software/Xilinx/Vivado/2017.4/common/technology/xilinx/common/xilinx.hlp 
Execute           source /software/Xilinx/Vivado/2017.4/common/technology/xilinx/common/target_info.tcl 
Command           ap_source returned 0; 0 sec.
Execute           source /software/Xilinx/Vivado/2017.4/common/technology/xilinx/interface/xilinx_interface.hlp 
Execute             source /software/Xilinx/Vivado/2017.4/common/technology/xilinx/interface/maxi.hlp 
Command             ap_source returned 0; 0 sec.
Execute             source /software/Xilinx/Vivado/2017.4/common/technology/xilinx/interface/saxilite.hlp 
Command             ap_source returned 0; 0 sec.
Command           ap_source returned 0; 0 sec.
Execute           source /software/Xilinx/Vivado/2017.4/common/technology/xilinx/common/dsp48.hlp 
Command           ap_source returned 0; 0 sec.
Command         ap_source returned 0; 0 sec.
Command       ap_source returned 0; 0 sec.
Execute       source /software/Xilinx/Vivado/2017.4/common/technology/xilinx/zynq/zynq_hp.hlp 
Command       ap_source returned 0; 0.01 sec.
Command     import_lib returned 0; 0.03 sec.
Execute     source /software/Xilinx/Vivado/2017.4/common/technology/xilinx/zynq/zynq_fpv6.gen 
Execute       source /software/Xilinx/Vivado/2017.4/common/technology/xilinx/common/xilinx_fpv6.gen 
Command       ap_source returned 0; 0 sec.
Command     ap_source returned 0; 0 sec.
Execute     set_part xc7z045ffg900-2 
Execute       add_library xilinx/zynq/zynq:xc7z045:ffg900:-2 
Execute         get_default_platform 
Command         get_default_platform returned 0; 0 sec.
Execute         license_isbetapart xc7z045 
Command         license_isbetapart returned 1; 0.02 sec.
Execute         get_default_platform 
Command         get_default_platform returned 0; 0 sec.
Execute         config_chip_info -quiet -resource  {SLICE 54650}  {LUT 218600}    {FF 437200} {DSP48E 900}   {BRAM 1090}  
Command         config_chip_info returned 0; 0 sec.
Execute         config_chip_info -quiet -speed medium 
Command         config_chip_info returned 0; 0 sec.
Command       add_library returned 0; 0.02 sec.
Execute       add_library xilinx/zynq/zynq_fpv6 
Execute         get_default_platform 
Command         get_default_platform returned 0; 0 sec.
Command       add_library returned 0; 0 sec.
INFO: [HLS 200-10] Setting target device to 'xc7z045ffg900-2'
Execute       get_default_platform 
Command       get_default_platform returned 0; 0 sec.
Command     set_part returned 0; 0.07 sec.
Execute     get_default_platform 
Command     get_default_platform returned 0; 0 sec.
Execute     config_chip_info -quiet -resource  {SLICE 54650}  {LUT 218600}    {FF 437200} {DSP48E 900}   {BRAM 1090}  
Command     config_chip_info returned 0; 0 sec.
Execute     config_chip_info -quiet -speed medium 
Command     config_chip_info returned 0; 0 sec.
Command   open_solution returned 0; 0.32 sec.
Execute   csim_design -compiler gcc -quiet 
INFO: [SIM 211-2] *************** CSIM start ***************
INFO: [SIM 211-4] CSIM will launch GCC as the compiler.
Execute     source csim/.lst_opt.tcl 
Command     ap_source returned 0; 0 sec.
Execute     is_encrypted /net/user/r1/unix/amur/Desktop/LocalGrp_CSIM/PC_FM_OUT_#0.txt 
Command     is_encrypted returned 0; 0 sec.
Execute     is_xip /net/user/r1/unix/amur/Desktop/LocalGrp_CSIM/PC_FM_OUT_#0.txt 
Command     is_xip returned 0; 0 sec.
Execute     is_encrypted /net/user/r1/unix/amur/Desktop/LocalGrp_CSIM/distance.txt 
Command     is_encrypted returned 0; 0 sec.
Execute     is_xip /net/user/r1/unix/amur/Desktop/LocalGrp_CSIM/distance.txt 
Command     is_xip returned 0; 0 sec.
Execute     is_encrypted /net/user/r1/unix/amur/Desktop/LocalGrp_CSIM/dst.txt 
Command     is_encrypted returned 0; 0 sec.
Execute     is_xip /net/user/r1/unix/amur/Desktop/LocalGrp_CSIM/dst.txt 
Command     is_xip returned 0; 0 sec.
Execute     is_encrypted /net/user/r1/unix/amur/Desktop/LocalGrp_CSIM/grouper_tb.cpp 
Command     is_encrypted returned 0; 0 sec.
Execute     is_xip /net/user/r1/unix/amur/Desktop/LocalGrp_CSIM/grouper_tb.cpp 
Command     is_xip returned 0; 0 sec.
Execute     is_encrypted /net/user/r1/unix/amur/Desktop/LocalGrp_CSIM/indexed_points.txt 
Command     is_encrypted returned 0; 0 sec.
Execute     is_xip /net/user/r1/unix/amur/Desktop/LocalGrp_CSIM/indexed_points.txt 
Command     is_xip returned 0; 0 sec.
Execute     is_encrypted /net/user/r1/unix/amur/Desktop/LocalGrp_CSIM/knnIdx.txt 
Command     is_encrypted returned 0; 0 sec.
Execute     is_xip /net/user/r1/unix/amur/Desktop/LocalGrp_CSIM/knnIdx.txt 
Command     is_xip returned 0; 0 sec.
Execute     is_encrypted /net/user/r1/unix/amur/Desktop/LocalGrp_CSIM/sampled_points.txt 
Command     is_encrypted returned 0; 0 sec.
Execute     is_xip /net/user/r1/unix/amur/Desktop/LocalGrp_CSIM/sampled_points.txt 
Command     is_xip returned 0; 0 sec.
Execute     is_encrypted /net/user/r1/unix/amur/Desktop/LocalGrp_CSIM/sampled_points_new.txt 
Command     is_encrypted returned 0; 0.01 sec.
Execute     is_xip /net/user/r1/unix/amur/Desktop/LocalGrp_CSIM/sampled_points_new.txt 
Command     is_xip returned 0; 0 sec.
Execute     is_encrypted /net/user/r1/unix/amur/Desktop/LocalGrp_CSIM/sampled_points_new_repeated.txt 
Command     is_encrypted returned 0; 0 sec.
Execute     is_xip /net/user/r1/unix/amur/Desktop/LocalGrp_CSIM/sampled_points_new_repeated.txt 
Command     is_xip returned 0; 0 sec.
Execute     is_encrypted /net/user/r1/unix/amur/Desktop/LocalGrp_CSIM/samples4.txt 
Command     is_encrypted returned 0; 0 sec.
Execute     is_xip /net/user/r1/unix/amur/Desktop/LocalGrp_CSIM/samples4.txt 
Command     is_xip returned 0; 0 sec.
Execute     is_encrypted /net/user/r1/unix/amur/Desktop/LocalGrp_CSIM/src.txt 
Command     is_encrypted returned 0; 0 sec.
Execute     is_xip /net/user/r1/unix/amur/Desktop/LocalGrp_CSIM/src.txt 
Command     is_xip returned 0; 0 sec.
Execute     is_encrypted /net/user/r1/unix/amur/Desktop/LocalGrp_CSIM/x_into_#04.txt 
Command     is_encrypted returned 0; 0 sec.
Execute     is_xip /net/user/r1/unix/amur/Desktop/LocalGrp_CSIM/x_into_#04.txt 
Command     is_xip returned 0; 0 sec.
Execute     is_encrypted /net/user/r1/unix/amur/Desktop/LocalGrp_CSIM/x_non_perm#04.txt 
Command     is_encrypted returned 0; 0 sec.
Execute     is_xip /net/user/r1/unix/amur/Desktop/LocalGrp_CSIM/x_non_perm#04.txt 
Command     is_xip returned 0; 0 sec.
Execute     is_encrypted /net/user/r1/unix/amur/Desktop/LocalGrp_CSIM/xyz_into_#04.txt 
Command     is_encrypted returned 0; 0 sec.
Execute     is_xip /net/user/r1/unix/amur/Desktop/LocalGrp_CSIM/xyz_into_#04.txt 
Command     is_xip returned 0; 0 sec.
Execute     is_encrypted /net/user/r1/unix/amur/Desktop/LocalGrp_CSIM/grouper.cpp 
Command     is_encrypted returned 0; 0 sec.
Execute     is_xip /net/user/r1/unix/amur/Desktop/LocalGrp_CSIM/grouper.cpp 
Command     is_xip returned 0; 0 sec.
Execute     is_encrypted /net/user/r1/unix/amur/Desktop/LocalGrp_CSIM/grouper.h 
Command     is_encrypted returned 0; 0 sec.
Execute     is_xip /net/user/r1/unix/amur/Desktop/LocalGrp_CSIM/grouper.h 
Command     is_xip returned 0; 0 sec.
Execute     get_default_platform 
Command     get_default_platform returned 0; 0 sec.
Execute     source run_sim.tcl 
Command     ap_source returned 0; 6.36 sec.
INFO: [SIM 211-1] CSim done with 0 errors.
INFO: [SIM 211-3] *************** CSIM finish ***************
Command   csim_design returned 0; 16.51 sec.
Command ap_source returned 0; 16.84 sec.
Execute cleanup_all 
Command cleanup_all returned 0; 0 sec.
