

================================================================
== Vivado HLS Report for 'Conv1DMac_new_1'
================================================================
* Date:           Tue May  9 01:01:15 2023

* Version:        2018.3 (Build 2405991 on Thu Dec 06 23:56:15 MST 2018)
* Project:        3_3_3
* Solution:       solution1
* Product family: zynq
* Target device:  xc7z045ffg900-2


================================================================
== Performance Estimates
================================================================
+ Timing (ns): 
    * Summary: 
    +--------+-------+----------+------------+
    |  Clock | Target| Estimated| Uncertainty|
    +--------+-------+----------+------------+
    |ap_clk  |  10.00|     8.737|        1.25|
    +--------+-------+----------+------------+

+ Latency (clock cycles): 
    * Summary: 
    +--------+--------+--------+--------+---------+
    |     Latency     |     Interval    | Pipeline|
    |   min  |   max  |   min  |   max  |   Type  |
    +--------+--------+--------+--------+---------+
    |  262148|  262148|  262148|  262148|   none  |
    +--------+--------+--------+--------+---------+

    + Detail: 
        * Instance: 
        N/A

        * Loop: 
        +-----------------------------------------------------+--------+--------+----------+-----------+-----------+--------+----------+
        |                                                     |     Latency     | Iteration|  Initiation Interval  |  Trip  |          |
        |                      Loop Name                      |   min  |   max  |  Latency |  achieved |   target  |  Count | Pipelined|
        +-----------------------------------------------------+--------+--------+----------+-----------+-----------+--------+----------+
        |- loop_ofmChannels_loop_neuronFold_loop_synapseFold  |  262146|  262146|         4|          1|          1|  262144|    yes   |
        +-----------------------------------------------------+--------+--------+----------+-----------+-----------+--------+----------+

============================================================
+ Verbose Summary: Synthesis Manager
============================================================
InlineROM: 1
ExposeGlobal: 0
============================================================
+ Verbose Summary: CDFG Model
============================================================
IsTopModel: 0
ResetActiveHigh: 1
IsCombinational: 2
IsDatapathOnly: 0
HasWiredReturn: 1
HasMFsm: 0
HasVarLatency: 1
IsPipeline: 0
IsRtlPipelined: 0
IsInstanceOverlapped: 0
IsDontTouch: 0
HasImplIP: 0
IsGatedGlobalClock: 0

+ Individual pipeline summary: 
  * Pipeline-0: initiation interval (II) = 1, depth = 4


============================================================
+ Verbose Summary: Schedule
============================================================
* Number of FSM states : 6
* Pipeline : 1
  Pipeline-0 : II = 1, D = 4, States = { 2 3 4 5 }
* Dataflow Pipeline: 0

* FSM state transitions: 
1 --> 
	2  / true
2 --> 
	6  / (exitcond_flatten7)
	3  / (!exitcond_flatten7)
3 --> 
	4  / true
4 --> 
	5  / true
5 --> 
	2  / true
6 --> 

* FSM state operations: 

State 1 <SV = 0> <Delay = 0.46>
ST_1 : Operation 7 [1/1] (0.00ns)   --->   "%macRegisters_0_V_5 = alloca i8"   --->   Operation 7 'alloca' 'macRegisters_0_V_5' <Predicate = true> <Delay = 0.00>
ST_1 : Operation 8 [1/1] (0.00ns)   --->   "%macRegisters_1_V_5 = alloca i8"   --->   Operation 8 'alloca' 'macRegisters_1_V_5' <Predicate = true> <Delay = 0.00>
ST_1 : Operation 9 [1/1] (0.00ns)   --->   "%macRegisters_2_V_5 = alloca i8"   --->   Operation 9 'alloca' 'macRegisters_2_V_5' <Predicate = true> <Delay = 0.00>
ST_1 : Operation 10 [1/1] (0.00ns)   --->   "%macRegisters_3_V_5 = alloca i8"   --->   Operation 10 'alloca' 'macRegisters_3_V_5' <Predicate = true> <Delay = 0.00>
ST_1 : Operation 11 [1/1] (0.00ns)   --->   "call void (...)* @_ssdm_op_SpecInterface(i32* %out_V_V, [8 x i8]* @ap_fifo_str, i32 0, i32 0, [1 x i8]* @p_str531, i32 0, i32 0, [1 x i8]* @p_str532, [1 x i8]* @p_str533, [1 x i8]* @p_str534, i32 2, i32 2, i32 16, i32 16, [1 x i8]* @p_str535, [1 x i8]* @p_str536)"   --->   Operation 11 'specinterface' <Predicate = true> <Delay = 0.00>
ST_1 : Operation 12 [1/1] (0.00ns)   --->   "call void (...)* @_ssdm_op_SpecInterface(i8* %in_V_V, [8 x i8]* @ap_fifo_str, i32 0, i32 0, [1 x i8]* @p_str524, i32 0, i32 0, [1 x i8]* @p_str525, [1 x i8]* @p_str526, [1 x i8]* @p_str527, i32 2, i32 2, i32 16, i32 16, [1 x i8]* @p_str528, [1 x i8]* @p_str529)"   --->   Operation 12 'specinterface' <Predicate = true> <Delay = 0.00>
ST_1 : Operation 13 [1/1] (0.46ns)   --->   "store i8 0, i8* %macRegisters_3_V_5"   --->   Operation 13 'store' <Predicate = true> <Delay = 0.46>
ST_1 : Operation 14 [1/1] (0.46ns)   --->   "store i8 0, i8* %macRegisters_2_V_5"   --->   Operation 14 'store' <Predicate = true> <Delay = 0.46>
ST_1 : Operation 15 [1/1] (0.46ns)   --->   "store i8 0, i8* %macRegisters_1_V_5"   --->   Operation 15 'store' <Predicate = true> <Delay = 0.46>
ST_1 : Operation 16 [1/1] (0.46ns)   --->   "store i8 0, i8* %macRegisters_0_V_5"   --->   Operation 16 'store' <Predicate = true> <Delay = 0.46>
ST_1 : Operation 17 [1/1] (0.46ns)   --->   "br label %0" [3_3_3/conv1d.h:782]   --->   Operation 17 'br' <Predicate = true> <Delay = 0.46>

State 2 <SV = 1> <Delay = 5.23>
ST_2 : Operation 18 [1/1] (0.00ns)   --->   "%indvar_flatten7 = phi i19 [ 0, %_ZN8ap_fixedILi8ELi1EL9ap_q_mode1EL9ap_o_mode3ELi0EEC1Ei.exit.0 ], [ %indvar_flatten_next7, %._crit_edge ]"   --->   Operation 18 'phi' 'indvar_flatten7' <Predicate = true> <Delay = 0.00>
ST_2 : Operation 19 [1/1] (0.00ns)   --->   "%indvar_flatten = phi i12 [ 0, %_ZN8ap_fixedILi8ELi1EL9ap_q_mode1EL9ap_o_mode3ELi0EEC1Ei.exit.0 ], [ %indvar_flatten_next, %._crit_edge ]"   --->   Operation 19 'phi' 'indvar_flatten' <Predicate = true> <Delay = 0.00>
ST_2 : Operation 20 [1/1] (0.00ns)   --->   "%nm = phi i5 [ 0, %_ZN8ap_fixedILi8ELi1EL9ap_q_mode1EL9ap_o_mode3ELi0EEC1Ei.exit.0 ], [ %nm_mid2, %._crit_edge ]" [3_3_3/conv1d.h:784]   --->   Operation 20 'phi' 'nm' <Predicate = true> <Delay = 0.00>
ST_2 : Operation 21 [1/1] (0.00ns)   --->   "%sf = phi i7 [ 0, %_ZN8ap_fixedILi8ELi1EL9ap_q_mode1EL9ap_o_mode3ELi0EEC1Ei.exit.0 ], [ %sf_2, %._crit_edge ]"   --->   Operation 21 'phi' 'sf' <Predicate = true> <Delay = 0.00>
ST_2 : Operation 22 [1/1] (0.00ns)   --->   "%tmp = trunc i5 %nm to i4" [3_3_3/conv1d.h:784]   --->   Operation 22 'trunc' 'tmp' <Predicate = true> <Delay = 0.00>
ST_2 : Operation 23 [1/1] (0.00ns)   --->   "%tmp_s = call i10 @_ssdm_op_BitConcatenate.i10.i4.i6(i4 %tmp, i6 0)" [3_3_3/conv1d.h:808]   --->   Operation 23 'bitconcatenate' 'tmp_s' <Predicate = true> <Delay = 0.00>
ST_2 : Operation 24 [1/1] (2.05ns)   --->   "%exitcond_flatten7 = icmp eq i19 %indvar_flatten7, -262144"   --->   Operation 24 'icmp' 'exitcond_flatten7' <Predicate = true> <Delay = 2.05> <Core = "Cmp">   --->   Core 25 'Cmp' <Latency = 0> <II = 1> <Delay = 1.06> <FuncUnit> <Opcode : 'icmp'> <InPorts = 2> <OutPorts = 1>
ST_2 : Operation 25 [1/1] (1.57ns)   --->   "%indvar_flatten_next7 = add i19 1, %indvar_flatten7"   --->   Operation 25 'add' 'indvar_flatten_next7' <Predicate = true> <Delay = 1.57> <Core = "AddSub">   --->   Core 14 'AddSub' <Latency = 0> <II = 1> <Delay = 1.54> <FuncUnit> <Opcode : 'add' 'sub'> <InPorts = 2> <OutPorts = 1>
ST_2 : Operation 26 [1/1] (0.00ns)   --->   "br i1 %exitcond_flatten7, label %1, label %.preheader401"   --->   Operation 26 'br' <Predicate = true> <Delay = 0.00>
ST_2 : Operation 27 [1/1] (1.82ns)   --->   "%exitcond_flatten = icmp eq i12 %indvar_flatten, 1024"   --->   Operation 27 'icmp' 'exitcond_flatten' <Predicate = (!exitcond_flatten7)> <Delay = 1.82> <Core = "Cmp">   --->   Core 25 'Cmp' <Latency = 0> <II = 1> <Delay = 1.06> <FuncUnit> <Opcode : 'icmp'> <InPorts = 2> <OutPorts = 1>
ST_2 : Operation 28 [1/1] (0.97ns)   --->   "%nm_mid = select i1 %exitcond_flatten, i5 0, i5 %nm" [3_3_3/conv1d.h:784]   --->   Operation 28 'select' 'nm_mid' <Predicate = (!exitcond_flatten7)> <Delay = 0.97> <Core = "Sel">   --->   Core 26 'Sel' <Latency = 0> <II = 1> <Delay = 0.59> <FuncUnit> <Opcode : 'select'> <InPorts = 3> <OutPorts = 1>
ST_2 : Operation 29 [1/1] (0.00ns) (grouped into LUT with out node tmp_103)   --->   "%tmp_105_mid = select i1 %exitcond_flatten, i10 0, i10 %tmp_s" [3_3_3/conv1d.h:808]   --->   Operation 29 'select' 'tmp_105_mid' <Predicate = (!exitcond_flatten7)> <Delay = 0.00> <Core = "Sel">   --->   Core 26 'Sel' <Latency = 0> <II = 1> <Delay = 0.59> <FuncUnit> <Opcode : 'select'> <InPorts = 3> <OutPorts = 1>
ST_2 : Operation 30 [1/1] (0.00ns) (grouped into LUT with out node nm_t_mid2)   --->   "%nm_t_mid = select i1 %exitcond_flatten, i4 0, i4 %tmp" [3_3_3/conv1d.h:848]   --->   Operation 30 'select' 'nm_t_mid' <Predicate = (!exitcond_flatten7)> <Delay = 0.00> <Core = "Sel">   --->   Core 26 'Sel' <Latency = 0> <II = 1> <Delay = 0.59> <FuncUnit> <Opcode : 'select'> <InPorts = 3> <OutPorts = 1>
ST_2 : Operation 31 [1/1] (0.00ns) (grouped into LUT with out node tmp_106_mid)   --->   "%not_exitcond_flatten = xor i1 %exitcond_flatten, true" [3_3_3/conv1d.h:784]   --->   Operation 31 'xor' 'not_exitcond_flatten' <Predicate = (!exitcond_flatten7)> <Delay = 0.00> <Core = "LogicGate">   --->   Core 27 'LogicGate' <Latency = 0> <II = 1> <Delay = 0.80> <FuncUnit> <Opcode : 'and' 'or' 'xor'> <InPorts = 2> <OutPorts = 1>
ST_2 : Operation 32 [1/1] (1.06ns)   --->   "%tmp_361 = icmp eq i7 %sf, -64" [3_3_3/conv1d.h:784]   --->   Operation 32 'icmp' 'tmp_361' <Predicate = (!exitcond_flatten7)> <Delay = 1.06> <Core = "Cmp">   --->   Core 25 'Cmp' <Latency = 0> <II = 1> <Delay = 1.06> <FuncUnit> <Opcode : 'icmp'> <InPorts = 2> <OutPorts = 1>
ST_2 : Operation 33 [1/1] (0.80ns) (out node of the LUT)   --->   "%tmp_106_mid = and i1 %tmp_361, %not_exitcond_flatten" [3_3_3/conv1d.h:784]   --->   Operation 33 'and' 'tmp_106_mid' <Predicate = (!exitcond_flatten7)> <Delay = 0.80> <Core = "LogicGate">   --->   Core 27 'LogicGate' <Latency = 0> <II = 1> <Delay = 0.80> <FuncUnit> <Opcode : 'and' 'or' 'xor'> <InPorts = 2> <OutPorts = 1>
ST_2 : Operation 34 [1/1] (1.02ns)   --->   "%nm_2 = add i5 1, %nm_mid" [3_3_3/conv1d.h:783]   --->   Operation 34 'add' 'nm_2' <Predicate = (!exitcond_flatten7)> <Delay = 1.02> <Core = "AddSub">   --->   Core 14 'AddSub' <Latency = 0> <II = 1> <Delay = 1.54> <FuncUnit> <Opcode : 'add' 'sub'> <InPorts = 2> <OutPorts = 1>
ST_2 : Operation 35 [1/1] (0.00ns) (grouped into LUT with out node sf_mid2)   --->   "%tmp_362 = or i1 %tmp_106_mid, %exitcond_flatten" [3_3_3/conv1d.h:784]   --->   Operation 35 'or' 'tmp_362' <Predicate = (!exitcond_flatten7)> <Delay = 0.00> <Core = "LogicGate">   --->   Core 27 'LogicGate' <Latency = 0> <II = 1> <Delay = 0.80> <FuncUnit> <Opcode : 'and' 'or' 'xor'> <InPorts = 2> <OutPorts = 1>
ST_2 : Operation 36 [1/1] (0.80ns) (out node of the LUT)   --->   "%sf_mid2 = select i1 %tmp_362, i7 0, i7 %sf" [3_3_3/conv1d.h:784]   --->   Operation 36 'select' 'sf_mid2' <Predicate = (!exitcond_flatten7)> <Delay = 0.80> <Core = "Sel">   --->   Core 26 'Sel' <Latency = 0> <II = 1> <Delay = 0.59> <FuncUnit> <Opcode : 'select'> <InPorts = 3> <OutPorts = 1>
ST_2 : Operation 37 [1/1] (0.00ns)   --->   "%tmp_743 = trunc i5 %nm_2 to i4" [3_3_3/conv1d.h:783]   --->   Operation 37 'trunc' 'tmp_743' <Predicate = (!exitcond_flatten7)> <Delay = 0.00>
ST_2 : Operation 38 [1/1] (0.00ns) (grouped into LUT with out node tmp_103)   --->   "%tmp_105_mid1 = call i10 @_ssdm_op_BitConcatenate.i10.i4.i6(i4 %tmp_743, i6 0)" [3_3_3/conv1d.h:808]   --->   Operation 38 'bitconcatenate' 'tmp_105_mid1' <Predicate = (!exitcond_flatten7)> <Delay = 0.00>
ST_2 : Operation 39 [1/1] (0.00ns) (grouped into LUT with out node tmp_103)   --->   "%tmp_105_mid2 = select i1 %tmp_106_mid, i10 %tmp_105_mid1, i10 %tmp_105_mid" [3_3_3/conv1d.h:808]   --->   Operation 39 'select' 'tmp_105_mid2' <Predicate = (!exitcond_flatten7)> <Delay = 0.00> <Core = "Sel">   --->   Core 26 'Sel' <Latency = 0> <II = 1> <Delay = 0.59> <FuncUnit> <Opcode : 'select'> <InPorts = 3> <OutPorts = 1>
ST_2 : Operation 40 [1/1] (0.83ns) (out node of the LUT)   --->   "%nm_t_mid2 = select i1 %tmp_106_mid, i4 %tmp_743, i4 %nm_t_mid" [3_3_3/conv1d.h:848]   --->   Operation 40 'select' 'nm_t_mid2' <Predicate = (!exitcond_flatten7)> <Delay = 0.83> <Core = "Sel">   --->   Core 26 'Sel' <Latency = 0> <II = 1> <Delay = 0.59> <FuncUnit> <Opcode : 'select'> <InPorts = 3> <OutPorts = 1>
ST_2 : Operation 41 [1/1] (0.97ns)   --->   "%nm_mid2 = select i1 %tmp_106_mid, i5 %nm_2, i5 %nm_mid" [3_3_3/conv1d.h:784]   --->   Operation 41 'select' 'nm_mid2' <Predicate = (!exitcond_flatten7)> <Delay = 0.97> <Core = "Sel">   --->   Core 26 'Sel' <Latency = 0> <II = 1> <Delay = 0.59> <FuncUnit> <Opcode : 'select'> <InPorts = 3> <OutPorts = 1>
ST_2 : Operation 42 [1/1] (0.00ns) (grouped into LUT with out node tmp_103)   --->   "%sf_cast6 = zext i7 %sf_mid2 to i10" [3_3_3/conv1d.h:784]   --->   Operation 42 'zext' 'sf_cast6' <Predicate = (!exitcond_flatten7)> <Delay = 0.00>
ST_2 : Operation 43 [1/1] (1.41ns) (out node of the LUT)   --->   "%tmp_103 = add i10 %tmp_105_mid2, %sf_cast6" [3_3_3/conv1d.h:808]   --->   Operation 43 'add' 'tmp_103' <Predicate = (!exitcond_flatten7)> <Delay = 1.41> <Core = "AddSub">   --->   Core 14 'AddSub' <Latency = 0> <II = 1> <Delay = 1.54> <FuncUnit> <Opcode : 'add' 'sub'> <InPorts = 2> <OutPorts = 1>
ST_2 : Operation 44 [1/1] (1.06ns)   --->   "%tmp_112 = icmp eq i7 %sf_mid2, 63" [3_3_3/conv1d.h:838]   --->   Operation 44 'icmp' 'tmp_112' <Predicate = (!exitcond_flatten7)> <Delay = 1.06> <Core = "Cmp">   --->   Core 25 'Cmp' <Latency = 0> <II = 1> <Delay = 1.06> <FuncUnit> <Opcode : 'icmp'> <InPorts = 2> <OutPorts = 1>
ST_2 : Operation 45 [1/1] (0.00ns)   --->   "br i1 %tmp_112, label %_ZN13ap_fixed_baseILi9ELi2ELb1EL9ap_q_mode5EL9ap_o_mode3ELi0EEC1ILi8ELi1ELb1ELS0_1ELS1_3ELi0EEERKS_IXT_EXT0_EXT1_EXT2_EXT3_EXT4_EE.exit9.i.0, label %.preheader401.._crit_edge_crit_edge" [3_3_3/conv1d.h:838]   --->   Operation 45 'br' <Predicate = (!exitcond_flatten7)> <Delay = 0.00>
ST_2 : Operation 46 [1/1] (1.31ns)   --->   "%sf_2 = add i7 %sf_mid2, 1" [3_3_3/conv1d.h:784]   --->   Operation 46 'add' 'sf_2' <Predicate = (!exitcond_flatten7)> <Delay = 1.31> <Core = "AddSub">   --->   Core 14 'AddSub' <Latency = 0> <II = 1> <Delay = 1.54> <FuncUnit> <Opcode : 'add' 'sub'> <InPorts = 2> <OutPorts = 1>
ST_2 : Operation 47 [1/1] (1.54ns)   --->   "%indvar_flatten_op = add i12 %indvar_flatten, 1"   --->   Operation 47 'add' 'indvar_flatten_op' <Predicate = (!exitcond_flatten7)> <Delay = 1.54> <Core = "AddSub">   --->   Core 14 'AddSub' <Latency = 0> <II = 1> <Delay = 1.54> <FuncUnit> <Opcode : 'add' 'sub'> <InPorts = 2> <OutPorts = 1>
ST_2 : Operation 48 [1/1] (0.59ns)   --->   "%indvar_flatten_next = select i1 %exitcond_flatten, i12 1, i12 %indvar_flatten_op"   --->   Operation 48 'select' 'indvar_flatten_next' <Predicate = (!exitcond_flatten7)> <Delay = 0.59> <Core = "Sel">   --->   Core 26 'Sel' <Latency = 0> <II = 1> <Delay = 0.59> <FuncUnit> <Opcode : 'select'> <InPorts = 3> <OutPorts = 1>

State 3 <SV = 2> <Delay = 3.40>
ST_3 : Operation 49 [1/1] (3.40ns)   --->   "%tmp_V_52 = call i8 @_ssdm_op_Read.ap_fifo.volatile.i8P(i8* %in_V_V)" [3_3_3/conv1d.h:787]   --->   Operation 49 'read' 'tmp_V_52' <Predicate = (!exitcond_flatten7)> <Delay = 3.40> <Core = "FIFO">   --->   Core 32 'FIFO' <Latency = 0> <II = 1> <Delay = 3.40> <Storage> <Opcode : 'read' 'write' 'nbread' 'nbwrite'> <Ports = 0> <Width = 32> <Depth = 2> <FIFO>
ST_3 : Operation 50 [1/1] (0.00ns)   --->   "%tmp_104 = zext i10 %tmp_103 to i64" [3_3_3/conv1d.h:808]   --->   Operation 50 'zext' 'tmp_104' <Predicate = (!exitcond_flatten7)> <Delay = 0.00>
ST_3 : Operation 51 [1/1] (0.00ns)   --->   "%weights5_m_weights_V_4 = getelementptr [1024 x i5]* @weights5_m_weights_V, i64 0, i64 %tmp_104" [3_3_3/conv1d.h:808]   --->   Operation 51 'getelementptr' 'weights5_m_weights_V_4' <Predicate = (!exitcond_flatten7)> <Delay = 0.00>
ST_3 : Operation 52 [2/2] (2.77ns)   --->   "%weights5_m_weights_V_5 = load i5* %weights5_m_weights_V_4, align 1" [3_3_3/conv1d.h:808]   --->   Operation 52 'load' 'weights5_m_weights_V_5' <Predicate = (!exitcond_flatten7)> <Delay = 2.77> <Core = "ROM_nP">   --->   Core 52 'ROM_nP' <Latency = 1> <II = 1> <Delay = 2.77> <Storage> <Opcode : 'load'> <Ports = 0> <Width = 6> <Depth = 1024> <ROM>
ST_3 : Operation 53 [1/1] (0.00ns)   --->   "%weights5_m_weights_V_6 = getelementptr [1024 x i5]* @weights5_m_weights_V_1, i64 0, i64 %tmp_104" [3_3_3/conv1d.h:808]   --->   Operation 53 'getelementptr' 'weights5_m_weights_V_6' <Predicate = (!exitcond_flatten7)> <Delay = 0.00>
ST_3 : Operation 54 [2/2] (2.77ns)   --->   "%weights5_m_weights_V_7 = load i5* %weights5_m_weights_V_6, align 1" [3_3_3/conv1d.h:808]   --->   Operation 54 'load' 'weights5_m_weights_V_7' <Predicate = (!exitcond_flatten7)> <Delay = 2.77> <Core = "ROM_nP">   --->   Core 52 'ROM_nP' <Latency = 1> <II = 1> <Delay = 2.77> <Storage> <Opcode : 'load'> <Ports = 0> <Width = 6> <Depth = 1024> <ROM>
ST_3 : Operation 55 [1/1] (0.00ns)   --->   "%weights5_m_weights_V_8 = getelementptr [1024 x i5]* @weights5_m_weights_V_2, i64 0, i64 %tmp_104" [3_3_3/conv1d.h:808]   --->   Operation 55 'getelementptr' 'weights5_m_weights_V_8' <Predicate = (!exitcond_flatten7)> <Delay = 0.00>
ST_3 : Operation 56 [2/2] (2.77ns)   --->   "%weights5_m_weights_V_9 = load i5* %weights5_m_weights_V_8, align 1" [3_3_3/conv1d.h:808]   --->   Operation 56 'load' 'weights5_m_weights_V_9' <Predicate = (!exitcond_flatten7)> <Delay = 2.77> <Core = "ROM_nP">   --->   Core 52 'ROM_nP' <Latency = 1> <II = 1> <Delay = 2.77> <Storage> <Opcode : 'load'> <Ports = 0> <Width = 6> <Depth = 1024> <ROM>
ST_3 : Operation 57 [1/1] (0.00ns)   --->   "%weights5_m_weights_V_10 = getelementptr [1024 x i6]* @weights5_m_weights_V_3, i64 0, i64 %tmp_104" [3_3_3/conv1d.h:808]   --->   Operation 57 'getelementptr' 'weights5_m_weights_V_10' <Predicate = (!exitcond_flatten7)> <Delay = 0.00>
ST_3 : Operation 58 [2/2] (2.77ns)   --->   "%weights5_m_weights_V_11 = load i6* %weights5_m_weights_V_10, align 1" [3_3_3/conv1d.h:808]   --->   Operation 58 'load' 'weights5_m_weights_V_11' <Predicate = (!exitcond_flatten7)> <Delay = 2.77> <Core = "ROM_nP">   --->   Core 52 'ROM_nP' <Latency = 1> <II = 1> <Delay = 2.77> <Storage> <Opcode : 'load'> <Ports = 0> <Width = 6> <Depth = 1024> <ROM>

State 4 <SV = 3> <Delay = 8.73>
ST_4 : Operation 59 [1/2] (2.77ns)   --->   "%weights5_m_weights_V_5 = load i5* %weights5_m_weights_V_4, align 1" [3_3_3/conv1d.h:808]   --->   Operation 59 'load' 'weights5_m_weights_V_5' <Predicate = (!exitcond_flatten7)> <Delay = 2.77> <Core = "ROM_nP">   --->   Core 52 'ROM_nP' <Latency = 1> <II = 1> <Delay = 2.77> <Storage> <Opcode : 'load'> <Ports = 0> <Width = 6> <Depth = 1024> <ROM>
ST_4 : Operation 60 [1/1] (0.00ns)   --->   "%p_071_assign_1_cast5_s = sext i8 %tmp_V_52 to i13" [3_3_3/conv1d.h:814]   --->   Operation 60 'sext' 'p_071_assign_1_cast5_s' <Predicate = (!exitcond_flatten7)> <Delay = 0.00>
ST_4 : Operation 61 [1/1] (0.00ns)   --->   "%p_071_assign_1_cast_c = sext i8 %tmp_V_52 to i14" [3_3_3/conv1d.h:814]   --->   Operation 61 'sext' 'p_071_assign_1_cast_c' <Predicate = (!exitcond_flatten7)> <Delay = 0.00>
ST_4 : Operation 62 [1/1] (0.00ns)   --->   "%tmp_161_cast_cast = sext i5 %weights5_m_weights_V_5 to i13" [3_3_3/conv1d.h:814]   --->   Operation 62 'sext' 'tmp_161_cast_cast' <Predicate = (!exitcond_flatten7)> <Delay = 0.00>
ST_4 : Operation 63 [1/1] (3.61ns)   --->   "%tmp_105 = mul i13 %p_071_assign_1_cast5_s, %tmp_161_cast_cast" [3_3_3/conv1d.h:814]   --->   Operation 63 'mul' 'tmp_105' <Predicate = (!exitcond_flatten7)> <Delay = 3.61> <Core = "Mul">   --->   Core 16 'Mul' <Latency = 0> <II = 1> <Delay = 3.61> <FuncUnit> <Opcode : 'mul'> <InPorts = 2> <OutPorts = 1>
ST_4 : Operation 64 [1/1] (0.00ns) (grouped into LUT with out node tmp1)   --->   "%tmp_744 = call i1 @_ssdm_op_BitSelect.i1.i13.i32(i13 %tmp_105, i32 11)" [3_3_3/conv1d.h:814]   --->   Operation 64 'bitselect' 'tmp_744' <Predicate = (!exitcond_flatten7)> <Delay = 0.00>
ST_4 : Operation 65 [1/1] (0.00ns) (grouped into LUT with out node tmp1)   --->   "%tmp_745 = call i6 @_ssdm_op_PartSelect.i6.i13.i32.i32(i13 %tmp_105, i32 7, i32 12)" [3_3_3/conv1d.h:814]   --->   Operation 65 'partselect' 'tmp_745' <Predicate = (!exitcond_flatten7)> <Delay = 0.00>
ST_4 : Operation 66 [1/1] (0.00ns) (grouped into LUT with out node tmp1)   --->   "%tmp_107_cast = sext i6 %tmp_745 to i7" [3_3_3/conv1d.h:814]   --->   Operation 66 'sext' 'tmp_107_cast' <Predicate = (!exitcond_flatten7)> <Delay = 0.00>
ST_4 : Operation 67 [1/1] (0.00ns)   --->   "%tmp_746 = trunc i13 %tmp_105 to i6" [3_3_3/conv1d.h:814]   --->   Operation 67 'trunc' 'tmp_746' <Predicate = (!exitcond_flatten7)> <Delay = 0.00>
ST_4 : Operation 68 [1/1] (1.07ns)   --->   "%p_s = icmp ne i6 %tmp_746, 0" [3_3_3/conv1d.h:814]   --->   Operation 68 'icmp' 'p_s' <Predicate = (!exitcond_flatten7)> <Delay = 1.07> <Core = "Cmp">   --->   Core 25 'Cmp' <Latency = 0> <II = 1> <Delay = 1.06> <FuncUnit> <Opcode : 'icmp'> <InPorts = 2> <OutPorts = 1>
ST_4 : Operation 69 [1/1] (0.00ns) (grouped into LUT with out node tmp1)   --->   "%tmp_108 = or i1 %tmp_744, %p_s" [3_3_3/conv1d.h:814]   --->   Operation 69 'or' 'tmp_108' <Predicate = (!exitcond_flatten7)> <Delay = 0.00> <Core = "LogicGate">   --->   Core 27 'LogicGate' <Latency = 0> <II = 1> <Delay = 0.80> <FuncUnit> <Opcode : 'and' 'or' 'xor'> <InPorts = 2> <OutPorts = 1>
ST_4 : Operation 70 [1/1] (0.00ns) (grouped into LUT with out node tmp1)   --->   "%tmp_747 = call i1 @_ssdm_op_BitSelect.i1.i13.i32(i13 %tmp_105, i32 6)" [3_3_3/conv1d.h:814]   --->   Operation 70 'bitselect' 'tmp_747' <Predicate = (!exitcond_flatten7)> <Delay = 0.00>
ST_4 : Operation 71 [1/1] (0.00ns) (grouped into LUT with out node tmp1)   --->   "%tmp_109 = and i1 %tmp_108, %tmp_747" [3_3_3/conv1d.h:814]   --->   Operation 71 'and' 'tmp_109' <Predicate = (!exitcond_flatten7)> <Delay = 0.00> <Core = "LogicGate">   --->   Core 27 'LogicGate' <Latency = 0> <II = 1> <Delay = 0.80> <FuncUnit> <Opcode : 'and' 'or' 'xor'> <InPorts = 2> <OutPorts = 1>
ST_4 : Operation 72 [1/1] (0.00ns) (grouped into LUT with out node tmp1)   --->   "%tmp_169_cast_cast = zext i1 %tmp_109 to i7" [3_3_3/conv1d.h:827]   --->   Operation 72 'zext' 'tmp_169_cast_cast' <Predicate = (!exitcond_flatten7)> <Delay = 0.00>
ST_4 : Operation 73 [1/1] (1.28ns) (out node of the LUT)   --->   "%tmp1 = add i7 %tmp_107_cast, %tmp_169_cast_cast" [3_3_3/conv1d.h:827]   --->   Operation 73 'add' 'tmp1' <Predicate = (!exitcond_flatten7)> <Delay = 1.28> <Core = "AddSub">   --->   Core 14 'AddSub' <Latency = 0> <II = 1> <Delay = 1.54> <FuncUnit> <Opcode : 'add' 'sub'> <InPorts = 2> <OutPorts = 1>
ST_4 : Operation 74 [1/2] (2.77ns)   --->   "%weights5_m_weights_V_7 = load i5* %weights5_m_weights_V_6, align 1" [3_3_3/conv1d.h:808]   --->   Operation 74 'load' 'weights5_m_weights_V_7' <Predicate = (!exitcond_flatten7)> <Delay = 2.77> <Core = "ROM_nP">   --->   Core 52 'ROM_nP' <Latency = 1> <II = 1> <Delay = 2.77> <Storage> <Opcode : 'load'> <Ports = 0> <Width = 6> <Depth = 1024> <ROM>
ST_4 : Operation 75 [1/1] (0.00ns)   --->   "%tmp_161_1_cast_cast = sext i5 %weights5_m_weights_V_7 to i13" [3_3_3/conv1d.h:814]   --->   Operation 75 'sext' 'tmp_161_1_cast_cast' <Predicate = (!exitcond_flatten7)> <Delay = 0.00>
ST_4 : Operation 76 [1/1] (3.61ns)   --->   "%tmp_162_1 = mul i13 %p_071_assign_1_cast5_s, %tmp_161_1_cast_cast" [3_3_3/conv1d.h:814]   --->   Operation 76 'mul' 'tmp_162_1' <Predicate = (!exitcond_flatten7)> <Delay = 3.61> <Core = "Mul">   --->   Core 16 'Mul' <Latency = 0> <II = 1> <Delay = 3.61> <FuncUnit> <Opcode : 'mul'> <InPorts = 2> <OutPorts = 1>
ST_4 : Operation 77 [1/1] (0.00ns) (grouped into LUT with out node tmp2)   --->   "%tmp_748 = call i1 @_ssdm_op_BitSelect.i1.i13.i32(i13 %tmp_162_1, i32 11)" [3_3_3/conv1d.h:814]   --->   Operation 77 'bitselect' 'tmp_748' <Predicate = (!exitcond_flatten7)> <Delay = 0.00>
ST_4 : Operation 78 [1/1] (0.00ns) (grouped into LUT with out node tmp2)   --->   "%tmp_749 = call i6 @_ssdm_op_PartSelect.i6.i13.i32.i32(i13 %tmp_162_1, i32 7, i32 12)" [3_3_3/conv1d.h:814]   --->   Operation 78 'partselect' 'tmp_749' <Predicate = (!exitcond_flatten7)> <Delay = 0.00>
ST_4 : Operation 79 [1/1] (0.00ns) (grouped into LUT with out node tmp2)   --->   "%tmp_164_1_cast = sext i6 %tmp_749 to i7" [3_3_3/conv1d.h:814]   --->   Operation 79 'sext' 'tmp_164_1_cast' <Predicate = (!exitcond_flatten7)> <Delay = 0.00>
ST_4 : Operation 80 [1/1] (0.00ns)   --->   "%tmp_750 = trunc i13 %tmp_162_1 to i6" [3_3_3/conv1d.h:814]   --->   Operation 80 'trunc' 'tmp_750' <Predicate = (!exitcond_flatten7)> <Delay = 0.00>
ST_4 : Operation 81 [1/1] (1.07ns)   --->   "%p_1 = icmp ne i6 %tmp_750, 0" [3_3_3/conv1d.h:814]   --->   Operation 81 'icmp' 'p_1' <Predicate = (!exitcond_flatten7)> <Delay = 1.07> <Core = "Cmp">   --->   Core 25 'Cmp' <Latency = 0> <II = 1> <Delay = 1.06> <FuncUnit> <Opcode : 'icmp'> <InPorts = 2> <OutPorts = 1>
ST_4 : Operation 82 [1/1] (0.00ns) (grouped into LUT with out node tmp2)   --->   "%tmp_165_1 = or i1 %tmp_748, %p_1" [3_3_3/conv1d.h:814]   --->   Operation 82 'or' 'tmp_165_1' <Predicate = (!exitcond_flatten7)> <Delay = 0.00> <Core = "LogicGate">   --->   Core 27 'LogicGate' <Latency = 0> <II = 1> <Delay = 0.80> <FuncUnit> <Opcode : 'and' 'or' 'xor'> <InPorts = 2> <OutPorts = 1>
ST_4 : Operation 83 [1/1] (0.00ns) (grouped into LUT with out node tmp2)   --->   "%tmp_751 = call i1 @_ssdm_op_BitSelect.i1.i13.i32(i13 %tmp_162_1, i32 6)" [3_3_3/conv1d.h:814]   --->   Operation 83 'bitselect' 'tmp_751' <Predicate = (!exitcond_flatten7)> <Delay = 0.00>
ST_4 : Operation 84 [1/1] (0.00ns) (grouped into LUT with out node tmp2)   --->   "%tmp_169_1 = and i1 %tmp_165_1, %tmp_751" [3_3_3/conv1d.h:814]   --->   Operation 84 'and' 'tmp_169_1' <Predicate = (!exitcond_flatten7)> <Delay = 0.00> <Core = "LogicGate">   --->   Core 27 'LogicGate' <Latency = 0> <II = 1> <Delay = 0.80> <FuncUnit> <Opcode : 'and' 'or' 'xor'> <InPorts = 2> <OutPorts = 1>
ST_4 : Operation 85 [1/1] (0.00ns) (grouped into LUT with out node tmp2)   --->   "%tmp_169_1_cast_cast = zext i1 %tmp_169_1 to i7" [3_3_3/conv1d.h:827]   --->   Operation 85 'zext' 'tmp_169_1_cast_cast' <Predicate = (!exitcond_flatten7)> <Delay = 0.00>
ST_4 : Operation 86 [1/1] (1.28ns) (out node of the LUT)   --->   "%tmp2 = add i7 %tmp_164_1_cast, %tmp_169_1_cast_cast" [3_3_3/conv1d.h:827]   --->   Operation 86 'add' 'tmp2' <Predicate = (!exitcond_flatten7)> <Delay = 1.28> <Core = "AddSub">   --->   Core 14 'AddSub' <Latency = 0> <II = 1> <Delay = 1.54> <FuncUnit> <Opcode : 'add' 'sub'> <InPorts = 2> <OutPorts = 1>
ST_4 : Operation 87 [1/2] (2.77ns)   --->   "%weights5_m_weights_V_9 = load i5* %weights5_m_weights_V_8, align 1" [3_3_3/conv1d.h:808]   --->   Operation 87 'load' 'weights5_m_weights_V_9' <Predicate = (!exitcond_flatten7)> <Delay = 2.77> <Core = "ROM_nP">   --->   Core 52 'ROM_nP' <Latency = 1> <II = 1> <Delay = 2.77> <Storage> <Opcode : 'load'> <Ports = 0> <Width = 6> <Depth = 1024> <ROM>
ST_4 : Operation 88 [1/1] (0.00ns)   --->   "%tmp_161_2_cast_cast = sext i5 %weights5_m_weights_V_9 to i13" [3_3_3/conv1d.h:814]   --->   Operation 88 'sext' 'tmp_161_2_cast_cast' <Predicate = (!exitcond_flatten7)> <Delay = 0.00>
ST_4 : Operation 89 [1/1] (3.61ns)   --->   "%tmp_162_2 = mul i13 %p_071_assign_1_cast5_s, %tmp_161_2_cast_cast" [3_3_3/conv1d.h:814]   --->   Operation 89 'mul' 'tmp_162_2' <Predicate = (!exitcond_flatten7)> <Delay = 3.61> <Core = "Mul">   --->   Core 16 'Mul' <Latency = 0> <II = 1> <Delay = 3.61> <FuncUnit> <Opcode : 'mul'> <InPorts = 2> <OutPorts = 1>
ST_4 : Operation 90 [1/1] (0.00ns) (grouped into LUT with out node tmp3)   --->   "%tmp_752 = call i1 @_ssdm_op_BitSelect.i1.i13.i32(i13 %tmp_162_2, i32 11)" [3_3_3/conv1d.h:814]   --->   Operation 90 'bitselect' 'tmp_752' <Predicate = (!exitcond_flatten7)> <Delay = 0.00>
ST_4 : Operation 91 [1/1] (0.00ns) (grouped into LUT with out node tmp3)   --->   "%tmp_753 = call i6 @_ssdm_op_PartSelect.i6.i13.i32.i32(i13 %tmp_162_2, i32 7, i32 12)" [3_3_3/conv1d.h:814]   --->   Operation 91 'partselect' 'tmp_753' <Predicate = (!exitcond_flatten7)> <Delay = 0.00>
ST_4 : Operation 92 [1/1] (0.00ns) (grouped into LUT with out node tmp3)   --->   "%tmp_164_2_cast = sext i6 %tmp_753 to i7" [3_3_3/conv1d.h:814]   --->   Operation 92 'sext' 'tmp_164_2_cast' <Predicate = (!exitcond_flatten7)> <Delay = 0.00>
ST_4 : Operation 93 [1/1] (0.00ns)   --->   "%tmp_754 = trunc i13 %tmp_162_2 to i6" [3_3_3/conv1d.h:814]   --->   Operation 93 'trunc' 'tmp_754' <Predicate = (!exitcond_flatten7)> <Delay = 0.00>
ST_4 : Operation 94 [1/1] (1.07ns)   --->   "%p_2 = icmp ne i6 %tmp_754, 0" [3_3_3/conv1d.h:814]   --->   Operation 94 'icmp' 'p_2' <Predicate = (!exitcond_flatten7)> <Delay = 1.07> <Core = "Cmp">   --->   Core 25 'Cmp' <Latency = 0> <II = 1> <Delay = 1.06> <FuncUnit> <Opcode : 'icmp'> <InPorts = 2> <OutPorts = 1>
ST_4 : Operation 95 [1/1] (0.00ns) (grouped into LUT with out node tmp3)   --->   "%tmp_165_2 = or i1 %tmp_752, %p_2" [3_3_3/conv1d.h:814]   --->   Operation 95 'or' 'tmp_165_2' <Predicate = (!exitcond_flatten7)> <Delay = 0.00> <Core = "LogicGate">   --->   Core 27 'LogicGate' <Latency = 0> <II = 1> <Delay = 0.80> <FuncUnit> <Opcode : 'and' 'or' 'xor'> <InPorts = 2> <OutPorts = 1>
ST_4 : Operation 96 [1/1] (0.00ns) (grouped into LUT with out node tmp3)   --->   "%tmp_755 = call i1 @_ssdm_op_BitSelect.i1.i13.i32(i13 %tmp_162_2, i32 6)" [3_3_3/conv1d.h:814]   --->   Operation 96 'bitselect' 'tmp_755' <Predicate = (!exitcond_flatten7)> <Delay = 0.00>
ST_4 : Operation 97 [1/1] (0.00ns) (grouped into LUT with out node tmp3)   --->   "%tmp_169_2 = and i1 %tmp_165_2, %tmp_755" [3_3_3/conv1d.h:814]   --->   Operation 97 'and' 'tmp_169_2' <Predicate = (!exitcond_flatten7)> <Delay = 0.00> <Core = "LogicGate">   --->   Core 27 'LogicGate' <Latency = 0> <II = 1> <Delay = 0.80> <FuncUnit> <Opcode : 'and' 'or' 'xor'> <InPorts = 2> <OutPorts = 1>
ST_4 : Operation 98 [1/1] (0.00ns) (grouped into LUT with out node tmp3)   --->   "%tmp_169_2_cast_cast = zext i1 %tmp_169_2 to i7" [3_3_3/conv1d.h:827]   --->   Operation 98 'zext' 'tmp_169_2_cast_cast' <Predicate = (!exitcond_flatten7)> <Delay = 0.00>
ST_4 : Operation 99 [1/1] (1.28ns) (out node of the LUT)   --->   "%tmp3 = add i7 %tmp_164_2_cast, %tmp_169_2_cast_cast" [3_3_3/conv1d.h:827]   --->   Operation 99 'add' 'tmp3' <Predicate = (!exitcond_flatten7)> <Delay = 1.28> <Core = "AddSub">   --->   Core 14 'AddSub' <Latency = 0> <II = 1> <Delay = 1.54> <FuncUnit> <Opcode : 'add' 'sub'> <InPorts = 2> <OutPorts = 1>
ST_4 : Operation 100 [1/2] (2.77ns)   --->   "%weights5_m_weights_V_11 = load i6* %weights5_m_weights_V_10, align 1" [3_3_3/conv1d.h:808]   --->   Operation 100 'load' 'weights5_m_weights_V_11' <Predicate = (!exitcond_flatten7)> <Delay = 2.77> <Core = "ROM_nP">   --->   Core 52 'ROM_nP' <Latency = 1> <II = 1> <Delay = 2.77> <Storage> <Opcode : 'load'> <Ports = 0> <Width = 6> <Depth = 1024> <ROM>
ST_4 : Operation 101 [1/1] (0.00ns)   --->   "%tmp_161_3_cast_cast = sext i6 %weights5_m_weights_V_11 to i14" [3_3_3/conv1d.h:814]   --->   Operation 101 'sext' 'tmp_161_3_cast_cast' <Predicate = (!exitcond_flatten7)> <Delay = 0.00>
ST_4 : Operation 102 [1/1] (3.61ns)   --->   "%tmp_162_3 = mul i14 %p_071_assign_1_cast_c, %tmp_161_3_cast_cast" [3_3_3/conv1d.h:814]   --->   Operation 102 'mul' 'tmp_162_3' <Predicate = (!exitcond_flatten7)> <Delay = 3.61> <Core = "Mul">   --->   Core 16 'Mul' <Latency = 0> <II = 1> <Delay = 3.61> <FuncUnit> <Opcode : 'mul'> <InPorts = 2> <OutPorts = 1>
ST_4 : Operation 103 [1/1] (0.00ns) (grouped into LUT with out node tmp_169_3)   --->   "%tmp_756 = call i1 @_ssdm_op_BitSelect.i1.i14.i32(i14 %tmp_162_3, i32 11)" [3_3_3/conv1d.h:814]   --->   Operation 103 'bitselect' 'tmp_756' <Predicate = (!exitcond_flatten7)> <Delay = 0.00>
ST_4 : Operation 104 [1/1] (0.00ns)   --->   "%tmp_113 = call i7 @_ssdm_op_PartSelect.i7.i14.i32.i32(i14 %tmp_162_3, i32 7, i32 13)" [3_3_3/conv1d.h:814]   --->   Operation 104 'partselect' 'tmp_113' <Predicate = (!exitcond_flatten7)> <Delay = 0.00>
ST_4 : Operation 105 [1/1] (0.00ns)   --->   "%tmp_757 = trunc i14 %tmp_162_3 to i6" [3_3_3/conv1d.h:814]   --->   Operation 105 'trunc' 'tmp_757' <Predicate = (!exitcond_flatten7)> <Delay = 0.00>
ST_4 : Operation 106 [1/1] (1.07ns)   --->   "%p_3 = icmp ne i6 %tmp_757, 0" [3_3_3/conv1d.h:814]   --->   Operation 106 'icmp' 'p_3' <Predicate = (!exitcond_flatten7)> <Delay = 1.07> <Core = "Cmp">   --->   Core 25 'Cmp' <Latency = 0> <II = 1> <Delay = 1.06> <FuncUnit> <Opcode : 'icmp'> <InPorts = 2> <OutPorts = 1>
ST_4 : Operation 107 [1/1] (0.00ns) (grouped into LUT with out node tmp_169_3)   --->   "%tmp_165_3 = or i1 %tmp_756, %p_3" [3_3_3/conv1d.h:814]   --->   Operation 107 'or' 'tmp_165_3' <Predicate = (!exitcond_flatten7)> <Delay = 0.00> <Core = "LogicGate">   --->   Core 27 'LogicGate' <Latency = 0> <II = 1> <Delay = 0.80> <FuncUnit> <Opcode : 'and' 'or' 'xor'> <InPorts = 2> <OutPorts = 1>
ST_4 : Operation 108 [1/1] (0.00ns) (grouped into LUT with out node tmp_169_3)   --->   "%tmp_758 = call i1 @_ssdm_op_BitSelect.i1.i14.i32(i14 %tmp_162_3, i32 6)" [3_3_3/conv1d.h:814]   --->   Operation 108 'bitselect' 'tmp_758' <Predicate = (!exitcond_flatten7)> <Delay = 0.00>
ST_4 : Operation 109 [1/1] (0.80ns) (out node of the LUT)   --->   "%tmp_169_3 = and i1 %tmp_165_3, %tmp_758" [3_3_3/conv1d.h:814]   --->   Operation 109 'and' 'tmp_169_3' <Predicate = (!exitcond_flatten7)> <Delay = 0.80> <Core = "LogicGate">   --->   Core 27 'LogicGate' <Latency = 0> <II = 1> <Delay = 0.80> <FuncUnit> <Opcode : 'and' 'or' 'xor'> <InPorts = 2> <OutPorts = 1>

State 5 <SV = 4> <Delay = 8.04>
ST_5 : Operation 110 [1/1] (0.00ns)   --->   "%macRegisters_0_V_5_s = load i8* %macRegisters_0_V_5" [3_3_3/conv1d.h:827]   --->   Operation 110 'load' 'macRegisters_0_V_5_s' <Predicate = (!exitcond_flatten7)> <Delay = 0.00>
ST_5 : Operation 111 [1/1] (0.00ns)   --->   "%macRegisters_1_V_5_s = load i8* %macRegisters_1_V_5" [3_3_3/conv1d.h:827]   --->   Operation 111 'load' 'macRegisters_1_V_5_s' <Predicate = (!exitcond_flatten7)> <Delay = 0.00>
ST_5 : Operation 112 [1/1] (0.00ns)   --->   "%macRegisters_2_V_5_s = load i8* %macRegisters_2_V_5" [3_3_3/conv1d.h:827]   --->   Operation 112 'load' 'macRegisters_2_V_5_s' <Predicate = (!exitcond_flatten7)> <Delay = 0.00>
ST_5 : Operation 113 [1/1] (0.00ns)   --->   "%macRegisters_3_V_5_s = load i8* %macRegisters_3_V_5" [3_3_3/conv1d.h:827]   --->   Operation 113 'load' 'macRegisters_3_V_5_s' <Predicate = (!exitcond_flatten7)> <Delay = 0.00>
ST_5 : Operation 114 [1/1] (0.00ns)   --->   "call void (...)* @_ssdm_op_SpecLoopName([50 x i8]* @loop_ofmChannels_loo)"   --->   Operation 114 'specloopname' <Predicate = (!exitcond_flatten7)> <Delay = 0.00>
ST_5 : Operation 115 [1/1] (0.00ns)   --->   "call void (...)* @_ssdm_op_SpecLoopName([33 x i8]* @loop_neuronFold_loop)"   --->   Operation 115 'specloopname' <Predicate = (!exitcond_flatten7)> <Delay = 0.00>
ST_5 : Operation 116 [1/1] (0.00ns)   --->   "call void (...)* @_ssdm_op_SpecLoopName([17 x i8]* @p_str58) nounwind" [3_3_3/conv1d.h:784]   --->   Operation 116 'specloopname' <Predicate = (!exitcond_flatten7)> <Delay = 0.00>
ST_5 : Operation 117 [1/1] (0.00ns)   --->   "%tmp_102 = call i32 (...)* @_ssdm_op_SpecRegionBegin([17 x i8]* @p_str58)" [3_3_3/conv1d.h:784]   --->   Operation 117 'specregionbegin' 'tmp_102' <Predicate = (!exitcond_flatten7)> <Delay = 0.00>
ST_5 : Operation 118 [1/1] (0.00ns)   --->   "call void (...)* @_ssdm_op_SpecPipeline(i32 1, i32 1, i32 1, i32 0, [1 x i8]* @p_str1) nounwind" [3_3_3/conv1d.h:785]   --->   Operation 118 'specpipeline' <Predicate = (!exitcond_flatten7)> <Delay = 0.00>
ST_5 : Operation 119 [1/1] (0.00ns)   --->   "%tmp1_cast = sext i7 %tmp1 to i8" [3_3_3/conv1d.h:827]   --->   Operation 119 'sext' 'tmp1_cast' <Predicate = (!exitcond_flatten7)> <Delay = 0.00>
ST_5 : Operation 120 [1/1] (1.30ns)   --->   "%macRegisters_0_V = add i8 %tmp1_cast, %macRegisters_0_V_5_s" [3_3_3/conv1d.h:827]   --->   Operation 120 'add' 'macRegisters_0_V' <Predicate = (!exitcond_flatten7)> <Delay = 1.30> <Core = "AddSub">   --->   Core 14 'AddSub' <Latency = 0> <II = 1> <Delay = 1.54> <FuncUnit> <Opcode : 'add' 'sub'> <InPorts = 2> <OutPorts = 1>
ST_5 : Operation 121 [1/1] (0.00ns)   --->   "%tmp2_cast = sext i7 %tmp2 to i8" [3_3_3/conv1d.h:827]   --->   Operation 121 'sext' 'tmp2_cast' <Predicate = (!exitcond_flatten7)> <Delay = 0.00>
ST_5 : Operation 122 [1/1] (1.30ns)   --->   "%macRegisters_1_V = add i8 %tmp2_cast, %macRegisters_1_V_5_s" [3_3_3/conv1d.h:827]   --->   Operation 122 'add' 'macRegisters_1_V' <Predicate = (!exitcond_flatten7)> <Delay = 1.30> <Core = "AddSub">   --->   Core 14 'AddSub' <Latency = 0> <II = 1> <Delay = 1.54> <FuncUnit> <Opcode : 'add' 'sub'> <InPorts = 2> <OutPorts = 1>
ST_5 : Operation 123 [1/1] (0.00ns)   --->   "%tmp3_cast = sext i7 %tmp3 to i8" [3_3_3/conv1d.h:827]   --->   Operation 123 'sext' 'tmp3_cast' <Predicate = (!exitcond_flatten7)> <Delay = 0.00>
ST_5 : Operation 124 [1/1] (1.30ns)   --->   "%macRegisters_2_V = add i8 %tmp3_cast, %macRegisters_2_V_5_s" [3_3_3/conv1d.h:827]   --->   Operation 124 'add' 'macRegisters_2_V' <Predicate = (!exitcond_flatten7)> <Delay = 1.30> <Core = "AddSub">   --->   Core 14 'AddSub' <Latency = 0> <II = 1> <Delay = 1.54> <FuncUnit> <Opcode : 'add' 'sub'> <InPorts = 2> <OutPorts = 1>
ST_5 : Operation 125 [1/1] (0.00ns)   --->   "%tmp_114 = sext i7 %tmp_113 to i8" [3_3_3/conv1d.h:814]   --->   Operation 125 'sext' 'tmp_114' <Predicate = (!exitcond_flatten7)> <Delay = 0.00>
ST_5 : Operation 126 [1/1] (0.00ns)   --->   "%tmp_169_3_cast = zext i1 %tmp_169_3 to i8" [3_3_3/conv1d.h:814]   --->   Operation 126 'zext' 'tmp_169_3_cast' <Predicate = (!exitcond_flatten7)> <Delay = 0.00>
ST_5 : Operation 127 [1/1] (0.00ns) (grouped into TernaryAdder)   --->   "%tmp4 = add i8 %macRegisters_3_V_5_s, %tmp_169_3_cast" [3_3_3/conv1d.h:827]   --->   Operation 127 'add' 'tmp4' <Predicate = (!exitcond_flatten7)> <Delay = 0.00> <Core = "TAddSub">   --->   Core 84 'TAddSub' <Latency = 0> <II = 1> <Delay = 1.48> <IPBlock> <Opcode : 'add' 'sub'> <InPorts = 3> <OutPorts = 1> <Sync> <CReg>
ST_5 : Operation 128 [1/1] (2.96ns) (root node of TernaryAdder)   --->   "%macRegisters_3_V = add i8 %tmp4, %tmp_114" [3_3_3/conv1d.h:827]   --->   Operation 128 'add' 'macRegisters_3_V' <Predicate = (!exitcond_flatten7)> <Delay = 2.96> <Core = "TAddSub">   --->   Core 84 'TAddSub' <Latency = 0> <II = 1> <Delay = 1.48> <IPBlock> <Opcode : 'add' 'sub'> <InPorts = 3> <OutPorts = 1> <Sync> <CReg>
ST_5 : Operation 129 [1/1] (0.46ns)   --->   "store i8 %macRegisters_3_V, i8* %macRegisters_3_V_5" [3_3_3/conv1d.h:835]   --->   Operation 129 'store' <Predicate = (!tmp_112)> <Delay = 0.46>
ST_5 : Operation 130 [1/1] (0.46ns)   --->   "store i8 %macRegisters_2_V, i8* %macRegisters_2_V_5" [3_3_3/conv1d.h:835]   --->   Operation 130 'store' <Predicate = (!tmp_112)> <Delay = 0.46>
ST_5 : Operation 131 [1/1] (0.46ns)   --->   "store i8 %macRegisters_1_V, i8* %macRegisters_1_V_5" [3_3_3/conv1d.h:835]   --->   Operation 131 'store' <Predicate = (!tmp_112)> <Delay = 0.46>
ST_5 : Operation 132 [1/1] (0.46ns)   --->   "store i8 %macRegisters_0_V, i8* %macRegisters_0_V_5" [3_3_3/conv1d.h:835]   --->   Operation 132 'store' <Predicate = (!tmp_112)> <Delay = 0.46>
ST_5 : Operation 133 [1/1] (0.00ns)   --->   "br label %._crit_edge" [3_3_3/conv1d.h:838]   --->   Operation 133 'br' <Predicate = (!tmp_112)> <Delay = 0.00>
ST_5 : Operation 134 [1/1] (0.00ns) (grouped into LUT with out node result_V)   --->   "%tmp_115 = call i8 @_ssdm_op_Mux.ap_auto.16i8.i4(i8 0, i8 0, i8 0, i8 15, i8 0, i8 0, i8 7, i8 0, i8 0, i8 1, i8 0, i8 8, i8 0, i8 0, i8 -3, i8 -3, i4 %nm_t_mid2)" [3_3_3/conv1d.h:848]   --->   Operation 134 'mux' 'tmp_115' <Predicate = (tmp_112)> <Delay = 0.00> <Core = "MuxnS">   --->   Core 31 'MuxnS' <Latency = 0> <II = 1> <Delay = 1.67> <FuncUnit> <Opcode : 'mux'> <InPorts = 2> <OutPorts = 1>
ST_5 : Operation 135 [1/1] (1.67ns) (out node of the LUT)   --->   "%result_V = add i8 %macRegisters_0_V, %tmp_115" [3_3_3/conv1d.h:850]   --->   Operation 135 'add' 'result_V' <Predicate = (tmp_112)> <Delay = 1.67> <Core = "AddSub">   --->   Core 14 'AddSub' <Latency = 0> <II = 1> <Delay = 1.54> <FuncUnit> <Opcode : 'add' 'sub'> <InPorts = 2> <OutPorts = 1>
ST_5 : Operation 136 [1/1] (0.00ns) (grouped into LUT with out node result_V_1)   --->   "%tmp_116 = call i8 @_ssdm_op_Mux.ap_auto.16i8.i4(i8 6, i8 2, i8 0, i8 0, i8 10, i8 0, i8 2, i8 0, i8 15, i8 0, i8 0, i8 0, i8 0, i8 9, i8 17, i8 0, i4 %nm_t_mid2)" [3_3_3/conv1d.h:848]   --->   Operation 136 'mux' 'tmp_116' <Predicate = (tmp_112)> <Delay = 0.00> <Core = "MuxnS">   --->   Core 31 'MuxnS' <Latency = 0> <II = 1> <Delay = 1.67> <FuncUnit> <Opcode : 'mux'> <InPorts = 2> <OutPorts = 1>
ST_5 : Operation 137 [1/1] (1.67ns) (out node of the LUT)   --->   "%result_V_1 = add i8 %macRegisters_1_V, %tmp_116" [3_3_3/conv1d.h:850]   --->   Operation 137 'add' 'result_V_1' <Predicate = (tmp_112)> <Delay = 1.67> <Core = "AddSub">   --->   Core 14 'AddSub' <Latency = 0> <II = 1> <Delay = 1.54> <FuncUnit> <Opcode : 'add' 'sub'> <InPorts = 2> <OutPorts = 1>
ST_5 : Operation 138 [1/1] (0.00ns) (grouped into LUT with out node result_V_2)   --->   "%tmp_117 = call i8 @_ssdm_op_Mux.ap_auto.16i8.i4(i8 2, i8 0, i8 0, i8 6, i8 6, i8 0, i8 0, i8 0, i8 11, i8 0, i8 0, i8 4, i8 5, i8 0, i8 3, i8 -5, i4 %nm_t_mid2)" [3_3_3/conv1d.h:848]   --->   Operation 138 'mux' 'tmp_117' <Predicate = (tmp_112)> <Delay = 0.00> <Core = "MuxnS">   --->   Core 31 'MuxnS' <Latency = 0> <II = 1> <Delay = 1.67> <FuncUnit> <Opcode : 'mux'> <InPorts = 2> <OutPorts = 1>
ST_5 : Operation 139 [1/1] (1.67ns) (out node of the LUT)   --->   "%result_V_2 = add i8 %macRegisters_2_V, %tmp_117" [3_3_3/conv1d.h:850]   --->   Operation 139 'add' 'result_V_2' <Predicate = (tmp_112)> <Delay = 1.67> <Core = "AddSub">   --->   Core 14 'AddSub' <Latency = 0> <II = 1> <Delay = 1.54> <FuncUnit> <Opcode : 'add' 'sub'> <InPorts = 2> <OutPorts = 1>
ST_5 : Operation 140 [1/1] (0.00ns) (grouped into LUT with out node result_V_3)   --->   "%tmp_118 = call i8 @_ssdm_op_Mux.ap_auto.16i8.i4(i8 0, i8 0, i8 -9, i8 0, i8 0, i8 9, i8 8, i8 0, i8 0, i8 0, i8 2, i8 0, i8 11, i8 0, i8 0, i8 0, i4 %nm_t_mid2)" [3_3_3/conv1d.h:848]   --->   Operation 140 'mux' 'tmp_118' <Predicate = (tmp_112)> <Delay = 0.00> <Core = "MuxnS">   --->   Core 31 'MuxnS' <Latency = 0> <II = 1> <Delay = 1.67> <FuncUnit> <Opcode : 'mux'> <InPorts = 2> <OutPorts = 1>
ST_5 : Operation 141 [1/1] (1.67ns) (out node of the LUT)   --->   "%result_V_3 = add i8 %macRegisters_3_V, %tmp_118" [3_3_3/conv1d.h:850]   --->   Operation 141 'add' 'result_V_3' <Predicate = (tmp_112)> <Delay = 1.67> <Core = "AddSub">   --->   Core 14 'AddSub' <Latency = 0> <II = 1> <Delay = 1.54> <FuncUnit> <Opcode : 'add' 'sub'> <InPorts = 2> <OutPorts = 1>
ST_5 : Operation 142 [1/1] (0.00ns)   --->   "%tmp_V = call i32 @_ssdm_op_BitConcatenate.i32.i8.i8.i8.i8(i8 %result_V_3, i8 %result_V_2, i8 %result_V_1, i8 %result_V)" [3_3_3/conv1d.h:861]   --->   Operation 142 'bitconcatenate' 'tmp_V' <Predicate = (tmp_112)> <Delay = 0.00>
ST_5 : Operation 143 [1/1] (3.40ns)   --->   "call void @_ssdm_op_Write.ap_fifo.volatile.i32P(i32* %out_V_V, i32 %tmp_V)" [3_3_3/conv1d.h:867]   --->   Operation 143 'write' <Predicate = (tmp_112)> <Delay = 3.40> <Core = "FIFO">   --->   Core 32 'FIFO' <Latency = 0> <II = 1> <Delay = 3.40> <Storage> <Opcode : 'read' 'write' 'nbread' 'nbwrite'> <Ports = 0> <Width = 32> <Depth = 2> <FIFO>
ST_5 : Operation 144 [1/1] (0.46ns)   --->   "store i8 0, i8* %macRegisters_3_V_5"   --->   Operation 144 'store' <Predicate = (tmp_112)> <Delay = 0.46>
ST_5 : Operation 145 [1/1] (0.46ns)   --->   "store i8 0, i8* %macRegisters_2_V_5"   --->   Operation 145 'store' <Predicate = (tmp_112)> <Delay = 0.46>
ST_5 : Operation 146 [1/1] (0.46ns)   --->   "store i8 0, i8* %macRegisters_1_V_5"   --->   Operation 146 'store' <Predicate = (tmp_112)> <Delay = 0.46>
ST_5 : Operation 147 [1/1] (0.46ns)   --->   "store i8 0, i8* %macRegisters_0_V_5"   --->   Operation 147 'store' <Predicate = (tmp_112)> <Delay = 0.46>
ST_5 : Operation 148 [1/1] (0.00ns)   --->   "br label %._crit_edge" [3_3_3/conv1d.h:868]   --->   Operation 148 'br' <Predicate = (tmp_112)> <Delay = 0.00>
ST_5 : Operation 149 [1/1] (0.00ns)   --->   "%empty = call i32 (...)* @_ssdm_op_SpecRegionEnd([17 x i8]* @p_str58, i32 %tmp_102)" [3_3_3/conv1d.h:869]   --->   Operation 149 'specregionend' 'empty' <Predicate = (!exitcond_flatten7)> <Delay = 0.00>
ST_5 : Operation 150 [1/1] (0.00ns)   --->   "br label %0"   --->   Operation 150 'br' <Predicate = (!exitcond_flatten7)> <Delay = 0.00>

State 6 <SV = 2> <Delay = 0.00>
ST_6 : Operation 151 [1/1] (0.00ns)   --->   "ret void" [3_3_3/conv1d.h:875]   --->   Operation 151 'ret' <Predicate = true> <Delay = 0.00>


============================================================
+ Verbose Summary: Timing violations
============================================================
Target clock period: 10ns, clock uncertainty: 1.25ns.

 <State 1>: 0.466ns
The critical path consists of the following:
	'alloca' operation ('macRegisters[0].V') [7]  (0 ns)
	'store' operation of constant 0 on local variable 'macRegisters[0].V' [16]  (0.466 ns)

 <State 2>: 5.24ns
The critical path consists of the following:
	'phi' operation ('indvar_flatten') with incoming values : ('indvar_flatten_next') [20]  (0 ns)
	'icmp' operation ('exitcond_flatten') [34]  (1.82 ns)
	'select' operation ('nm_mid', 3_3_3/conv1d.h:784) [35]  (0.976 ns)
	'add' operation ('nm', 3_3_3/conv1d.h:783) [41]  (1.02 ns)
	'select' operation ('tmp_105_mid2', 3_3_3/conv1d.h:808) [47]  (0 ns)
	'add' operation ('tmp_103', 3_3_3/conv1d.h:808) [55]  (1.42 ns)

 <State 3>: 3.4ns
The critical path consists of the following:
	fifo read on port 'in_V_V' (3_3_3/conv1d.h:787) [54]  (3.4 ns)

 <State 4>: 8.74ns
The critical path consists of the following:
	'load' operation ('weights5_m_weights_V_5', 3_3_3/conv1d.h:808) on array 'weights5_m_weights_V' [58]  (2.77 ns)
	'mul' operation ('tmp_105', 3_3_3/conv1d.h:814) [62]  (3.61 ns)
	'icmp' operation ('p_s', 3_3_3/conv1d.h:814) [67]  (1.07 ns)
	'or' operation ('tmp_108', 3_3_3/conv1d.h:814) [68]  (0 ns)
	'and' operation ('tmp_109', 3_3_3/conv1d.h:814) [70]  (0 ns)
	'add' operation ('tmp1', 3_3_3/conv1d.h:827) [72]  (1.28 ns)

 <State 5>: 8.04ns
The critical path consists of the following:
	'load' operation ('macRegisters_3_V_5_s', 3_3_3/conv1d.h:827) on local variable 'macRegisters[3].V' [32]  (0 ns)
	'add' operation ('tmp4', 3_3_3/conv1d.h:827) [120]  (0 ns)
	'add' operation ('macRegisters[3].V', 3_3_3/conv1d.h:827) [121]  (2.97 ns)
	'add' operation ('result_V_3', 3_3_3/conv1d.h:850) [138]  (1.68 ns)
	fifo write on port 'out_V_V' (3_3_3/conv1d.h:867) [140]  (3.4 ns)

 <State 6>: 0ns
The critical path consists of the following:


============================================================
+ Verbose Summary: Binding
============================================================
N/A
* FSMD analyzer results:
  - Output states:
 - Input state : 
  - Chain level:
	State 1
	State 2
	State 3
	State 4
	State 5
	State 6


============================================================
+ Verbose Summary: Datapath Resource usage 
============================================================
N/A
