

================================================================
== Vivado HLS Report for 'Relu1D328'
================================================================
* Date:           Tue May  9 01:01:12 2023

* Version:        2018.3 (Build 2405991 on Thu Dec 06 23:56:15 MST 2018)
* Project:        3_3_3
* Solution:       solution1
* Product family: zynq
* Target device:  xc7z045ffg900-2


================================================================
== Performance Estimates
================================================================
+ Timing (ns): 
    * Summary: 
    +--------+-------+----------+------------+
    |  Clock | Target| Estimated| Uncertainty|
    +--------+-------+----------+------------+
    |ap_clk  |  10.00|     7.518|        1.25|
    +--------+-------+----------+------------+

+ Latency (clock cycles): 
    * Summary: 
    +------+------+------+------+---------+
    |   Latency   |   Interval  | Pipeline|
    |  min |  max |  min |  max |   Type  |
    +------+------+------+------+---------+
    |  4098|  4098|  4098|  4098|   none  |
    +------+------+------+------+---------+

    + Detail: 
        * Instance: 
        N/A

        * Loop: 
        +------------+------+------+----------+-----------+-----------+------+----------+
        |            |   Latency   | Iteration|  Initiation Interval  | Trip |          |
        |  Loop Name |  min |  max |  Latency |  achieved |   target  | Count| Pipelined|
        +------------+------+------+----------+-----------+-----------+------+----------+
        |- loop_dim  |  4096|  4096|         2|          1|          1|  4096|    yes   |
        +------------+------+------+----------+-----------+-----------+------+----------+

============================================================
+ Verbose Summary: Synthesis Manager
============================================================
InlineROM: 1
ExposeGlobal: 0
============================================================
+ Verbose Summary: CDFG Model
============================================================
IsTopModel: 0
ResetActiveHigh: 1
IsCombinational: 2
IsDatapathOnly: 0
HasWiredReturn: 1
HasMFsm: 0
HasVarLatency: 1
IsPipeline: 0
IsRtlPipelined: 0
IsInstanceOverlapped: 0
IsDontTouch: 0
HasImplIP: 0
IsGatedGlobalClock: 0

+ Individual pipeline summary: 
  * Pipeline-0: initiation interval (II) = 1, depth = 2


============================================================
+ Verbose Summary: Schedule
============================================================
* Number of FSM states : 4
* Pipeline : 1
  Pipeline-0 : II = 1, D = 2, States = { 2 3 }
* Dataflow Pipeline: 0

* FSM state transitions: 
1 --> 
	2  / true
2 --> 
	4  / (tmp)
	3  / (!tmp)
3 --> 
	2  / true
4 --> 

* FSM state operations: 

State 1 <SV = 0> <Delay = 0.46>
ST_1 : Operation 5 [1/1] (0.00ns)   --->   "call void (...)* @_ssdm_op_SpecInterface(i32* %out_V_V, [8 x i8]* @ap_fifo_str, i32 0, i32 0, [1 x i8]* @p_str510, i32 0, i32 0, [1 x i8]* @p_str511, [1 x i8]* @p_str512, [1 x i8]* @p_str513, i32 2, i32 2, i32 16, i32 16, [1 x i8]* @p_str514, [1 x i8]* @p_str515)"   --->   Operation 5 'specinterface' <Predicate = true> <Delay = 0.00>
ST_1 : Operation 6 [1/1] (0.00ns)   --->   "call void (...)* @_ssdm_op_SpecInterface(i32* %in_V_V, [8 x i8]* @ap_fifo_str, i32 0, i32 0, [1 x i8]* @p_str503, i32 0, i32 0, [1 x i8]* @p_str504, [1 x i8]* @p_str505, [1 x i8]* @p_str506, i32 2, i32 2, i32 16, i32 16, [1 x i8]* @p_str507, [1 x i8]* @p_str508)"   --->   Operation 6 'specinterface' <Predicate = true> <Delay = 0.00>
ST_1 : Operation 7 [1/1] (0.46ns)   --->   "br label %1" [3_3_3/conv1d.h:1114]   --->   Operation 7 'br' <Predicate = true> <Delay = 0.46>

State 2 <SV = 1> <Delay = 1.90>
ST_2 : Operation 8 [1/1] (0.00ns)   --->   "%i = phi i13 [ 0, %0 ], [ %i_2, %._crit_edge ]"   --->   Operation 8 'phi' 'i' <Predicate = true> <Delay = 0.00>
ST_2 : Operation 9 [1/1] (1.90ns)   --->   "%tmp = icmp eq i13 %i, -4096" [3_3_3/conv1d.h:1114]   --->   Operation 9 'icmp' 'tmp' <Predicate = true> <Delay = 1.90> <Core = "Cmp">   --->   Core 25 'Cmp' <Latency = 0> <II = 1> <Delay = 1.90> <FuncUnit> <Opcode : 'icmp'> <InPorts = 2> <OutPorts = 1>
ST_2 : Operation 10 [1/1] (0.00ns)   --->   "%empty = call i32 (...)* @_ssdm_op_SpecLoopTripCount(i64 4096, i64 4096, i64 4096)"   --->   Operation 10 'speclooptripcount' 'empty' <Predicate = true> <Delay = 0.00>
ST_2 : Operation 11 [1/1] (1.53ns)   --->   "%i_2 = add i13 %i, 1" [3_3_3/conv1d.h:1114]   --->   Operation 11 'add' 'i_2' <Predicate = true> <Delay = 1.53> <Core = "AddSub">   --->   Core 14 'AddSub' <Latency = 0> <II = 1> <Delay = 1.53> <FuncUnit> <Opcode : 'add' 'sub'> <InPorts = 2> <OutPorts = 1>
ST_2 : Operation 12 [1/1] (0.00ns)   --->   "br i1 %tmp, label %2, label %._crit_edge" [3_3_3/conv1d.h:1114]   --->   Operation 12 'br' <Predicate = true> <Delay = 0.00>

State 3 <SV = 2> <Delay = 7.51>
ST_3 : Operation 13 [1/1] (0.00ns)   --->   "call void (...)* @_ssdm_op_SpecLoopName([9 x i8]* @p_str52) nounwind" [3_3_3/conv1d.h:1115]   --->   Operation 13 'specloopname' <Predicate = (!tmp)> <Delay = 0.00>
ST_3 : Operation 14 [1/1] (0.00ns)   --->   "%tmp_34 = call i32 (...)* @_ssdm_op_SpecRegionBegin([9 x i8]* @p_str52)" [3_3_3/conv1d.h:1115]   --->   Operation 14 'specregionbegin' 'tmp_34' <Predicate = (!tmp)> <Delay = 0.00>
ST_3 : Operation 15 [1/1] (0.00ns)   --->   "call void (...)* @_ssdm_op_SpecPipeline(i32 1, i32 1, i32 1, i32 0, [1 x i8]* @p_str1) nounwind" [3_3_3/conv1d.h:1116]   --->   Operation 15 'specpipeline' <Predicate = (!tmp)> <Delay = 0.00>
ST_3 : Operation 16 [1/1] (3.40ns)   --->   "%tmp_V = call i32 @_ssdm_op_Read.ap_fifo.volatile.i32P(i32* %in_V_V)" [3_3_3/conv1d.h:1118]   --->   Operation 16 'read' 'tmp_V' <Predicate = (!tmp)> <Delay = 3.40> <Core = "FIFO">   --->   Core 32 'FIFO' <Latency = 0> <II = 1> <Delay = 3.40> <Storage> <Opcode : 'read' 'write' 'nbread' 'nbwrite'> <Ports = 0> <Width = 32> <Depth = 2> <FIFO>
ST_3 : Operation 17 [1/1] (0.00ns)   --->   "%tmp_362 = trunc i32 %tmp_V to i31" [3_3_3/conv1d.h:1131]   --->   Operation 17 'trunc' 'tmp_362' <Predicate = (!tmp)> <Delay = 0.00>
ST_3 : Operation 18 [1/1] (0.00ns)   --->   "%tmp_363 = call i1 @_ssdm_op_BitSelect.i1.i32.i32(i32 %tmp_V, i32 31)" [3_3_3/conv1d.h:1131]   --->   Operation 18 'bitselect' 'tmp_363' <Predicate = (!tmp)> <Delay = 0.00>
ST_3 : Operation 19 [1/1] (0.71ns)   --->   "%tmp_V_42 = select i1 %tmp_363, i31 0, i31 %tmp_362" [3_3_3/conv1d.h:1131]   --->   Operation 19 'select' 'tmp_V_42' <Predicate = (!tmp)> <Delay = 0.71> <Core = "Sel">   --->   Core 26 'Sel' <Latency = 0> <II = 1> <Delay = 0.71> <FuncUnit> <Opcode : 'select'> <InPorts = 3> <OutPorts = 1>
ST_3 : Operation 20 [1/1] (0.00ns)   --->   "%tmp_V_4 = zext i31 %tmp_V_42 to i32" [3_3_3/conv1d.h:1131]   --->   Operation 20 'zext' 'tmp_V_4' <Predicate = (!tmp)> <Delay = 0.00>
ST_3 : Operation 21 [1/1] (3.40ns)   --->   "call void @_ssdm_op_Write.ap_fifo.volatile.i32P(i32* %out_V_V, i32 %tmp_V_4)" [3_3_3/conv1d.h:1144]   --->   Operation 21 'write' <Predicate = (!tmp)> <Delay = 3.40> <Core = "FIFO">   --->   Core 32 'FIFO' <Latency = 0> <II = 1> <Delay = 3.40> <Storage> <Opcode : 'read' 'write' 'nbread' 'nbwrite'> <Ports = 0> <Width = 32> <Depth = 2> <FIFO>
ST_3 : Operation 22 [1/1] (0.00ns)   --->   "%empty_127 = call i32 (...)* @_ssdm_op_SpecRegionEnd([9 x i8]* @p_str52, i32 %tmp_34)" [3_3_3/conv1d.h:1145]   --->   Operation 22 'specregionend' 'empty_127' <Predicate = (!tmp)> <Delay = 0.00>
ST_3 : Operation 23 [1/1] (0.00ns)   --->   "br label %1" [3_3_3/conv1d.h:1114]   --->   Operation 23 'br' <Predicate = (!tmp)> <Delay = 0.00>

State 4 <SV = 2> <Delay = 0.00>
ST_4 : Operation 24 [1/1] (0.00ns)   --->   "ret void" [3_3_3/conv1d.h:1146]   --->   Operation 24 'ret' <Predicate = true> <Delay = 0.00>


============================================================
+ Verbose Summary: Timing violations
============================================================
Target clock period: 10ns, clock uncertainty: 1.25ns.

 <State 1>: 0.466ns
The critical path consists of the following:
	multiplexor before 'phi' operation ('i') with incoming values : ('i', 3_3_3/conv1d.h:1114) [7]  (0.466 ns)

 <State 2>: 1.9ns
The critical path consists of the following:
	'phi' operation ('i') with incoming values : ('i', 3_3_3/conv1d.h:1114) [7]  (0 ns)
	'icmp' operation ('tmp', 3_3_3/conv1d.h:1114) [8]  (1.9 ns)

 <State 3>: 7.52ns
The critical path consists of the following:
	fifo read on port 'in_V_V' (3_3_3/conv1d.h:1118) [16]  (3.4 ns)
	'select' operation ('tmp.V', 3_3_3/conv1d.h:1131) [19]  (0.716 ns)
	fifo write on port 'out_V_V' (3_3_3/conv1d.h:1144) [21]  (3.4 ns)

 <State 4>: 0ns
The critical path consists of the following:


============================================================
+ Verbose Summary: Binding
============================================================
N/A
* FSMD analyzer results:
  - Output states:
 - Input state : 
  - Chain level:
	State 1
	State 2
	State 3
	State 4


============================================================
+ Verbose Summary: Datapath Resource usage 
============================================================
N/A
