INFO: [SIM 2] *************** CSIM start ***************
INFO: [SIM 4] CSIM will launch GCC as the compiler.
   Compiling ../../../my_tb.cpp in debug mode
   Compiling ../../../Compute.cpp in debug mode
   Generating csim.exe
 my out: -0.851563
 my out: -0.046875
 my out: -0.25
 my out: 0.742188
 my out: 0.382813
 my out: -0.476563
 my out: -0.796875
 my out: 0.351563
 my out: -0.789063
 my out: -0.1875
 my out: -0.65625
 my out: 0.703125
 my out: 0.78125
 my out: 0.585938
 my out: 0.335938
 my out: 0.539063
 my out: -0.289063
 my out: 0.359375
 my out: -0.71875
 my out: -0.765625
 my out: -0.515625
 my out: -0.710938
 my out: 0.46875
 my out: 0.132813
 my out: 0.40625
 my out: -0.164063
 my out: 0.0546875
 my out: -0.960938
 my out: 0.835938
 my out: 0.398438
 my out: 0.78125
 my out: -0.210938
 my out: -0.164063
 my out: -0.453125
 my out: 0.296875
 my out: 0.320313
 my out: 0.148438
 my out: -0.445313
 my out: -0.03125
 my out: -0.859375
WARNING: Hls::stream 'outStrm' is read while empty, which may result in RTL simulation hanging.
 my out: 0.125
WARNING: Hls::stream 'outStrm' is read while empty, which may result in RTL simulation hanging.
 my out: 0.125
WARNING: Hls::stream 'outStrm' is read while empty, which may result in RTL simulation hanging.
 my out: 0.125
WARNING: Hls::stream 'outStrm' is read while empty, which may result in RTL simulation hanging.
 my out: 0.125
WARNING: Hls::stream 'outStrm' is read while empty, which may result in RTL simulation hanging.
 my out: 0.125
WARNING: Hls::stream 'outStrm' is read while empty, which may result in RTL simulation hanging.
 my out: 0.125
WARNING: Hls::stream 'outStrm' is read while empty, which may result in RTL simulation hanging.
 my out: 0.125
WARNING: Hls::stream 'outStrm' is read while empty, which may result in RTL simulation hanging.
 my out: 0.125
WARNING: Hls::stream 'outStrm' is read while empty, which may result in RTL simulation hanging.
 my out: 0.125
WARNING: Hls::stream 'outStrm' is read while empty, which may result in RTL simulation hanging.
 my out: 0.125
WARNING: Hls::stream 'outStrm' is read while empty, which may result in RTL simulation hanging.
 my out: 0.125
WARNING: Hls::stream 'outStrm' is read while empty, which may result in RTL simulation hanging.
 my out: 0.125
WARNING: Hls::stream 'outStrm' is read while empty, which may result in RTL simulation hanging.
 my out: 0.125
WARNING: Hls::stream 'outStrm' is read while empty, which may result in RTL simulation hanging.
 my out: 0.125
WARNING: Hls::stream 'outStrm' is read while empty, which may result in RTL simulation hanging.
 my out: 0.125
WARNING: Hls::stream 'outStrm' is read while empty, which may result in RTL simulation hanging.
 my out: 0.125
WARNING: Hls::stream 'outStrm' is read while empty, which may result in RTL simulation hanging.
 my out: 0.125
WARNING: Hls::stream 'outStrm' is read while empty, which may result in RTL simulation hanging.
 my out: 0.125
WARNING: Hls::stream 'outStrm' is read while empty, which may result in RTL simulation hanging.
 my out: 0.125
WARNING: Hls::stream 'outStrm' is read while empty, which may result in RTL simulation hanging.
 my out: 0.125
WARNING: Hls::stream 'outStrm' is read while empty, which may result in RTL simulation hanging.
 my out: 0.125
WARNING: Hls::stream 'outStrm' is read while empty, which may result in RTL simulation hanging.
 my out: 0.125
WARNING: Hls::stream 'outStrm' is read while empty, which may result in RTL simulation hanging.
 my out: 0.125
WARNING: Hls::stream 'outStrm' is read while empty, which may result in RTL simulation hanging.
 my out: 0.125
WARNING: Hls::stream 'outStrm' is read while empty, which may result in RTL simulation hanging.
 my out: 0.125
WARNING: Hls::stream 'outStrm' is read while empty, which may result in RTL simulation hanging.
 my out: 0.125
WARNING: Hls::stream 'outStrm' is read while empty, which may result in RTL simulation hanging.
 my out: 0.125
WARNING: Hls::stream 'outStrm' is read while empty, which may result in RTL simulation hanging.
 my out: 0.125
WARNING: Hls::stream 'outStrm' is read while empty, which may result in RTL simulation hanging.
 my out: 0.125
WARNING: Hls::stream 'outStrm' is read while empty, which may result in RTL simulation hanging.
 my out: 0.125
WARNING: Hls::stream 'outStrm' is read while empty, which may result in RTL simulation hanging.
 my out: 0.125
WARNING: Hls::stream 'outStrm' is read while empty, which may result in RTL simulation hanging.
 my out: 0.125
WARNING: Hls::stream 'outStrm' is read while empty, which may result in RTL simulation hanging.
 my out: 0.125
WARNING: Hls::stream 'outStrm' is read while empty, which may result in RTL simulation hanging.
 my out: 0.125
WARNING: Hls::stream 'outStrm' is read while empty, which may result in RTL simulation hanging.
 my out: 0.125
WARNING: Hls::stream 'outStrm' is read while empty, which may result in RTL simulation hanging.
 my out: 0.125
WARNING: Hls::stream 'outStrm' is read while empty, which may result in RTL simulation hanging.
 my out: 0.125
WARNING: Hls::stream 'outStrm' is read while empty, which may result in RTL simulation hanging.
 my out: 0.125
WARNING: Hls::stream 'outStrm' is read while empty, which may result in RTL simulation hanging.
 my out: 0.125
WARNING: Hls::stream 'outStrm' is read while empty, which may result in RTL simulation hanging.
 my out: 0.125
WARNING: Hls::stream 'outStrm' is read while empty, which may result in RTL simulation hanging.
 my out: 0.125
WARNING: Hls::stream 'outStrm' is read while empty, which may result in RTL simulation hanging.
 my out: 0.125
WARNING: Hls::stream 'outStrm' is read while empty, which may result in RTL simulation hanging.
 my out: 0.125
WARNING: Hls::stream 'outStrm' is read while empty, which may result in RTL simulation hanging.
 my out: 0.125
WARNING: Hls::stream 'outStrm' is read while empty, which may result in RTL simulation hanging.
 my out: 0.125
WARNING: Hls::stream 'outStrm' is read while empty, which may result in RTL simulation hanging.
 my out: 0.125
WARNING: Hls::stream 'outStrm' is read while empty, which may result in RTL simulation hanging.
 my out: 0.125
WARNING: Hls::stream 'outStrm' is read while empty, which may result in RTL simulation hanging.
 my out: 0.125
WARNING: Hls::stream 'outStrm' is read while empty, which may result in RTL simulation hanging.
 my out: 0.125
WARNING: Hls::stream 'outStrm' is read while empty, which may result in RTL simulation hanging.
 my out: 0.125
WARNING: Hls::stream 'outStrm' is read while empty, which may result in RTL simulation hanging.
 my out: 0.125
WARNING: Hls::stream 'outStrm' is read while empty, which may result in RTL simulation hanging.
 my out: 0.125
WARNING: Hls::stream 'outStrm' is read while empty, which may result in RTL simulation hanging.
 my out: 0.125
WARNING: Hls::stream 'outStrm' is read while empty, which may result in RTL simulation hanging.
 my out: 0.125
WARNING: Hls::stream 'outStrm' is read while empty, which may result in RTL simulation hanging.
 my out: 0.125
WARNING: Hls::stream 'outStrm' is read while empty, which may result in RTL simulation hanging.
 my out: 0.125
WARNING: Hls::stream 'outStrm' is read while empty, which may result in RTL simulation hanging.
 my out: 0.125
WARNING: Hls::stream 'outStrm' is read while empty, which may result in RTL simulation hanging.
 my out: 0.125
WARNING: Hls::stream 'outStrm' is read while empty, which may result in RTL simulation hanging.
 my out: 0.125
WARNING: Hls::stream 'outStrm' is read while empty, which may result in RTL simulation hanging.
 my out: 0.125
WARNING: Hls::stream 'outStrm' is read while empty, which may result in RTL simulation hanging.
 my out: 0.125
WARNING: Hls::stream 'outStrm' is read while empty, which may result in RTL simulation hanging.
 my out: 0.125
WARNING: Hls::stream 'outStrm' is read while empty, which may result in RTL simulation hanging.
 my out: 0.125
WARNING: Hls::stream 'outStrm' is read while empty, which may result in RTL simulation hanging.
 my out: 0.125
WARNING: Hls::stream 'outStrm' is read while empty, which may result in RTL simulation hanging.
 my out: 0.125
WARNING: Hls::stream 'outStrm' is read while empty, which may result in RTL simulation hanging.
 my out: 0.125
WARNING: Hls::stream 'outStrm' is read while empty, which may result in RTL simulation hanging.
 my out: 0.125
WARNING: Hls::stream 'outStrm' is read while empty, which may result in RTL simulation hanging.
 my out: 0.125
WARNING: Hls::stream 'outStrm' is read while empty, which may result in RTL simulation hanging.
 my out: 0.125
WARNING: Hls::stream 'outStrm' is read while empty, which may result in RTL simulation hanging.
 my out: 0.125
WARNING: Hls::stream 'outStrm' is read while empty, which may result in RTL simulation hanging.
 my out: 0.125
WARNING: Hls::stream 'outStrm' is read while empty, which may result in RTL simulation hanging.
 my out: 0.125
WARNING: Hls::stream 'outStrm' is read while empty, which may result in RTL simulation hanging.
 my out: 0.125
WARNING: Hls::stream 'outStrm' is read while empty, which may result in RTL simulation hanging.
 my out: 0.125
WARNING: Hls::stream 'outStrm' is read while empty, which may result in RTL simulation hanging.
 my out: 0.125
WARNING: Hls::stream 'outStrm' is read while empty, which may result in RTL simulation hanging.
 my out: 0.125
WARNING: Hls::stream 'outStrm' is read while empty, which may result in RTL simulation hanging.
 my out: 0.125
WARNING: Hls::stream 'outStrm' is read while empty, which may result in RTL simulation hanging.
 my out: 0.125
WARNING: Hls::stream 'outStrm' is read while empty, which may result in RTL simulation hanging.
 my out: 0.125
WARNING: Hls::stream 'outStrm' is read while empty, which may result in RTL simulation hanging.
 my out: 0.125
WARNING: Hls::stream 'outStrm' is read while empty, which may result in RTL simulation hanging.
 my out: 0.125
WARNING: Hls::stream 'outStrm' is read while empty, which may result in RTL simulation hanging.
 my out: 0.125
WARNING: Hls::stream 'outStrm' is read while empty, which may result in RTL simulation hanging.
 my out: 0.125
WARNING: Hls::stream 'outStrm' is read while empty, which may result in RTL simulation hanging.
 my out: 0.125
WARNING: Hls::stream 'outStrm' is read while empty, which may result in RTL simulation hanging.
 my out: 0.125
WARNING: Hls::stream 'outStrm' is read while empty, which may result in RTL simulation hanging.
 my out: 0.125
WARNING: Hls::stream 'outStrm' is read while empty, which may result in RTL simulation hanging.
 my out: 0.125
WARNING: Hls::stream 'outStrm' is read while empty, which may result in RTL simulation hanging.
 my out: 0.125
WARNING: Hls::stream 'outStrm' is read while empty, which may result in RTL simulation hanging.
 my out: 0.125
WARNING: Hls::stream 'outStrm' is read while empty, which may result in RTL simulation hanging.
 my out: 0.125
WARNING: Hls::stream 'outStrm' is read while empty, which may result in RTL simulation hanging.
 my out: 0.125
WARNING: Hls::stream 'outStrm' is read while empty, which may result in RTL simulation hanging.
 my out: 0.125
WARNING: Hls::stream 'outStrm' is read while empty, which may result in RTL simulation hanging.
 my out: 0.125
WARNING: Hls::stream 'outStrm' is read while empty, which may result in RTL simulation hanging.
 my out: 0.125
WARNING: Hls::stream 'outStrm' is read while empty, which may result in RTL simulation hanging.
 my out: 0.125
WARNING: Hls::stream 'outStrm' is read while empty, which may result in RTL simulation hanging.
 my out: 0.125
WARNING: Hls::stream 'outStrm' is read while empty, which may result in RTL simulation hanging.
 my out: 0.125
WARNING: Hls::stream 'outStrm' is read while empty, which may result in RTL simulation hanging.
 my out: 0.125
WARNING: Hls::stream 'outStrm' is read while empty, which may result in RTL simulation hanging.
 my out: 0.125
WARNING: Hls::stream 'outStrm' is read while empty, which may result in RTL simulation hanging.
 my out: 0.125
WARNING: Hls::stream 'outStrm' is read while empty, which may result in RTL simulation hanging.
 my out: 0.125
WARNING: Hls::stream 'outStrm' is read while empty, which may result in RTL simulation hanging.
 my out: 0.125
WARNING: Hls::stream 'outStrm' is read while empty, which may result in RTL simulation hanging.
 my out: 0.125
WARNING: Hls::stream 'outStrm' is read while empty, which may result in RTL simulation hanging.
 my out: 0.125
WARNING: Hls::stream 'outStrm' is read while empty, which may result in RTL simulation hanging.
 my out: 0.125
WARNING: Hls::stream 'outStrm' is read while empty, which may result in RTL simulation hanging.
 my out: 0.125
WARNING: Hls::stream 'outStrm' is read while empty, which may result in RTL simulation hanging.
 my out: 0.125
WARNING: Hls::stream 'outStrm' is read while empty, which may result in RTL simulation hanging.
 my out: 0.125
WARNING: Hls::stream 'outStrm' is read while empty, which may result in RTL simulation hanging.
 my out: 0.125
WARNING: Hls::stream 'outStrm' is read while empty, which may result in RTL simulation hanging.
 my out: 0.125
WARNING: Hls::stream 'outStrm' is read while empty, which may result in RTL simulation hanging.
 my out: 0.125
WARNING: Hls::stream 'outStrm' is read while empty, which may result in RTL simulation hanging.
 my out: 0.125
WARNING: Hls::stream 'outStrm' is read while empty, which may result in RTL simulation hanging.
 my out: 0.125
WARNING: Hls::stream 'outStrm' is read while empty, which may result in RTL simulation hanging.
 my out: 0.125
WARNING: Hls::stream 'outStrm' is read while empty, which may result in RTL simulation hanging.
 my out: 0.125
WARNING: Hls::stream 'outStrm' is read while empty, which may result in RTL simulation hanging.
 my out: 0.125
WARNING: Hls::stream 'outStrm' is read while empty, which may result in RTL simulation hanging.
 my out: 0.125
WARNING: Hls::stream 'outStrm' is read while empty, which may result in RTL simulation hanging.
 my out: 0.125
WARNING: Hls::stream 'outStrm' is read while empty, which may result in RTL simulation hanging.
 my out: 0.125
WARNING: Hls::stream 'outStrm' is read while empty, which may result in RTL simulation hanging.
 my out: 0.125
WARNING: Hls::stream 'outStrm' is read while empty, which may result in RTL simulation hanging.
 my out: 0.125
WARNING: Hls::stream 'outStrm' is read while empty, which may result in RTL simulation hanging.
 my out: 0.125
WARNING: Hls::stream 'outStrm' is read while empty, which may result in RTL simulation hanging.
 my out: 0.125
WARNING: Hls::stream 'outStrm' is read while empty, which may result in RTL simulation hanging.
 my out: 0.125
WARNING: Hls::stream 'outStrm' is read while empty, which may result in RTL simulation hanging.
 my out: 0.125
WARNING: Hls::stream 'outStrm' is read while empty, which may result in RTL simulation hanging.
 my out: 0.125
WARNING: Hls::stream 'outStrm' is read while empty, which may result in RTL simulation hanging.
 my out: 0.125
WARNING: Hls::stream 'outStrm' is read while empty, which may result in RTL simulation hanging.
 my out: 0.125
WARNING: Hls::stream 'outStrm' is read while empty, which may result in RTL simulation hanging.
 my out: 0.125
WARNING: Hls::stream 'outStrm' is read while empty, which may result in RTL simulation hanging.
 my out: 0.125
WARNING: Hls::stream 'outStrm' is read while empty, which may result in RTL simulation hanging.
 my out: 0.125
WARNING: Hls::stream 'outStrm' is read while empty, which may result in RTL simulation hanging.
 my out: 0.125
WARNING: Hls::stream 'outStrm' is read while empty, which may result in RTL simulation hanging.
 my out: 0.125
WARNING: Hls::stream 'outStrm' is read while empty, which may result in RTL simulation hanging.
 my out: 0.125
WARNING: Hls::stream 'outStrm' is read while empty, which may result in RTL simulation hanging.
 my out: 0.125
WARNING: Hls::stream 'outStrm' is read while empty, which may result in RTL simulation hanging.
 my out: 0.125
WARNING: Hls::stream 'outStrm' is read while empty, which may result in RTL simulation hanging.
 my out: 0.125
WARNING: Hls::stream 'outStrm' is read while empty, which may result in RTL simulation hanging.
 my out: 0.125
WARNING: Hls::stream 'outStrm' is read while empty, which may result in RTL simulation hanging.
 my out: 0.125
WARNING: Hls::stream 'outStrm' is read while empty, which may result in RTL simulation hanging.
 my out: 0.125
WARNING: Hls::stream 'outStrm' is read while empty, which may result in RTL simulation hanging.
 my out: 0.125
WARNING: Hls::stream 'outStrm' is read while empty, which may result in RTL simulation hanging.
 my out: 0.125
WARNING: Hls::stream 'outStrm' is read while empty, which may result in RTL simulation hanging.
 my out: 0.125
WARNING: Hls::stream 'outStrm' is read while empty, which may result in RTL simulation hanging.
 my out: 0.125
WARNING: Hls::stream 'outStrm' is read while empty, which may result in RTL simulation hanging.
 my out: 0.125
WARNING: Hls::stream 'outStrm' is read while empty, which may result in RTL simulation hanging.
 my out: 0.125
WARNING: Hls::stream 'outStrm' is read while empty, which may result in RTL simulation hanging.
 my out: 0.125
WARNING: Hls::stream 'outStrm' is read while empty, which may result in RTL simulation hanging.
 my out: 0.125
WARNING: Hls::stream 'outStrm' is read while empty, which may result in RTL simulation hanging.
 my out: 0.125
WARNING: Hls::stream 'outStrm' is read while empty, which may result in RTL simulation hanging.
 my out: 0.125
WARNING: Hls::stream 'outStrm' is read while empty, which may result in RTL simulation hanging.
 my out: 0.125
WARNING: Hls::stream 'outStrm' is read while empty, which may result in RTL simulation hanging.
 my out: 0.125
WARNING: Hls::stream 'outStrm' is read while empty, which may result in RTL simulation hanging.
 my out: 0.125
WARNING: Hls::stream 'outStrm' is read while empty, which may result in RTL simulation hanging.
 my out: 0.125
WARNING: Hls::stream 'outStrm' is read while empty, which may result in RTL simulation hanging.
 my out: 0.125
WARNING: Hls::stream 'outStrm' is read while empty, which may result in RTL simulation hanging.
 my out: 0.125
WARNING: Hls::stream 'outStrm' is read while empty, which may result in RTL simulation hanging.
 my out: 0.125
WARNING: Hls::stream 'outStrm' is read while empty, which may result in RTL simulation hanging.
 my out: 0.125
WARNING: Hls::stream 'outStrm' is read while empty, which may result in RTL simulation hanging.
 my out: 0.125
WARNING: Hls::stream 'outStrm' is read while empty, which may result in RTL simulation hanging.
 my out: 0.125
WARNING: Hls::stream 'outStrm' is read while empty, which may result in RTL simulation hanging.
 my out: 0.125
WARNING: Hls::stream 'outStrm' is read while empty, which may result in RTL simulation hanging.
 my out: 0.125
WARNING: Hls::stream 'outStrm' is read while empty, which may result in RTL simulation hanging.
 my out: 0.125
WARNING: Hls::stream 'outStrm' is read while empty, which may result in RTL simulation hanging.
 my out: 0.125
WARNING: Hls::stream 'outStrm' is read while empty, which may result in RTL simulation hanging.
 my out: 0.125
WARNING: Hls::stream 'outStrm' is read while empty, which may result in RTL simulation hanging.
 my out: 0.125
WARNING: Hls::stream 'outStrm' is read while empty, which may result in RTL simulation hanging.
 my out: 0.125
WARNING: Hls::stream 'outStrm' is read while empty, which may result in RTL simulation hanging.
 my out: 0.125
WARNING: Hls::stream 'outStrm' is read while empty, which may result in RTL simulation hanging.
 my out: 0.125
WARNING: Hls::stream 'outStrm' is read while empty, which may result in RTL simulation hanging.
 my out: 0.125
WARNING: Hls::stream 'outStrm' is read while empty, which may result in RTL simulation hanging.
 my out: 0.125
WARNING: Hls::stream 'outStrm' is read while empty, which may result in RTL simulation hanging.
 my out: 0.125
WARNING: Hls::stream 'outStrm' is read while empty, which may result in RTL simulation hanging.
 my out: 0.125
WARNING: Hls::stream 'outStrm' is read while empty, which may result in RTL simulation hanging.
 my out: 0.125
WARNING: Hls::stream 'outStrm' is read while empty, which may result in RTL simulation hanging.
 my out: 0.125
WARNING: Hls::stream 'outStrm' is read while empty, which may result in RTL simulation hanging.
 my out: 0.125
WARNING: Hls::stream 'outStrm' is read while empty, which may result in RTL simulation hanging.
 my out: 0.125
WARNING: Hls::stream 'outStrm' is read while empty, which may result in RTL simulation hanging.
 my out: 0.125
WARNING: Hls::stream 'outStrm' is read while empty, which may result in RTL simulation hanging.
 my out: 0.125
WARNING: Hls::stream 'outStrm' is read while empty, which may result in RTL simulation hanging.
 my out: 0.125
WARNING: Hls::stream 'outStrm' is read while empty, which may result in RTL simulation hanging.
 my out: 0.125
WARNING: Hls::stream 'outStrm' is read while empty, which may result in RTL simulation hanging.
 my out: 0.125
WARNING: Hls::stream 'outStrm' is read while empty, which may result in RTL simulation hanging.
 my out: 0.125
WARNING: Hls::stream 'outStrm' is read while empty, which may result in RTL simulation hanging.
 my out: 0.125
WARNING: Hls::stream 'outStrm' is read while empty, which may result in RTL simulation hanging.
 my out: 0.125
WARNING: Hls::stream 'outStrm' is read while empty, which may result in RTL simulation hanging.
 my out: 0.125
WARNING: Hls::stream 'outStrm' is read while empty, which may result in RTL simulation hanging.
 my out: 0.125
WARNING: Hls::stream 'outStrm' is read while empty, which may result in RTL simulation hanging.
 my out: 0.125
WARNING: Hls::stream 'outStrm' is read while empty, which may result in RTL simulation hanging.
 my out: 0.125
WARNING: Hls::stream 'outStrm' is read while empty, which may result in RTL simulation hanging.
 my out: 0.125
WARNING: Hls::stream 'outStrm' is read while empty, which may result in RTL simulation hanging.
 my out: 0.125
WARNING: Hls::stream 'outStrm' is read while empty, which may result in RTL simulation hanging.
 my out: 0.125
WARNING: Hls::stream 'outStrm' is read while empty, which may result in RTL simulation hanging.
 my out: 0.125
WARNING: Hls::stream 'outStrm' is read while empty, which may result in RTL simulation hanging.
 my out: 0.125
WARNING: Hls::stream 'outStrm' is read while empty, which may result in RTL simulation hanging.
 my out: 0.125
WARNING: Hls::stream 'outStrm' is read while empty, which may result in RTL simulation hanging.
 my out: 0.125
WARNING: Hls::stream 'outStrm' is read while empty, which may result in RTL simulation hanging.
 my out: 0.125
WARNING: Hls::stream 'outStrm' is read while empty, which may result in RTL simulation hanging.
 my out: 0.125
WARNING: Hls::stream 'outStrm' is read while empty, which may result in RTL simulation hanging.
 my out: 0.125
WARNING: Hls::stream 'outStrm' is read while empty, which may result in RTL simulation hanging.
 my out: 0.125
WARNING: Hls::stream 'outStrm' is read while empty, which may result in RTL simulation hanging.
 my out: 0.125
WARNING: Hls::stream 'outStrm' is read while empty, which may result in RTL simulation hanging.
 my out: 0.125
WARNING: Hls::stream 'outStrm' is read while empty, which may result in RTL simulation hanging.
 my out: 0.125
WARNING: Hls::stream 'outStrm' is read while empty, which may result in RTL simulation hanging.
 my out: 0.125
WARNING: Hls::stream 'outStrm' is read while empty, which may result in RTL simulation hanging.
 my out: 0.125
WARNING: Hls::stream 'outStrm' is read while empty, which may result in RTL simulation hanging.
 my out: 0.125
WARNING: Hls::stream 'outStrm' is read while empty, which may result in RTL simulation hanging.
 my out: 0.125
WARNING: Hls::stream 'outStrm' is read while empty, which may result in RTL simulation hanging.
 my out: 0.125
WARNING: Hls::stream 'outStrm' is read while empty, which may result in RTL simulation hanging.
 my out: 0.125
WARNING: Hls::stream 'outStrm' is read while empty, which may result in RTL simulation hanging.
 my out: 0.125
WARNING: Hls::stream 'outStrm' is read while empty, which may result in RTL simulation hanging.
 my out: 0.125
WARNING: Hls::stream 'outStrm' is read while empty, which may result in RTL simulation hanging.
 my out: 0.125
WARNING: Hls::stream 'outStrm' is read while empty, which may result in RTL simulation hanging.
 my out: 0.125
WARNING: Hls::stream 'outStrm' is read while empty, which may result in RTL simulation hanging.
 my out: 0.125
WARNING: Hls::stream 'outStrm' is read while empty, which may result in RTL simulation hanging.
 my out: 0.125
WARNING: Hls::stream 'outStrm' is read while empty, which may result in RTL simulation hanging.
 my out: 0.125
WARNING: Hls::stream 'outStrm' is read while empty, which may result in RTL simulation hanging.
 my out: 0.125
WARNING: Hls::stream 'outStrm' is read while empty, which may result in RTL simulation hanging.
 my out: 0.125
WARNING: Hls::stream 'outStrm' is read while empty, which may result in RTL simulation hanging.
 my out: 0.125
WARNING: Hls::stream 'outStrm' is read while empty, which may result in RTL simulation hanging.
 my out: 0.125
WARNING: Hls::stream 'outStrm' is read while empty, which may result in RTL simulation hanging.
 my out: 0.125
WARNING: Hls::stream 'outStrm' is read while empty, which may result in RTL simulation hanging.
 my out: 0.125
WARNING: Hls::stream 'outStrm' is read while empty, which may result in RTL simulation hanging.
 my out: 0.125
WARNING: Hls::stream 'outStrm' is read while empty, which may result in RTL simulation hanging.
 my out: 0.125
WARNING: Hls::stream 'outStrm' is read while empty, which may result in RTL simulation hanging.
 my out: 0.125
WARNING: Hls::stream 'outStrm' is read while empty, which may result in RTL simulation hanging.
 my out: 0.125
WARNING: Hls::stream 'outStrm' is read while empty, which may result in RTL simulation hanging.
 my out: 0.125
WARNING: Hls::stream 'outStrm' is read while empty, which may result in RTL simulation hanging.
 my out: 0.125
WARNING: Hls::stream 'outStrm' is read while empty, which may result in RTL simulation hanging.
 my out: 0.125
WARNING: Hls::stream 'outStrm' is read while empty, which may result in RTL simulation hanging.
 my out: 0.125
WARNING: Hls::stream 'outStrm' is read while empty, which may result in RTL simulation hanging.
 my out: 0.125
WARNING: Hls::stream 'outStrm' is read while empty, which may result in RTL simulation hanging.
 my out: 0.125
WARNING: Hls::stream 'outStrm' is read while empty, which may result in RTL simulation hanging.
 my out: 0.125
WARNING: Hls::stream 'outStrm' is read while empty, which may result in RTL simulation hanging.
 my out: 0.125
WARNING: Hls::stream 'outStrm' is read while empty, which may result in RTL simulation hanging.
 my out: 0.125
WARNING: Hls::stream 'outStrm' is read while empty, which may result in RTL simulation hanging.
 my out: 0.125
WARNING: Hls::stream 'outStrm' is read while empty, which may result in RTL simulation hanging.
 my out: 0.125
WARNING: Hls::stream 'outStrm' is read while empty, which may result in RTL simulation hanging.
 my out: 0.125
WARNING: Hls::stream 'outStrm' is read while empty, which may result in RTL simulation hanging.
 my out: 0.125
WARNING: Hls::stream 'outStrm' is read while empty, which may result in RTL simulation hanging.
 my out: 0.125
WARNING: Hls::stream 'outStrm' is read while empty, which may result in RTL simulation hanging.
 my out: 0.125
WARNING: Hls::stream 'outStrm' is read while empty, which may result in RTL simulation hanging.
 my out: 0.125
WARNING: Hls::stream 'outStrm' is read while empty, which may result in RTL simulation hanging.
 my out: 0.125
WARNING: Hls::stream 'outStrm' is read while empty, which may result in RTL simulation hanging.
 my out: 0.125
WARNING: Hls::stream 'outStrm' is read while empty, which may result in RTL simulation hanging.
 my out: 0.125
WARNING: Hls::stream 'outStrm' is read while empty, which may result in RTL simulation hanging.
 my out: 0.125
WARNING: Hls::stream 'outStrm' is read while empty, which may result in RTL simulation hanging.
 my out: 0.125
WARNING: Hls::stream 'outStrm' is read while empty, which may result in RTL simulation hanging.
 my out: 0.125
WARNING: Hls::stream 'outStrm' is read while empty, which may result in RTL simulation hanging.
 my out: 0.125
WARNING: Hls::stream 'outStrm' is read while empty, which may result in RTL simulation hanging.
 my out: 0.125
WARNING: Hls::stream 'outStrm' is read while empty, which may result in RTL simulation hanging.
 my out: 0.125
WARNING: Hls::stream 'outStrm' is read while empty, which may result in RTL simulation hanging.
 my out: 0.125
WARNING: Hls::stream 'outStrm' is read while empty, which may result in RTL simulation hanging.
 my out: 0.125
WARNING: Hls::stream 'outStrm' is read while empty, which may result in RTL simulation hanging.
 my out: 0.125
WARNING: Hls::stream 'outStrm' is read while empty, which may result in RTL simulation hanging.
 my out: 0.125
WARNING: Hls::stream 'outStrm' is read while empty, which may result in RTL simulation hanging.
 my out: 0.125
WARNING: Hls::stream 'outStrm' is read while empty, which may result in RTL simulation hanging.
 my out: 0.125
WARNING: Hls::stream 'outStrm' is read while empty, which may result in RTL simulation hanging.
 my out: 0.125
WARNING: Hls::stream 'outStrm' is read while empty, which may result in RTL simulation hanging.
 my out: 0.125
WARNING: Hls::stream 'outStrm' is read while empty, which may result in RTL simulation hanging.
 my out: 0.125
WARNING: Hls::stream 'outStrm' is read while empty, which may result in RTL simulation hanging.
 my out: 0.125
WARNING: Hls::stream 'outStrm' is read while empty, which may result in RTL simulation hanging.
 my out: 0.125
WARNING: Hls::stream 'outStrm' is read while empty, which may result in RTL simulation hanging.
 my out: 0.125
WARNING: Hls::stream 'outStrm' is read while empty, which may result in RTL simulation hanging.
 my out: 0.125
WARNING: Hls::stream 'outStrm' is read while empty, which may result in RTL simulation hanging.
 my out: 0.125
WARNING: Hls::stream 'outStrm' is read while empty, which may result in RTL simulation hanging.
 my out: 0.125
WARNING: Hls::stream 'outStrm' is read while empty, which may result in RTL simulation hanging.
 my out: 0.125
WARNING: Hls::stream 'outStrm' is read while empty, which may result in RTL simulation hanging.
 my out: 0.125
WARNING: Hls::stream 'outStrm' is read while empty, which may result in RTL simulation hanging.
 my out: 0.125
WARNING: Hls::stream 'outStrm' is read while empty, which may result in RTL simulation hanging.
 my out: 0.125
WARNING: Hls::stream 'outStrm' is read while empty, which may result in RTL simulation hanging.
 my out: 0.125
WARNING: Hls::stream 'outStrm' is read while empty, which may result in RTL simulation hanging.
 my out: 0.125
WARNING: Hls::stream 'outStrm' is read while empty, which may result in RTL simulation hanging.
 my out: 0.125
WARNING: Hls::stream 'outStrm' is read while empty, which may result in RTL simulation hanging.
 my out: 0.125
WARNING: Hls::stream 'outStrm' is read while empty, which may result in RTL simulation hanging.
 my out: 0.125
WARNING: Hls::stream 'outStrm' is read while empty, which may result in RTL simulation hanging.
 my out: 0.125
WARNING: Hls::stream 'outStrm' is read while empty, which may result in RTL simulation hanging.
 my out: 0.125
WARNING: Hls::stream 'outStrm' is read while empty, which may result in RTL simulation hanging.
 my out: 0.125
WARNING: Hls::stream 'outStrm' is read while empty, which may result in RTL simulation hanging.
 my out: 0.125
WARNING: Hls::stream 'outStrm' is read while empty, which may result in RTL simulation hanging.
 my out: 0.125
WARNING: Hls::stream 'outStrm' is read while empty, which may result in RTL simulation hanging.
 my out: 0.125
WARNING: Hls::stream 'outStrm' is read while empty, which may result in RTL simulation hanging.
 my out: 0.125
WARNING: Hls::stream 'outStrm' is read while empty, which may result in RTL simulation hanging.
 my out: 0.125
WARNING: Hls::stream 'outStrm' is read while empty, which may result in RTL simulation hanging.
 my out: 0.125
WARNING: Hls::stream 'outStrm' is read while empty, which may result in RTL simulation hanging.
 my out: 0.125
WARNING: Hls::stream 'outStrm' is read while empty, which may result in RTL simulation hanging.
 my out: 0.125
WARNING: Hls::stream 'outStrm' is read while empty, which may result in RTL simulation hanging.
 my out: 0.125
WARNING: Hls::stream 'outStrm' is read while empty, which may result in RTL simulation hanging.
 my out: 0.125
WARNING: Hls::stream 'outStrm' is read while empty, which may result in RTL simulation hanging.
 my out: 0.125
WARNING: Hls::stream 'outStrm' is read while empty, which may result in RTL simulation hanging.
 my out: 0.125
WARNING: Hls::stream 'outStrm' is read while empty, which may result in RTL simulation hanging.
 my out: 0.125
WARNING: Hls::stream 'outStrm' is read while empty, which may result in RTL simulation hanging.
 my out: 0.125
WARNING: Hls::stream 'outStrm' is read while empty, which may result in RTL simulation hanging.
 my out: 0.125
WARNING: Hls::stream 'outStrm' is read while empty, which may result in RTL simulation hanging.
 my out: 0.125
WARNING: Hls::stream 'outStrm' is read while empty, which may result in RTL simulation hanging.
 my out: 0.125
WARNING: Hls::stream 'outStrm' is read while empty, which may result in RTL simulation hanging.
 my out: 0.125
WARNING: Hls::stream 'outStrm' is read while empty, which may result in RTL simulation hanging.
 my out: 0.125
WARNING: Hls::stream 'outStrm' is read while empty, which may result in RTL simulation hanging.
 my out: 0.125
WARNING: Hls::stream 'outStrm' is read while empty, which may result in RTL simulation hanging.
 my out: 0.125
WARNING: Hls::stream 'outStrm' is read while empty, which may result in RTL simulation hanging.
 my out: 0.125
WARNING: Hls::stream 'outStrm' is read while empty, which may result in RTL simulation hanging.
 my out: 0.125
WARNING: Hls::stream 'outStrm' is read while empty, which may result in RTL simulation hanging.
 my out: 0.125
WARNING: Hls::stream 'outStrm' is read while empty, which may result in RTL simulation hanging.
 my out: 0.125
WARNING: Hls::stream 'outStrm' is read while empty, which may result in RTL simulation hanging.
 my out: 0.125
WARNING: Hls::stream 'outStrm' is read while empty, which may result in RTL simulation hanging.
 my out: 0.125
WARNING: Hls::stream 'outStrm' is read while empty, which may result in RTL simulation hanging.
 my out: 0.125
WARNING: Hls::stream 'outStrm' is read while empty, which may result in RTL simulation hanging.
 my out: 0.125
WARNING: Hls::stream 'outStrm' is read while empty, which may result in RTL simulation hanging.
 my out: 0.125
WARNING: Hls::stream 'outStrm' is read while empty, which may result in RTL simulation hanging.
 my out: 0.125
WARNING: Hls::stream 'outStrm' is read while empty, which may result in RTL simulation hanging.
 my out: 0.125
WARNING: Hls::stream 'outStrm' is read while empty, which may result in RTL simulation hanging.
 my out: 0.125
WARNING: Hls::stream 'outStrm' is read while empty, which may result in RTL simulation hanging.
 my out: 0.125
WARNING: Hls::stream 'outStrm' is read while empty, which may result in RTL simulation hanging.
 my out: 0.125
WARNING: Hls::stream 'outStrm' is read while empty, which may result in RTL simulation hanging.
 my out: 0.125
WARNING: Hls::stream 'outStrm' is read while empty, which may result in RTL simulation hanging.
 my out: 0.125
WARNING: Hls::stream 'outStrm' is read while empty, which may result in RTL simulation hanging.
 my out: 0.125
WARNING: Hls::stream 'outStrm' is read while empty, which may result in RTL simulation hanging.
 my out: 0.125
WARNING: Hls::stream 'outStrm' is read while empty, which may result in RTL simulation hanging.
 my out: 0.125
WARNING: Hls::stream 'outStrm' is read while empty, which may result in RTL simulation hanging.
 my out: 0.125
WARNING: Hls::stream 'outStrm' is read while empty, which may result in RTL simulation hanging.
 my out: 0.125
WARNING: Hls::stream 'outStrm' is read while empty, which may result in RTL simulation hanging.
 my out: 0.125
WARNING: Hls::stream 'outStrm' is read while empty, which may result in RTL simulation hanging.
 my out: 0.125
WARNING: Hls::stream 'outStrm' is read while empty, which may result in RTL simulation hanging.
 my out: 0.125
WARNING: Hls::stream 'outStrm' is read while empty, which may result in RTL simulation hanging.
 my out: 0.125
WARNING: Hls::stream 'outStrm' is read while empty, which may result in RTL simulation hanging.
 my out: 0.125
WARNING: Hls::stream 'outStrm' is read while empty, which may result in RTL simulation hanging.
 my out: 0.125
WARNING: Hls::stream 'outStrm' is read while empty, which may result in RTL simulation hanging.
 my out: 0.125
WARNING: Hls::stream 'outStrm' is read while empty, which may result in RTL simulation hanging.
 my out: 0.125
WARNING: Hls::stream 'outStrm' is read while empty, which may result in RTL simulation hanging.
 my out: 0.125
WARNING: Hls::stream 'outStrm' is read while empty, which may result in RTL simulation hanging.
 my out: 0.125
WARNING: Hls::stream 'outStrm' is read while empty, which may result in RTL simulation hanging.
 my out: 0.125
WARNING: Hls::stream 'outStrm' is read while empty, which may result in RTL simulation hanging.
 my out: 0.125
WARNING: Hls::stream 'outStrm' is read while empty, which may result in RTL simulation hanging.
 my out: 0.125
WARNING: Hls::stream 'outStrm' is read while empty, which may result in RTL simulation hanging.
 my out: 0.125
WARNING: Hls::stream 'outStrm' is read while empty, which may result in RTL simulation hanging.
 my out: 0.125
WARNING: Hls::stream 'outStrm' is read while empty, which may result in RTL simulation hanging.
 my out: 0.125
WARNING: Hls::stream 'outStrm' is read while empty, which may result in RTL simulation hanging.
 my out: 0.125
WARNING: Hls::stream 'outStrm' is read while empty, which may result in RTL simulation hanging.
 my out: 0.125
WARNING: Hls::stream 'outStrm' is read while empty, which may result in RTL simulation hanging.
 my out: 0.125
WARNING: Hls::stream 'outStrm' is read while empty, which may result in RTL simulation hanging.
 my out: 0.125
WARNING: Hls::stream 'outStrm' is read while empty, which may result in RTL simulation hanging.
 my out: 0.125
WARNING: Hls::stream 'outStrm' is read while empty, which may result in RTL simulation hanging.
 my out: 0.125
WARNING: Hls::stream 'outStrm' is read while empty, which may result in RTL simulation hanging.
 my out: 0.125
WARNING: Hls::stream 'outStrm' is read while empty, which may result in RTL simulation hanging.
 my out: 0.125
WARNING: Hls::stream 'outStrm' is read while empty, which may result in RTL simulation hanging.
 my out: 0.125
WARNING: Hls::stream 'outStrm' is read while empty, which may result in RTL simulation hanging.
 my out: 0.125
WARNING: Hls::stream 'outStrm' is read while empty, which may result in RTL simulation hanging.
 my out: 0.125
WARNING: Hls::stream 'outStrm' is read while empty, which may result in RTL simulation hanging.
 my out: 0.125
WARNING: Hls::stream 'outStrm' is read while empty, which may result in RTL simulation hanging.
 my out: 0.125
WARNING: Hls::stream 'outStrm' is read while empty, which may result in RTL simulation hanging.
 my out: 0.125
WARNING: Hls::stream 'outStrm' is read while empty, which may result in RTL simulation hanging.
 my out: 0.125
WARNING: Hls::stream 'outStrm' is read while empty, which may result in RTL simulation hanging.
 my out: 0.125
WARNING: Hls::stream 'outStrm' is read while empty, which may result in RTL simulation hanging.
 my out: 0.125
WARNING: Hls::stream 'outStrm' is read while empty, which may result in RTL simulation hanging.
 my out: 0.125
WARNING: Hls::stream 'outStrm' is read while empty, which may result in RTL simulation hanging.
 my out: 0.125
WARNING: Hls::stream 'outStrm' is read while empty, which may result in RTL simulation hanging.
 my out: 0.125
WARNING: Hls::stream 'outStrm' is read while empty, which may result in RTL simulation hanging.
 my out: 0.125
WARNING: Hls::stream 'outStrm' is read while empty, which may result in RTL simulation hanging.
 my out: 0.125
WARNING: Hls::stream 'outStrm' is read while empty, which may result in RTL simulation hanging.
 my out: 0.125
WARNING: Hls::stream 'outStrm' is read while empty, which may result in RTL simulation hanging.
 my out: 0.125
WARNING: Hls::stream 'outStrm' is read while empty, which may result in RTL simulation hanging.
 my out: 0.125
WARNING: Hls::stream 'outStrm' is read while empty, which may result in RTL simulation hanging.
 my out: 0.125
WARNING: Hls::stream 'outStrm' is read while empty, which may result in RTL simulation hanging.
 my out: 0.125
WARNING: Hls::stream 'outStrm' is read while empty, which may result in RTL simulation hanging.
 my out: 0.125
WARNING: Hls::stream 'outStrm' is read while empty, which may result in RTL simulation hanging.
 my out: 0.125
WARNING: Hls::stream 'outStrm' is read while empty, which may result in RTL simulation hanging.
 my out: 0.125
WARNING: Hls::stream 'outStrm' is read while empty, which may result in RTL simulation hanging.
 my out: 0.125
WARNING: Hls::stream 'outStrm' is read while empty, which may result in RTL simulation hanging.
 my out: 0.125
WARNING: Hls::stream 'outStrm' is read while empty, which may result in RTL simulation hanging.
 my out: 0.125
WARNING: Hls::stream 'outStrm' is read while empty, which may result in RTL simulation hanging.
 my out: 0.125
WARNING: Hls::stream 'outStrm' is read while empty, which may result in RTL simulation hanging.
 my out: 0.125
WARNING: Hls::stream 'outStrm' is read while empty, which may result in RTL simulation hanging.
 my out: 0.125
WARNING: Hls::stream 'outStrm' is read while empty, which may result in RTL simulation hanging.
 my out: 0.125
WARNING: Hls::stream 'outStrm' is read while empty, which may result in RTL simulation hanging.
 my out: 0.125
WARNING: Hls::stream 'outStrm' is read while empty, which may result in RTL simulation hanging.
 my out: 0.125
WARNING: Hls::stream 'outStrm' is read while empty, which may result in RTL simulation hanging.
 my out: 0.125
WARNING: Hls::stream 'outStrm' is read while empty, which may result in RTL simulation hanging.
 my out: 0.125
WARNING: Hls::stream 'outStrm' is read while empty, which may result in RTL simulation hanging.
 my out: 0.125
WARNING: Hls::stream 'outStrm' is read while empty, which may result in RTL simulation hanging.
 my out: 0.125
WARNING: Hls::stream 'outStrm' is read while empty, which may result in RTL simulation hanging.
 my out: 0.125
WARNING: Hls::stream 'outStrm' is read while empty, which may result in RTL simulation hanging.
 my out: 0.125
WARNING: Hls::stream 'outStrm' is read while empty, which may result in RTL simulation hanging.
 my out: 0.125
WARNING: Hls::stream 'outStrm' is read while empty, which may result in RTL simulation hanging.
 my out: 0.125
WARNING: Hls::stream 'outStrm' is read while empty, which may result in RTL simulation hanging.
 my out: 0.125
WARNING: Hls::stream 'outStrm' is read while empty, which may result in RTL simulation hanging.
 my out: 0.125
WARNING: Hls::stream 'outStrm' is read while empty, which may result in RTL simulation hanging.
 my out: 0.125
WARNING: Hls::stream 'outStrm' is read while empty, which may result in RTL simulation hanging.
 my out: 0.125
WARNING: Hls::stream 'outStrm' is read while empty, which may result in RTL simulation hanging.
 my out: 0.125
WARNING: Hls::stream 'outStrm' is read while empty, which may result in RTL simulation hanging.
 my out: 0.125
WARNING: Hls::stream 'outStrm' is read while empty, which may result in RTL simulation hanging.
 my out: 0.125
WARNING: Hls::stream 'outStrm' is read while empty, which may result in RTL simulation hanging.
 my out: 0.125
WARNING: Hls::stream 'outStrm' is read while empty, which may result in RTL simulation hanging.
 my out: 0.125
WARNING: Hls::stream 'outStrm' is read while empty, which may result in RTL simulation hanging.
 my out: 0.125
WARNING: Hls::stream 'outStrm' is read while empty, which may result in RTL simulation hanging.
 my out: 0.125
WARNING: Hls::stream 'outStrm' is read while empty, which may result in RTL simulation hanging.
 my out: 0.125
WARNING: Hls::stream 'outStrm' is read while empty, which may result in RTL simulation hanging.
 my out: 0.125
WARNING: Hls::stream 'outStrm' is read while empty, which may result in RTL simulation hanging.
 my out: 0.125
WARNING: Hls::stream 'outStrm' is read while empty, which may result in RTL simulation hanging.
 my out: 0.125
WARNING: Hls::stream 'outStrm' is read while empty, which may result in RTL simulation hanging.
 my out: 0.125
WARNING: Hls::stream 'outStrm' is read while empty, which may result in RTL simulation hanging.
 my out: 0.125
WARNING: Hls::stream 'outStrm' is read while empty, which may result in RTL simulation hanging.
 my out: 0.125
WARNING: Hls::stream 'outStrm' is read while empty, which may result in RTL simulation hanging.
 my out: 0.125
WARNING: Hls::stream 'outStrm' is read while empty, which may result in RTL simulation hanging.
 my out: 0.125
WARNING: Hls::stream 'outStrm' is read while empty, which may result in RTL simulation hanging.
 my out: 0.125
WARNING: Hls::stream 'outStrm' is read while empty, which may result in RTL simulation hanging.
 my out: 0.125
WARNING: Hls::stream 'outStrm' is read while empty, which may result in RTL simulation hanging.
 my out: 0.125
WARNING: Hls::stream 'outStrm' is read while empty, which may result in RTL simulation hanging.
 my out: 0.125
WARNING: Hls::stream 'outStrm' is read while empty, which may result in RTL simulation hanging.
 my out: 0.125
WARNING: Hls::stream 'outStrm' is read while empty, which may result in RTL simulation hanging.
 my out: 0.125
WARNING: Hls::stream 'outStrm' is read while empty, which may result in RTL simulation hanging.
 my out: 0.125
WARNING: Hls::stream 'outStrm' is read while empty, which may result in RTL simulation hanging.
 my out: 0.125
WARNING: Hls::stream 'outStrm' is read while empty, which may result in RTL simulation hanging.
 my out: 0.125
WARNING: Hls::stream 'outStrm' is read while empty, which may result in RTL simulation hanging.
 my out: 0.125
WARNING: Hls::stream 'outStrm' is read while empty, which may result in RTL simulation hanging.
 my out: 0.125
WARNING: Hls::stream 'outStrm' is read while empty, which may result in RTL simulation hanging.
 my out: 0.125
WARNING: Hls::stream 'outStrm' is read while empty, which may result in RTL simulation hanging.
 my out: 0.125
WARNING: Hls::stream 'outStrm' is read while empty, which may result in RTL simulation hanging.
 my out: 0.125
WARNING: Hls::stream 'outStrm' is read while empty, which may result in RTL simulation hanging.
 my out: 0.125
WARNING: Hls::stream 'outStrm' is read while empty, which may result in RTL simulation hanging.
 my out: 0.125
WARNING: Hls::stream 'outStrm' is read while empty, which may result in RTL simulation hanging.
 my out: 0.125
WARNING: Hls::stream 'outStrm' is read while empty, which may result in RTL simulation hanging.
 my out: 0.125
WARNING: Hls::stream 'outStrm' is read while empty, which may result in RTL simulation hanging.
 my out: 0.125
WARNING: Hls::stream 'outStrm' is read while empty, which may result in RTL simulation hanging.
 my out: 0.125
WARNING: Hls::stream 'outStrm' is read while empty, which may result in RTL simulation hanging.
 my out: 0.125
WARNING: Hls::stream 'outStrm' is read while empty, which may result in RTL simulation hanging.
 my out: 0.125
WARNING: Hls::stream 'outStrm' is read while empty, which may result in RTL simulation hanging.
 my out: 0.125
WARNING: Hls::stream 'outStrm' is read while empty, which may result in RTL simulation hanging.
 my out: 0.125
WARNING: Hls::stream 'outStrm' is read while empty, which may result in RTL simulation hanging.
 my out: 0.125
WARNING: Hls::stream 'outStrm' is read while empty, which may result in RTL simulation hanging.
 my out: 0.125
WARNING: Hls::stream 'outStrm' is read while empty, which may result in RTL simulation hanging.
 my out: 0.125
WARNING: Hls::stream 'outStrm' is read while empty, which may result in RTL simulation hanging.
 my out: 0.125
WARNING: Hls::stream 'outStrm' is read while empty, which may result in RTL simulation hanging.
 my out: 0.125
WARNING: Hls::stream 'outStrm' is read while empty, which may result in RTL simulation hanging.
 my out: 0.125
WARNING: Hls::stream 'outStrm' is read while empty, which may result in RTL simulation hanging.
 my out: 0.125
WARNING: Hls::stream 'outStrm' is read while empty, which may result in RTL simulation hanging.
 my out: 0.125
WARNING: Hls::stream 'outStrm' is read while empty, which may result in RTL simulation hanging.
 my out: 0.125
WARNING: Hls::stream 'outStrm' is read while empty, which may result in RTL simulation hanging.
 my out: 0.125
WARNING: Hls::stream 'outStrm' is read while empty, which may result in RTL simulation hanging.
 my out: 0.125
WARNING: Hls::stream 'outStrm' is read while empty, which may result in RTL simulation hanging.
 my out: 0.125
WARNING: Hls::stream 'outStrm' is read while empty, which may result in RTL simulation hanging.
 my out: 0.125
WARNING: Hls::stream 'outStrm' is read while empty, which may result in RTL simulation hanging.
 my out: 0.125
WARNING: Hls::stream 'outStrm' is read while empty, which may result in RTL simulation hanging.
 my out: 0.125
WARNING: Hls::stream 'outStrm' is read while empty, which may result in RTL simulation hanging.
 my out: 0.125
WARNING: Hls::stream 'outStrm' is read while empty, which may result in RTL simulation hanging.
 my out: 0.125
WARNING: Hls::stream 'outStrm' is read while empty, which may result in RTL simulation hanging.
 my out: 0.125
WARNING: Hls::stream 'outStrm' is read while empty, which may result in RTL simulation hanging.
 my out: 0.125
WARNING: Hls::stream 'outStrm' is read while empty, which may result in RTL simulation hanging.
 my out: 0.125
WARNING: Hls::stream 'outStrm' is read while empty, which may result in RTL simulation hanging.
 my out: 0.125
WARNING: Hls::stream 'outStrm' is read while empty, which may result in RTL simulation hanging.
 my out: 0.125
WARNING: Hls::stream 'outStrm' is read while empty, which may result in RTL simulation hanging.
 my out: 0.125
WARNING: Hls::stream 'outStrm' is read while empty, which may result in RTL simulation hanging.
 my out: 0.125
WARNING: Hls::stream 'outStrm' is read while empty, which may result in RTL simulation hanging.
 my out: 0.125
WARNING: Hls::stream 'outStrm' is read while empty, which may result in RTL simulation hanging.
 my out: 0.125
WARNING: Hls::stream 'outStrm' is read while empty, which may result in RTL simulation hanging.
 my out: 0.125
WARNING: Hls::stream 'outStrm' is read while empty, which may result in RTL simulation hanging.
 my out: 0.125
WARNING: Hls::stream 'outStrm' is read while empty, which may result in RTL simulation hanging.
 my out: 0.125
WARNING: Hls::stream 'outStrm' is read while empty, which may result in RTL simulation hanging.
 my out: 0.125
WARNING: Hls::stream 'outStrm' is read while empty, which may result in RTL simulation hanging.
 my out: 0.125
WARNING: Hls::stream 'outStrm' is read while empty, which may result in RTL simulation hanging.
 my out: 0.125
WARNING: Hls::stream 'outStrm' is read while empty, which may result in RTL simulation hanging.
 my out: 0.125
WARNING: Hls::stream 'outStrm' is read while empty, which may result in RTL simulation hanging.
 my out: 0.125
WARNING: Hls::stream 'outStrm' is read while empty, which may result in RTL simulation hanging.
 my out: 0.125
WARNING: Hls::stream 'outStrm' is read while empty, which may result in RTL simulation hanging.
 my out: 0.125
WARNING: Hls::stream 'outStrm' is read while empty, which may result in RTL simulation hanging.
 my out: 0.125
WARNING: Hls::stream 'outStrm' is read while empty, which may result in RTL simulation hanging.
 my out: 0.125
WARNING: Hls::stream 'outStrm' is read while empty, which may result in RTL simulation hanging.
 my out: 0.125
WARNING: Hls::stream 'outStrm' is read while empty, which may result in RTL simulation hanging.
 my out: 0.125
WARNING: Hls::stream 'outStrm' is read while empty, which may result in RTL simulation hanging.
 my out: 0.125
WARNING: Hls::stream 'outStrm' is read while empty, which may result in RTL simulation hanging.
 my out: 0.125
WARNING: Hls::stream 'outStrm' is read while empty, which may result in RTL simulation hanging.
 my out: 0.125
WARNING: Hls::stream 'outStrm' is read while empty, which may result in RTL simulation hanging.
 my out: 0.125
WARNING: Hls::stream 'outStrm' is read while empty, which may result in RTL simulation hanging.
 my out: 0.125
 my out: 0.851562 my out: 0.960938

Class: 27 - radio
Probability: 0.960938
INFO: [SIM 1] CSim done with 0 errors.
INFO: [SIM 3] *************** CSIM finish ***************
